2025-06-03T00:09:05.501-03:00  INFO 5040 --- [zlog_compras] [main] c.z.ZlogComprasApplicationTests          : Starting ZlogComprasApplicationTests using Java 21.0.7 with PID 5040 (started by DELL in C:\Users\DELL\ZLOG_COMPRAS\ZLOG_COMPRAS)
2025-06-03T00:09:05.511-03:00  INFO 5040 --- [zlog_compras] [main] c.z.ZlogComprasApplicationTests          : No active profile set, falling back to 1 default profile: "default"
2025-06-03T00:09:05.558-03:00 DEBUG 5040 --- [zlog_compras] [main] o.s.w.c.s.GenericWebApplicationContext   : Refreshing org.springframework.web.context.support.GenericWebApplicationContext@4998e74b
2025-06-03T00:09:06.666-03:00  INFO 5040 --- [zlog_compras] [main] .s.d.r.c.RepositoryConfigurationDelegate : Bootstrapping Spring Data JPA repositories in DEFAULT mode.
2025-06-03T00:09:06.824-03:00  INFO 5040 --- [zlog_compras] [main] .s.d.r.c.RepositoryConfigurationDelegate : Finished Spring Data repository scanning in 142 ms. Found 11 JPA repository interfaces.
2025-06-03T00:09:07.695-03:00 DEBUG 5040 --- [zlog_compras] [main] j.LocalContainerEntityManagerFactoryBean : Building JPA container EntityManagerFactory for persistence unit 'default'
2025-06-03T00:09:07.731-03:00  INFO 5040 --- [zlog_compras] [main] o.hibernate.jpa.internal.util.LogHelper  : HHH000204: Processing PersistenceUnitInfo [name: default]
2025-06-03T00:09:07.852-03:00  INFO 5040 --- [zlog_compras] [main] org.hibernate.Version                    : HHH000412: Hibernate ORM core version 6.4.4.Final
2025-06-03T00:09:07.925-03:00  INFO 5040 --- [zlog_compras] [main] o.h.c.internal.RegionFactoryInitiator    : HHH000026: Second-level cache disabled
2025-06-03T00:09:08.080-03:00  INFO 5040 --- [zlog_compras] [main] o.s.o.j.p.SpringPersistenceUnitInfo      : No LoadTimeWeaver setup: ignoring JPA class transformer
2025-06-03T00:09:08.110-03:00  INFO 5040 --- [zlog_compras] [main] com.zaxxer.hikari.HikariDataSource       : HikariPool-1 - Starting...
2025-06-03T00:09:08.616-03:00  INFO 5040 --- [zlog_compras] [main] com.zaxxer.hikari.pool.HikariPool        : HikariPool-1 - Added connection com.mysql.cj.jdbc.ConnectionImpl@22b10124
2025-06-03T00:09:08.618-03:00  INFO 5040 --- [zlog_compras] [main] com.zaxxer.hikari.HikariDataSource       : HikariPool-1 - Start completed.
2025-06-03T00:09:08.693-03:00  WARN 5040 --- [zlog_compras] [main] org.hibernate.orm.deprecation            : HHH90000025: MySQLDialect does not need to be specified explicitly using 'hibernate.dialect' (remove the property setting and it will be selected by default)
2025-06-03T00:09:09.905-03:00  INFO 5040 --- [zlog_compras] [main] o.h.e.t.j.p.i.JtaPlatformInitiator       : HHH000489: No JTA platform available (set 'hibernate.transaction.jta.platform' to enable JTA platform integration)
2025-06-03T00:09:10.097-03:00  INFO 5040 --- [zlog_compras] [main] j.LocalContainerEntityManagerFactoryBean : Initialized JPA EntityManagerFactory for persistence unit 'default'
2025-06-03T00:09:10.162-03:00 DEBUG 5040 --- [zlog_compras] [main] .c.JpaMetamodelMappingContextFactoryBean : Initializing JpaMetamodelMappingContext…
2025-06-03T00:09:10.183-03:00 DEBUG 5040 --- [zlog_compras] [main] .c.JpaMetamodelMappingContextFactoryBean : Finished initializing JpaMetamodelMappingContext
2025-06-03T00:09:10.223-03:00 DEBUG 5040 --- [zlog_compras] [main] tor$SharedEntityManagerInvocationHandler : Creating new EntityManager for shared EntityManager invocation
2025-06-03T00:09:10.273-03:00 DEBUG 5040 --- [zlog_compras] [main] tor$SharedEntityManagerInvocationHandler : Creating new EntityManager for shared EntityManager invocation
2025-06-03T00:09:10.352-03:00 DEBUG 5040 --- [zlog_compras] [main] tor$SharedEntityManagerInvocationHandler : Creating new EntityManager for shared EntityManager invocation
2025-06-03T00:09:10.407-03:00 DEBUG 5040 --- [zlog_compras] [main] o.s.d.jpa.repository.query.NamedQuery    : Looking up named query Estoque.findByProduto_CodigoProduto
2025-06-03T00:09:10.411-03:00 DEBUG 5040 --- [zlog_compras] [main] o.s.d.jpa.repository.query.NamedQuery    : Did not find named query Estoque.findByProduto_CodigoProduto
2025-06-03T00:09:10.417-03:00 DEBUG 5040 --- [zlog_compras] [main] tor$SharedEntityManagerInvocationHandler : Creating new EntityManager for shared EntityManager invocation
2025-06-03T00:09:10.477-03:00 DEBUG 5040 --- [zlog_compras] [main] o.s.d.jpa.repository.query.NamedQuery    : Looking up named query Estoque.findByProduto
2025-06-03T00:09:10.478-03:00 DEBUG 5040 --- [zlog_compras] [main] o.s.d.jpa.repository.query.NamedQuery    : Did not find named query Estoque.findByProduto
2025-06-03T00:09:10.478-03:00 DEBUG 5040 --- [zlog_compras] [main] tor$SharedEntityManagerInvocationHandler : Creating new EntityManager for shared EntityManager invocation
2025-06-03T00:09:10.488-03:00 DEBUG 5040 --- [zlog_compras] [main] tor$SharedEntityManagerInvocationHandler : Creating new EntityManager for shared EntityManager invocation
2025-06-03T00:09:10.489-03:00 DEBUG 5040 --- [zlog_compras] [main] tor$SharedEntityManagerInvocationHandler : Creating new EntityManager for shared EntityManager invocation
2025-06-03T00:09:10.492-03:00 DEBUG 5040 --- [zlog_compras] [main] o.s.d.jpa.repository.query.NamedQuery    : Looking up named query Produto.findByCodigoProduto
2025-06-03T00:09:10.492-03:00 DEBUG 5040 --- [zlog_compras] [main] o.s.d.jpa.repository.query.NamedQuery    : Did not find named query Produto.findByCodigoProduto
2025-06-03T00:09:10.492-03:00 DEBUG 5040 --- [zlog_compras] [main] tor$SharedEntityManagerInvocationHandler : Creating new EntityManager for shared EntityManager invocation
2025-06-03T00:09:10.954-03:00 DEBUG 5040 --- [zlog_compras] [main] tor$SharedEntityManagerInvocationHandler : Creating new EntityManager for shared EntityManager invocation
2025-06-03T00:09:10.958-03:00 DEBUG 5040 --- [zlog_compras] [main] tor$SharedEntityManagerInvocationHandler : Creating new EntityManager for shared EntityManager invocation
2025-06-03T00:09:10.960-03:00 DEBUG 5040 --- [zlog_compras] [main] o.s.d.jpa.repository.query.NamedQuery    : Looking up named query Fornecedor.findByCnpj
2025-06-03T00:09:10.961-03:00 DEBUG 5040 --- [zlog_compras] [main] o.s.d.jpa.repository.query.NamedQuery    : Did not find named query Fornecedor.findByCnpj
2025-06-03T00:09:10.961-03:00 DEBUG 5040 --- [zlog_compras] [main] tor$SharedEntityManagerInvocationHandler : Creating new EntityManager for shared EntityManager invocation
2025-06-03T00:09:10.977-03:00 DEBUG 5040 --- [zlog_compras] [main] tor$SharedEntityManagerInvocationHandler : Creating new EntityManager for shared EntityManager invocation
2025-06-03T00:09:10.996-03:00 DEBUG 5040 --- [zlog_compras] [main] tor$SharedEntityManagerInvocationHandler : Creating new EntityManager for shared EntityManager invocation
2025-06-03T00:09:10.998-03:00 DEBUG 5040 --- [zlog_compras] [main] o.s.d.jpa.repository.query.NamedQuery    : Looking up named query Orcamento.findBySolicitacaoCompraIdAndIdNot
2025-06-03T00:09:10.998-03:00 DEBUG 5040 --- [zlog_compras] [main] o.s.d.jpa.repository.query.NamedQuery    : Did not find named query Orcamento.findBySolicitacaoCompraIdAndIdNot
2025-06-03T00:09:10.999-03:00 DEBUG 5040 --- [zlog_compras] [main] tor$SharedEntityManagerInvocationHandler : Creating new EntityManager for shared EntityManager invocation
2025-06-03T00:09:11.003-03:00 DEBUG 5040 --- [zlog_compras] [main] o.s.d.jpa.repository.query.NamedQuery    : Looking up named query Orcamento.findByStatus
2025-06-03T00:09:11.004-03:00 DEBUG 5040 --- [zlog_compras] [main] o.s.d.jpa.repository.query.NamedQuery    : Did not find named query Orcamento.findByStatus
2025-06-03T00:09:11.004-03:00 DEBUG 5040 --- [zlog_compras] [main] tor$SharedEntityManagerInvocationHandler : Creating new EntityManager for shared EntityManager invocation
2025-06-03T00:09:11.005-03:00 DEBUG 5040 --- [zlog_compras] [main] o.s.d.jpa.repository.query.NamedQuery    : Looking up named query Orcamento.findByFornecedor_Id
2025-06-03T00:09:11.006-03:00 DEBUG 5040 --- [zlog_compras] [main] o.s.d.jpa.repository.query.NamedQuery    : Did not find named query Orcamento.findByFornecedor_Id
2025-06-03T00:09:11.007-03:00 DEBUG 5040 --- [zlog_compras] [main] tor$SharedEntityManagerInvocationHandler : Creating new EntityManager for shared EntityManager invocation
2025-06-03T00:09:11.008-03:00 DEBUG 5040 --- [zlog_compras] [main] o.s.d.jpa.repository.query.NamedQuery    : Looking up named query Orcamento.findByDataCotacaoBetween
2025-06-03T00:09:11.008-03:00 DEBUG 5040 --- [zlog_compras] [main] o.s.d.jpa.repository.query.NamedQuery    : Did not find named query Orcamento.findByDataCotacaoBetween
2025-06-03T00:09:11.009-03:00 DEBUG 5040 --- [zlog_compras] [main] tor$SharedEntityManagerInvocationHandler : Creating new EntityManager for shared EntityManager invocation
2025-06-03T00:09:11.012-03:00 DEBUG 5040 --- [zlog_compras] [main] o.s.d.jpa.repository.query.NamedQuery    : Looking up named query Orcamento.findBySolicitacaoCompra_Id
2025-06-03T00:09:11.012-03:00 DEBUG 5040 --- [zlog_compras] [main] o.s.d.jpa.repository.query.NamedQuery    : Did not find named query Orcamento.findBySolicitacaoCompra_Id
2025-06-03T00:09:11.012-03:00 DEBUG 5040 --- [zlog_compras] [main] tor$SharedEntityManagerInvocationHandler : Creating new EntityManager for shared EntityManager invocation
2025-06-03T00:09:11.014-03:00 DEBUG 5040 --- [zlog_compras] [main] o.s.d.jpa.repository.query.NamedQuery    : Looking up named query Orcamento.findBySolicitacaoCompraId
2025-06-03T00:09:11.014-03:00 DEBUG 5040 --- [zlog_compras] [main] o.s.d.jpa.repository.query.NamedQuery    : Did not find named query Orcamento.findBySolicitacaoCompraId
2025-06-03T00:09:11.014-03:00 DEBUG 5040 --- [zlog_compras] [main] tor$SharedEntityManagerInvocationHandler : Creating new EntityManager for shared EntityManager invocation
2025-06-03T00:09:11.021-03:00 DEBUG 5040 --- [zlog_compras] [main] tor$SharedEntityManagerInvocationHandler : Creating new EntityManager for shared EntityManager invocation
2025-06-03T00:09:11.021-03:00 DEBUG 5040 --- [zlog_compras] [main] tor$SharedEntityManagerInvocationHandler : Creating new EntityManager for shared EntityManager invocation
2025-06-03T00:09:11.032-03:00 DEBUG 5040 --- [zlog_compras] [main] tor$SharedEntityManagerInvocationHandler : Creating new EntityManager for shared EntityManager invocation
2025-06-03T00:09:11.038-03:00 DEBUG 5040 --- [zlog_compras] [main] tor$SharedEntityManagerInvocationHandler : Creating new EntityManager for shared EntityManager invocation
2025-06-03T00:09:11.098-03:00 DEBUG 5040 --- [zlog_compras] [main] tor$SharedEntityManagerInvocationHandler : Creating new EntityManager for shared EntityManager invocation
2025-06-03T00:09:11.099-03:00 DEBUG 5040 --- [zlog_compras] [main] tor$SharedEntityManagerInvocationHandler : Creating new EntityManager for shared EntityManager invocation
2025-06-03T00:09:11.100-03:00 DEBUG 5040 --- [zlog_compras] [main] o.s.d.jpa.repository.query.NamedQuery    : Looking up named query ItemSolicitacaoCompra.findBySolicitacaoCompraId
2025-06-03T00:09:11.100-03:00 DEBUG 5040 --- [zlog_compras] [main] o.s.d.jpa.repository.query.NamedQuery    : Did not find named query ItemSolicitacaoCompra.findBySolicitacaoCompraId
2025-06-03T00:09:11.101-03:00 DEBUG 5040 --- [zlog_compras] [main] tor$SharedEntityManagerInvocationHandler : Creating new EntityManager for shared EntityManager invocation
2025-06-03T00:09:11.351-03:00  WARN 5040 --- [zlog_compras] [main] JpaBaseConfiguration$JpaWebConfiguration : spring.jpa.open-in-view is enabled by default. Therefore, database queries may be performed during view rendering. Explicitly configure spring.jpa.open-in-view to disable this warning
2025-06-03T00:09:11.447-03:00 TRACE 5040 --- [zlog_compras] [main] s.w.s.m.m.a.RequestMappingHandlerMapping : 
	c.z.c.EstoqueController:
	{DELETE [/api/estoques/{id}]}: deletarEstoque(Long)
	{POST [/api/estoques]}: criarEstoque(EstoqueRequestDTO)
	{PUT [/api/estoques/{id}]}: atualizarEstoque(Long,EstoqueRequestDTO)
	{GET [/api/estoques/{id}]}: buscarEstoquePorId(Long)
	{GET [/api/estoques/produto/{codigoProduto}]}: buscarEstoquePorCodigoProduto(String)
	{PUT [/api/estoques/{id}/adicionar-quantidade]}: adicionarQuantidadeEstoque(Long,EstoqueMovimentacaoDTO)
	{PUT [/api/estoques/{id}/retirar-quantidade]}: retirarQuantidadeEstoque(Long,EstoqueMovimentacaoDTO)
	{POST [/api/estoques/batch]}: criarMultiplosEstoques(List)
	{GET [/api/estoques]}: listarTodosEstoques()
2025-06-03T00:09:11.459-03:00 TRACE 5040 --- [zlog_compras] [main] s.w.s.m.m.a.RequestMappingHandlerMapping : 
	c.z.c.FornecedorController:
	{POST [/api/fornecedores]}: criarFornecedor(FornecedorRequestDTO)
	{DELETE [/api/fornecedores/{id}]}: deletarFornecedor(Long)
	{GET [/api/fornecedores]}: listarTodosFornecedores()
	{GET [/api/fornecedores/{id}]}: buscarFornecedorPorId(Long)
	{PUT [/api/fornecedores/{id}]}: atualizarFornecedor(Long,FornecedorRequestDTO)
2025-06-03T00:09:11.463-03:00 TRACE 5040 --- [zlog_compras] [main] s.w.s.m.m.a.RequestMappingHandlerMapping : 
	c.z.c.OrcamentoController:
	{PATCH [/api/orcamentos/{id}/aprovar]}: aprovarOrcamento(Long)
	{POST [/api/orcamentos]}: criarOrcamento(OrcamentoRequestDTO)
	{PUT [/api/orcamentos/{id}]}: atualizarOrcamento(Long,OrcamentoRequestDTO)
	{DELETE [/api/orcamentos/{id}]}: deletarOrcamento(Long)
	{GET [/api/orcamentos]}: listarTodosOrcamentos()
	{GET [/api/orcamentos/{id}]}: buscarOrcamentoPorId(Long)
2025-06-03T00:09:11.465-03:00 TRACE 5040 --- [zlog_compras] [main] s.w.s.m.m.a.RequestMappingHandlerMapping : 
	c.z.c.PedidoCompraController:
	{POST [/api/pedidos-compra]}: criarPedidoCompra(PedidoCompra)
	{GET [/api/pedidos-compra/{id}]}: buscarPedidoCompraPorId(Long)
	{PUT [/api/pedidos-compra/{id}]}: atualizarPedidoCompra(Long,PedidoCompra)
	{GET [/api/pedidos-compra]}: listarTodosPedidosCompra()
	{PUT [/api/pedidos-compra/{id}/status]}: atualizarStatusPedidoCompra(Long,String)
2025-06-03T00:09:11.468-03:00 TRACE 5040 --- [zlog_compras] [main] s.w.s.m.m.a.RequestMappingHandlerMapping : 
	c.z.c.ProcessoCompraController:
	{POST [/api/processo-compra/iniciar/{solicitacaoId}]}: iniciarProcessoCompra(Long)
2025-06-03T00:09:11.469-03:00 TRACE 5040 --- [zlog_compras] [main] s.w.s.m.m.a.RequestMappingHandlerMapping : 
	c.z.c.ProdutoController:
	{POST [/api/produtos]}: criarProduto(ProdutoRequestDTO)
	{GET [/api/produtos/{id}]}: buscarProdutoPorId(Long)
	{DELETE [/api/produtos/{id}]}: deletarProduto(Long)
	{PUT [/api/produtos/{id}]}: atualizarProduto(Long,ProdutoRequestDTO)
	{GET [/api/produtos]}: listarTodosProdutos()
	{POST [/api/produtos/multiplos]}: criarMultiplosProdutos(List)
2025-06-03T00:09:11.473-03:00 TRACE 5040 --- [zlog_compras] [main] s.w.s.m.m.a.RequestMappingHandlerMapping : 
	c.z.c.SolicitacaoCompraController:
	{POST [/api/solicitacoes-compra]}: criarSolicitacao(SolicitacaoCompraRequestDTO)
	{PUT [/api/solicitacoes-compra/{id}]}: atualizarSolicitacao(Long,SolicitacaoCompraRequestDTO)
	{GET [/api/solicitacoes-compra/{id}]}: buscarSolicitacaoPorId(Long)
	{GET [/api/solicitacoes-compra]}: listarTodasSolicitacoes()
	{DELETE [/api/solicitacoes-compra/{id}]}: deletarSolicitacao(Long)
2025-06-03T00:09:11.476-03:00 TRACE 5040 --- [zlog_compras] [main] s.w.s.m.m.a.RequestMappingHandlerMapping : 
	o.s.b.a.w.s.e.BasicErrorController:
	{ [/error]}: error(HttpServletRequest)
	{ [/error], produces [text/html]}: errorHtml(HttpServletRequest,HttpServletResponse)
2025-06-03T00:09:11.479-03:00 DEBUG 5040 --- [zlog_compras] [main] s.w.s.m.m.a.RequestMappingHandlerMapping : 39 mappings in 'requestMappingHandlerMapping'
2025-06-03T00:09:11.617-03:00 DEBUG 5040 --- [zlog_compras] [main] o.s.w.s.handler.SimpleUrlHandlerMapping  : Patterns [/webjars/**, /**] in 'resourceHandlerMapping'
2025-06-03T00:09:11.660-03:00 DEBUG 5040 --- [zlog_compras] [main] s.w.s.m.m.a.RequestMappingHandlerAdapter : ControllerAdvice beans: 0 @ModelAttribute, 0 @InitBinder, 1 RequestBodyAdvice, 1 ResponseBodyAdvice
2025-06-03T00:09:11.706-03:00 DEBUG 5040 --- [zlog_compras] [main] .m.m.a.ExceptionHandlerExceptionResolver : ControllerAdvice beans: 0 @ExceptionHandler, 1 ResponseBodyAdvice
2025-06-03T00:09:11.770-03:00 DEBUG 5040 --- [zlog_compras] [main] tor$SharedEntityManagerInvocationHandler : Creating new EntityManager for shared EntityManager invocation
2025-06-03T00:09:11.771-03:00 DEBUG 5040 --- [zlog_compras] [main] tor$SharedEntityManagerInvocationHandler : Creating new EntityManager for shared EntityManager invocation
2025-06-03T00:09:11.773-03:00 DEBUG 5040 --- [zlog_compras] [main] o.s.d.jpa.repository.query.NamedQuery    : Looking up named query ItemPedidoCompra.findByPedidoCompraId
2025-06-03T00:09:11.774-03:00 DEBUG 5040 --- [zlog_compras] [main] o.s.d.jpa.repository.query.NamedQuery    : Did not find named query ItemPedidoCompra.findByPedidoCompraId
2025-06-03T00:09:11.774-03:00 DEBUG 5040 --- [zlog_compras] [main] tor$SharedEntityManagerInvocationHandler : Creating new EntityManager for shared EntityManager invocation
2025-06-03T00:09:11.781-03:00 DEBUG 5040 --- [zlog_compras] [main] tor$SharedEntityManagerInvocationHandler : Creating new EntityManager for shared EntityManager invocation
2025-06-03T00:09:11.782-03:00 DEBUG 5040 --- [zlog_compras] [main] tor$SharedEntityManagerInvocationHandler : Creating new EntityManager for shared EntityManager invocation
2025-06-03T00:09:11.783-03:00 DEBUG 5040 --- [zlog_compras] [main] o.s.d.jpa.repository.query.NamedQuery    : Looking up named query ItemOrcamento.findByOrcamento_Id
2025-06-03T00:09:11.784-03:00 DEBUG 5040 --- [zlog_compras] [main] o.s.d.jpa.repository.query.NamedQuery    : Did not find named query ItemOrcamento.findByOrcamento_Id
2025-06-03T00:09:11.784-03:00 DEBUG 5040 --- [zlog_compras] [main] tor$SharedEntityManagerInvocationHandler : Creating new EntityManager for shared EntityManager invocation
2025-06-03T00:09:11.785-03:00 DEBUG 5040 --- [zlog_compras] [main] o.s.d.jpa.repository.query.NamedQuery    : Looking up named query ItemOrcamento.findByProduto_Id
2025-06-03T00:09:11.786-03:00 DEBUG 5040 --- [zlog_compras] [main] o.s.d.jpa.repository.query.NamedQuery    : Did not find named query ItemOrcamento.findByProduto_Id
2025-06-03T00:09:11.786-03:00 DEBUG 5040 --- [zlog_compras] [main] tor$SharedEntityManagerInvocationHandler : Creating new EntityManager for shared EntityManager invocation
2025-06-03T00:09:11.793-03:00 DEBUG 5040 --- [zlog_compras] [main] tor$SharedEntityManagerInvocationHandler : Creating new EntityManager for shared EntityManager invocation
2025-06-03T00:09:11.796-03:00 DEBUG 5040 --- [zlog_compras] [main] tor$SharedEntityManagerInvocationHandler : Creating new EntityManager for shared EntityManager invocation
2025-06-03T00:09:11.798-03:00 DEBUG 5040 --- [zlog_compras] [main] o.s.d.jpa.repository.query.NamedQuery    : Looking up named query MovimentacaoEstoque.findByCodigoMaterialOrderByDataMovimentacaoDesc
2025-06-03T00:09:11.798-03:00 DEBUG 5040 --- [zlog_compras] [main] o.s.d.jpa.repository.query.NamedQuery    : Did not find named query MovimentacaoEstoque.findByCodigoMaterialOrderByDataMovimentacaoDesc
2025-06-03T00:09:11.798-03:00 DEBUG 5040 --- [zlog_compras] [main] tor$SharedEntityManagerInvocationHandler : Creating new EntityManager for shared EntityManager invocation
2025-06-03T00:09:11.808-03:00 DEBUG 5040 --- [zlog_compras] [main] tor$SharedEntityManagerInvocationHandler : Creating new EntityManager for shared EntityManager invocation
2025-06-03T00:09:11.811-03:00 DEBUG 5040 --- [zlog_compras] [main] tor$SharedEntityManagerInvocationHandler : Creating new EntityManager for shared EntityManager invocation
2025-06-03T00:09:11.813-03:00 DEBUG 5040 --- [zlog_compras] [main] o.s.d.jpa.repository.query.NamedQuery    : Looking up named query NotaFiscal.findByPedidoCompraId
2025-06-03T00:09:11.813-03:00 DEBUG 5040 --- [zlog_compras] [main] o.s.d.jpa.repository.query.NamedQuery    : Did not find named query NotaFiscal.findByPedidoCompraId
2025-06-03T00:09:11.813-03:00 DEBUG 5040 --- [zlog_compras] [main] tor$SharedEntityManagerInvocationHandler : Creating new EntityManager for shared EntityManager invocation
2025-06-03T00:09:11.888-03:00  INFO 5040 --- [zlog_compras] [main] c.z.ZlogComprasApplicationTests          : Started ZlogComprasApplicationTests in 6.713 seconds (process running for 9.97)
2025-06-03T00:09:11.951-03:00 DEBUG 5040 --- [zlog_compras] [SpringApplicationShutdownHook] o.s.w.c.s.GenericWebApplicationContext   : Closing org.springframework.web.context.support.GenericWebApplicationContext@4998e74b, started on Tue Jun 03 00:09:05 BRT 2025
2025-06-03T00:09:11.957-03:00  INFO 5040 --- [zlog_compras] [SpringApplicationShutdownHook] j.LocalContainerEntityManagerFactoryBean : Closing JPA EntityManagerFactory for persistence unit 'default'
2025-06-03T00:09:11.959-03:00  INFO 5040 --- [zlog_compras] [SpringApplicationShutdownHook] com.zaxxer.hikari.HikariDataSource       : HikariPool-1 - Shutdown initiated...
2025-06-03T00:09:11.975-03:00  INFO 5040 --- [zlog_compras] [SpringApplicationShutdownHook] com.zaxxer.hikari.HikariDataSource       : HikariPool-1 - Shutdown completed.
2025-06-03T00:12:30.137-03:00  INFO 2640 --- [zlog_compras] [main] com.zlogcompras.ZlogComprasApplication   : Starting ZlogComprasApplication v0.0.1-SNAPSHOT using Java 21.0.7 with PID 2640 (C:\Users\DELL\ZLOG_COMPRAS\ZLOG_COMPRAS\target\zlogcompras-0.0.1-SNAPSHOT.jar started by DELL in C:\Users\DELL\ZLOG_COMPRAS\ZLOG_COMPRAS)
2025-06-03T00:12:30.138-03:00  INFO 2640 --- [zlog_compras] [main] com.zlogcompras.ZlogComprasApplication   : No active profile set, falling back to 1 default profile: "default"
2025-06-03T00:12:31.246-03:00  INFO 2640 --- [zlog_compras] [main] .s.d.r.c.RepositoryConfigurationDelegate : Bootstrapping Spring Data JPA repositories in DEFAULT mode.
2025-06-03T00:12:31.344-03:00  INFO 2640 --- [zlog_compras] [main] .s.d.r.c.RepositoryConfigurationDelegate : Finished Spring Data repository scanning in 85 ms. Found 11 JPA repository interfaces.
2025-06-03T00:12:32.137-03:00  INFO 2640 --- [zlog_compras] [main] o.s.b.w.embedded.tomcat.TomcatWebServer  : Tomcat initialized with port 8080 (http)
2025-06-03T00:12:32.153-03:00  INFO 2640 --- [zlog_compras] [main] o.apache.catalina.core.StandardService   : Starting service [Tomcat]
2025-06-03T00:12:32.153-03:00  INFO 2640 --- [zlog_compras] [main] o.apache.catalina.core.StandardEngine    : Starting Servlet engine: [Apache Tomcat/10.1.20]
2025-06-03T00:12:32.200-03:00  INFO 2640 --- [zlog_compras] [main] o.a.c.c.C.[Tomcat].[localhost].[/]       : Initializing Spring embedded WebApplicationContext
2025-06-03T00:12:32.202-03:00  INFO 2640 --- [zlog_compras] [main] w.s.c.ServletWebServerApplicationContext : Root WebApplicationContext: initialization completed in 1952 ms
2025-06-03T00:12:32.427-03:00 DEBUG 2640 --- [zlog_compras] [main] j.LocalContainerEntityManagerFactoryBean : Building JPA container EntityManagerFactory for persistence unit 'default'
2025-06-03T00:12:32.449-03:00  INFO 2640 --- [zlog_compras] [main] o.hibernate.jpa.internal.util.LogHelper  : HHH000204: Processing PersistenceUnitInfo [name: default]
2025-06-03T00:12:32.545-03:00  INFO 2640 --- [zlog_compras] [main] org.hibernate.Version                    : HHH000412: Hibernate ORM core version 6.4.4.Final
2025-06-03T00:12:32.616-03:00  INFO 2640 --- [zlog_compras] [main] o.h.c.internal.RegionFactoryInitiator    : HHH000026: Second-level cache disabled
2025-06-03T00:12:32.924-03:00  INFO 2640 --- [zlog_compras] [main] o.s.o.j.p.SpringPersistenceUnitInfo      : No LoadTimeWeaver setup: ignoring JPA class transformer
2025-06-03T00:12:32.968-03:00  INFO 2640 --- [zlog_compras] [main] com.zaxxer.hikari.HikariDataSource       : HikariPool-1 - Starting...
2025-06-03T00:12:33.509-03:00  INFO 2640 --- [zlog_compras] [main] com.zaxxer.hikari.pool.HikariPool        : HikariPool-1 - Added connection com.mysql.cj.jdbc.ConnectionImpl@640a8f93
2025-06-03T00:12:33.517-03:00  INFO 2640 --- [zlog_compras] [main] com.zaxxer.hikari.HikariDataSource       : HikariPool-1 - Start completed.
2025-06-03T00:12:33.579-03:00  WARN 2640 --- [zlog_compras] [main] org.hibernate.orm.deprecation            : HHH90000025: MySQLDialect does not need to be specified explicitly using 'hibernate.dialect' (remove the property setting and it will be selected by default)
2025-06-03T00:12:34.746-03:00  INFO 2640 --- [zlog_compras] [main] o.h.e.t.j.p.i.JtaPlatformInitiator       : HHH000489: No JTA platform available (set 'hibernate.transaction.jta.platform' to enable JTA platform integration)
2025-06-03T00:12:34.883-03:00  INFO 2640 --- [zlog_compras] [main] j.LocalContainerEntityManagerFactoryBean : Initialized JPA EntityManagerFactory for persistence unit 'default'
2025-06-03T00:12:34.947-03:00 DEBUG 2640 --- [zlog_compras] [main] .c.JpaMetamodelMappingContextFactoryBean : Initializing JpaMetamodelMappingContext…
2025-06-03T00:12:34.963-03:00 DEBUG 2640 --- [zlog_compras] [main] .c.JpaMetamodelMappingContextFactoryBean : Finished initializing JpaMetamodelMappingContext
2025-06-03T00:12:35.000-03:00 DEBUG 2640 --- [zlog_compras] [main] tor$SharedEntityManagerInvocationHandler : Creating new EntityManager for shared EntityManager invocation
2025-06-03T00:12:35.051-03:00 DEBUG 2640 --- [zlog_compras] [main] tor$SharedEntityManagerInvocationHandler : Creating new EntityManager for shared EntityManager invocation
2025-06-03T00:12:35.125-03:00 DEBUG 2640 --- [zlog_compras] [main] tor$SharedEntityManagerInvocationHandler : Creating new EntityManager for shared EntityManager invocation
2025-06-03T00:12:35.198-03:00 DEBUG 2640 --- [zlog_compras] [main] o.s.d.jpa.repository.query.NamedQuery    : Looking up named query Estoque.findByProduto_CodigoProduto
2025-06-03T00:12:35.201-03:00 DEBUG 2640 --- [zlog_compras] [main] o.s.d.jpa.repository.query.NamedQuery    : Did not find named query Estoque.findByProduto_CodigoProduto
2025-06-03T00:12:35.206-03:00 DEBUG 2640 --- [zlog_compras] [main] tor$SharedEntityManagerInvocationHandler : Creating new EntityManager for shared EntityManager invocation
2025-06-03T00:12:35.295-03:00 DEBUG 2640 --- [zlog_compras] [main] o.s.d.jpa.repository.query.NamedQuery    : Looking up named query Estoque.findByProduto
2025-06-03T00:12:35.295-03:00 DEBUG 2640 --- [zlog_compras] [main] o.s.d.jpa.repository.query.NamedQuery    : Did not find named query Estoque.findByProduto
2025-06-03T00:12:35.295-03:00 DEBUG 2640 --- [zlog_compras] [main] tor$SharedEntityManagerInvocationHandler : Creating new EntityManager for shared EntityManager invocation
2025-06-03T00:12:35.314-03:00 DEBUG 2640 --- [zlog_compras] [main] tor$SharedEntityManagerInvocationHandler : Creating new EntityManager for shared EntityManager invocation
2025-06-03T00:12:35.317-03:00 DEBUG 2640 --- [zlog_compras] [main] tor$SharedEntityManagerInvocationHandler : Creating new EntityManager for shared EntityManager invocation
2025-06-03T00:12:35.323-03:00 DEBUG 2640 --- [zlog_compras] [main] o.s.d.jpa.repository.query.NamedQuery    : Looking up named query Produto.findByCodigoProduto
2025-06-03T00:12:35.325-03:00 DEBUG 2640 --- [zlog_compras] [main] o.s.d.jpa.repository.query.NamedQuery    : Did not find named query Produto.findByCodigoProduto
2025-06-03T00:12:35.325-03:00 DEBUG 2640 --- [zlog_compras] [main] tor$SharedEntityManagerInvocationHandler : Creating new EntityManager for shared EntityManager invocation
2025-06-03T00:12:35.828-03:00 DEBUG 2640 --- [zlog_compras] [main] tor$SharedEntityManagerInvocationHandler : Creating new EntityManager for shared EntityManager invocation
2025-06-03T00:12:35.828-03:00 DEBUG 2640 --- [zlog_compras] [main] tor$SharedEntityManagerInvocationHandler : Creating new EntityManager for shared EntityManager invocation
2025-06-03T00:12:35.844-03:00 DEBUG 2640 --- [zlog_compras] [main] o.s.d.jpa.repository.query.NamedQuery    : Looking up named query Fornecedor.findByCnpj
2025-06-03T00:12:35.844-03:00 DEBUG 2640 --- [zlog_compras] [main] o.s.d.jpa.repository.query.NamedQuery    : Did not find named query Fornecedor.findByCnpj
2025-06-03T00:12:35.845-03:00 DEBUG 2640 --- [zlog_compras] [main] tor$SharedEntityManagerInvocationHandler : Creating new EntityManager for shared EntityManager invocation
2025-06-03T00:12:35.865-03:00 DEBUG 2640 --- [zlog_compras] [main] tor$SharedEntityManagerInvocationHandler : Creating new EntityManager for shared EntityManager invocation
2025-06-03T00:12:35.888-03:00 DEBUG 2640 --- [zlog_compras] [main] tor$SharedEntityManagerInvocationHandler : Creating new EntityManager for shared EntityManager invocation
2025-06-03T00:12:35.891-03:00 DEBUG 2640 --- [zlog_compras] [main] o.s.d.jpa.repository.query.NamedQuery    : Looking up named query Orcamento.findBySolicitacaoCompraIdAndIdNot
2025-06-03T00:12:35.892-03:00 DEBUG 2640 --- [zlog_compras] [main] o.s.d.jpa.repository.query.NamedQuery    : Did not find named query Orcamento.findBySolicitacaoCompraIdAndIdNot
2025-06-03T00:12:35.892-03:00 DEBUG 2640 --- [zlog_compras] [main] tor$SharedEntityManagerInvocationHandler : Creating new EntityManager for shared EntityManager invocation
2025-06-03T00:12:35.897-03:00 DEBUG 2640 --- [zlog_compras] [main] o.s.d.jpa.repository.query.NamedQuery    : Looking up named query Orcamento.findBySolicitacaoCompraId
2025-06-03T00:12:35.899-03:00 DEBUG 2640 --- [zlog_compras] [main] o.s.d.jpa.repository.query.NamedQuery    : Did not find named query Orcamento.findBySolicitacaoCompraId
2025-06-03T00:12:35.900-03:00 DEBUG 2640 --- [zlog_compras] [main] tor$SharedEntityManagerInvocationHandler : Creating new EntityManager for shared EntityManager invocation
2025-06-03T00:12:35.901-03:00 DEBUG 2640 --- [zlog_compras] [main] o.s.d.jpa.repository.query.NamedQuery    : Looking up named query Orcamento.findByDataCotacaoBetween
2025-06-03T00:12:35.902-03:00 DEBUG 2640 --- [zlog_compras] [main] o.s.d.jpa.repository.query.NamedQuery    : Did not find named query Orcamento.findByDataCotacaoBetween
2025-06-03T00:12:35.902-03:00 DEBUG 2640 --- [zlog_compras] [main] tor$SharedEntityManagerInvocationHandler : Creating new EntityManager for shared EntityManager invocation
2025-06-03T00:12:35.904-03:00 DEBUG 2640 --- [zlog_compras] [main] o.s.d.jpa.repository.query.NamedQuery    : Looking up named query Orcamento.findBySolicitacaoCompra_Id
2025-06-03T00:12:35.904-03:00 DEBUG 2640 --- [zlog_compras] [main] o.s.d.jpa.repository.query.NamedQuery    : Did not find named query Orcamento.findBySolicitacaoCompra_Id
2025-06-03T00:12:35.904-03:00 DEBUG 2640 --- [zlog_compras] [main] tor$SharedEntityManagerInvocationHandler : Creating new EntityManager for shared EntityManager invocation
2025-06-03T00:12:35.908-03:00 DEBUG 2640 --- [zlog_compras] [main] o.s.d.jpa.repository.query.NamedQuery    : Looking up named query Orcamento.findByFornecedor_Id
2025-06-03T00:12:35.908-03:00 DEBUG 2640 --- [zlog_compras] [main] o.s.d.jpa.repository.query.NamedQuery    : Did not find named query Orcamento.findByFornecedor_Id
2025-06-03T00:12:35.908-03:00 DEBUG 2640 --- [zlog_compras] [main] tor$SharedEntityManagerInvocationHandler : Creating new EntityManager for shared EntityManager invocation
2025-06-03T00:12:35.910-03:00 DEBUG 2640 --- [zlog_compras] [main] o.s.d.jpa.repository.query.NamedQuery    : Looking up named query Orcamento.findByStatus
2025-06-03T00:12:35.911-03:00 DEBUG 2640 --- [zlog_compras] [main] o.s.d.jpa.repository.query.NamedQuery    : Did not find named query Orcamento.findByStatus
2025-06-03T00:12:35.911-03:00 DEBUG 2640 --- [zlog_compras] [main] tor$SharedEntityManagerInvocationHandler : Creating new EntityManager for shared EntityManager invocation
2025-06-03T00:12:35.919-03:00 DEBUG 2640 --- [zlog_compras] [main] tor$SharedEntityManagerInvocationHandler : Creating new EntityManager for shared EntityManager invocation
2025-06-03T00:12:35.921-03:00 DEBUG 2640 --- [zlog_compras] [main] tor$SharedEntityManagerInvocationHandler : Creating new EntityManager for shared EntityManager invocation
2025-06-03T00:12:35.936-03:00 DEBUG 2640 --- [zlog_compras] [main] tor$SharedEntityManagerInvocationHandler : Creating new EntityManager for shared EntityManager invocation
2025-06-03T00:12:35.940-03:00 DEBUG 2640 --- [zlog_compras] [main] tor$SharedEntityManagerInvocationHandler : Creating new EntityManager for shared EntityManager invocation
2025-06-03T00:12:35.991-03:00 DEBUG 2640 --- [zlog_compras] [main] tor$SharedEntityManagerInvocationHandler : Creating new EntityManager for shared EntityManager invocation
2025-06-03T00:12:35.991-03:00 DEBUG 2640 --- [zlog_compras] [main] tor$SharedEntityManagerInvocationHandler : Creating new EntityManager for shared EntityManager invocation
2025-06-03T00:12:35.994-03:00 DEBUG 2640 --- [zlog_compras] [main] o.s.d.jpa.repository.query.NamedQuery    : Looking up named query ItemSolicitacaoCompra.findBySolicitacaoCompraId
2025-06-03T00:12:35.994-03:00 DEBUG 2640 --- [zlog_compras] [main] o.s.d.jpa.repository.query.NamedQuery    : Did not find named query ItemSolicitacaoCompra.findBySolicitacaoCompraId
2025-06-03T00:12:35.995-03:00 DEBUG 2640 --- [zlog_compras] [main] tor$SharedEntityManagerInvocationHandler : Creating new EntityManager for shared EntityManager invocation
2025-06-03T00:12:36.102-03:00  WARN 2640 --- [zlog_compras] [main] JpaBaseConfiguration$JpaWebConfiguration : spring.jpa.open-in-view is enabled by default. Therefore, database queries may be performed during view rendering. Explicitly configure spring.jpa.open-in-view to disable this warning
2025-06-03T00:12:36.252-03:00 TRACE 2640 --- [zlog_compras] [main] s.w.s.m.m.a.RequestMappingHandlerMapping : 
	c.z.c.EstoqueController:
	{GET [/api/estoques/produto/{codigoProduto}]}: buscarEstoquePorCodigoProduto(String)
	{DELETE [/api/estoques/{id}]}: deletarEstoque(Long)
	{PUT [/api/estoques/{id}]}: atualizarEstoque(Long,EstoqueRequestDTO)
	{GET [/api/estoques/{id}]}: buscarEstoquePorId(Long)
	{POST [/api/estoques]}: criarEstoque(EstoqueRequestDTO)
	{POST [/api/estoques/batch]}: criarMultiplosEstoques(List)
	{PUT [/api/estoques/{id}/retirar-quantidade]}: retirarQuantidadeEstoque(Long,EstoqueMovimentacaoDTO)
	{GET [/api/estoques]}: listarTodosEstoques()
	{PUT [/api/estoques/{id}/adicionar-quantidade]}: adicionarQuantidadeEstoque(Long,EstoqueMovimentacaoDTO)
2025-06-03T00:12:36.268-03:00 TRACE 2640 --- [zlog_compras] [main] s.w.s.m.m.a.RequestMappingHandlerMapping : 
	c.z.c.FornecedorController:
	{POST [/api/fornecedores]}: criarFornecedor(FornecedorRequestDTO)
	{DELETE [/api/fornecedores/{id}]}: deletarFornecedor(Long)
	{GET [/api/fornecedores]}: listarTodosFornecedores()
	{GET [/api/fornecedores/{id}]}: buscarFornecedorPorId(Long)
	{PUT [/api/fornecedores/{id}]}: atualizarFornecedor(Long,FornecedorRequestDTO)
2025-06-03T00:12:36.275-03:00 TRACE 2640 --- [zlog_compras] [main] s.w.s.m.m.a.RequestMappingHandlerMapping : 
	c.z.c.OrcamentoController:
	{PATCH [/api/orcamentos/{id}/aprovar]}: aprovarOrcamento(Long)
	{PUT [/api/orcamentos/{id}]}: atualizarOrcamento(Long,OrcamentoRequestDTO)
	{POST [/api/orcamentos]}: criarOrcamento(OrcamentoRequestDTO)
	{DELETE [/api/orcamentos/{id}]}: deletarOrcamento(Long)
	{GET [/api/orcamentos/{id}]}: buscarOrcamentoPorId(Long)
	{GET [/api/orcamentos]}: listarTodosOrcamentos()
2025-06-03T00:12:36.281-03:00 TRACE 2640 --- [zlog_compras] [main] s.w.s.m.m.a.RequestMappingHandlerMapping : 
	c.z.c.PedidoCompraController:
	{PUT [/api/pedidos-compra/{id}/status]}: atualizarStatusPedidoCompra(Long,String)
	{POST [/api/pedidos-compra]}: criarPedidoCompra(PedidoCompra)
	{PUT [/api/pedidos-compra/{id}]}: atualizarPedidoCompra(Long,PedidoCompra)
	{GET [/api/pedidos-compra/{id}]}: buscarPedidoCompraPorId(Long)
	{GET [/api/pedidos-compra]}: listarTodosPedidosCompra()
2025-06-03T00:12:36.289-03:00 TRACE 2640 --- [zlog_compras] [main] s.w.s.m.m.a.RequestMappingHandlerMapping : 
	c.z.c.ProcessoCompraController:
	{POST [/api/processo-compra/iniciar/{solicitacaoId}]}: iniciarProcessoCompra(Long)
2025-06-03T00:12:36.293-03:00 TRACE 2640 --- [zlog_compras] [main] s.w.s.m.m.a.RequestMappingHandlerMapping : 
	c.z.c.ProdutoController:
	{POST [/api/produtos]}: criarProduto(ProdutoRequestDTO)
	{DELETE [/api/produtos/{id}]}: deletarProduto(Long)
	{GET [/api/produtos/{id}]}: buscarProdutoPorId(Long)
	{PUT [/api/produtos/{id}]}: atualizarProduto(Long,ProdutoRequestDTO)
	{GET [/api/produtos]}: listarTodosProdutos()
	{POST [/api/produtos/multiplos]}: criarMultiplosProdutos(List)
2025-06-03T00:12:36.298-03:00 TRACE 2640 --- [zlog_compras] [main] s.w.s.m.m.a.RequestMappingHandlerMapping : 
	c.z.c.SolicitacaoCompraController:
	{POST [/api/solicitacoes-compra]}: criarSolicitacao(SolicitacaoCompraRequestDTO)
	{DELETE [/api/solicitacoes-compra/{id}]}: deletarSolicitacao(Long)
	{GET [/api/solicitacoes-compra/{id}]}: buscarSolicitacaoPorId(Long)
	{GET [/api/solicitacoes-compra]}: listarTodasSolicitacoes()
	{PUT [/api/solicitacoes-compra/{id}]}: atualizarSolicitacao(Long,SolicitacaoCompraRequestDTO)
2025-06-03T00:12:36.304-03:00 TRACE 2640 --- [zlog_compras] [main] s.w.s.m.m.a.RequestMappingHandlerMapping : 
	o.s.b.a.w.s.e.BasicErrorController:
	{ [/error]}: error(HttpServletRequest)
	{ [/error], produces [text/html]}: errorHtml(HttpServletRequest,HttpServletResponse)
2025-06-03T00:12:36.311-03:00 DEBUG 2640 --- [zlog_compras] [main] s.w.s.m.m.a.RequestMappingHandlerMapping : 39 mappings in 'requestMappingHandlerMapping'
2025-06-03T00:12:36.467-03:00 DEBUG 2640 --- [zlog_compras] [main] o.s.w.s.handler.SimpleUrlHandlerMapping  : Patterns [/webjars/**, /**] in 'resourceHandlerMapping'
2025-06-03T00:12:36.540-03:00 DEBUG 2640 --- [zlog_compras] [main] s.w.s.m.m.a.RequestMappingHandlerAdapter : ControllerAdvice beans: 0 @ModelAttribute, 0 @InitBinder, 1 RequestBodyAdvice, 1 ResponseBodyAdvice
2025-06-03T00:12:36.614-03:00 DEBUG 2640 --- [zlog_compras] [main] .m.m.a.ExceptionHandlerExceptionResolver : ControllerAdvice beans: 0 @ExceptionHandler, 1 ResponseBodyAdvice
2025-06-03T00:12:36.739-03:00 DEBUG 2640 --- [zlog_compras] [main] tor$SharedEntityManagerInvocationHandler : Creating new EntityManager for shared EntityManager invocation
2025-06-03T00:12:36.739-03:00 DEBUG 2640 --- [zlog_compras] [main] tor$SharedEntityManagerInvocationHandler : Creating new EntityManager for shared EntityManager invocation
2025-06-03T00:12:36.751-03:00 DEBUG 2640 --- [zlog_compras] [main] o.s.d.jpa.repository.query.NamedQuery    : Looking up named query ItemPedidoCompra.findByPedidoCompraId
2025-06-03T00:12:36.755-03:00 DEBUG 2640 --- [zlog_compras] [main] o.s.d.jpa.repository.query.NamedQuery    : Did not find named query ItemPedidoCompra.findByPedidoCompraId
2025-06-03T00:12:36.757-03:00 DEBUG 2640 --- [zlog_compras] [main] tor$SharedEntityManagerInvocationHandler : Creating new EntityManager for shared EntityManager invocation
2025-06-03T00:12:36.767-03:00 DEBUG 2640 --- [zlog_compras] [main] tor$SharedEntityManagerInvocationHandler : Creating new EntityManager for shared EntityManager invocation
2025-06-03T00:12:36.773-03:00 DEBUG 2640 --- [zlog_compras] [main] tor$SharedEntityManagerInvocationHandler : Creating new EntityManager for shared EntityManager invocation
2025-06-03T00:12:36.777-03:00 DEBUG 2640 --- [zlog_compras] [main] o.s.d.jpa.repository.query.NamedQuery    : Looking up named query ItemOrcamento.findByOrcamento_Id
2025-06-03T00:12:36.781-03:00 DEBUG 2640 --- [zlog_compras] [main] o.s.d.jpa.repository.query.NamedQuery    : Did not find named query ItemOrcamento.findByOrcamento_Id
2025-06-03T00:12:36.785-03:00 DEBUG 2640 --- [zlog_compras] [main] tor$SharedEntityManagerInvocationHandler : Creating new EntityManager for shared EntityManager invocation
2025-06-03T00:12:36.789-03:00 DEBUG 2640 --- [zlog_compras] [main] o.s.d.jpa.repository.query.NamedQuery    : Looking up named query ItemOrcamento.findByProduto_Id
2025-06-03T00:12:36.796-03:00 DEBUG 2640 --- [zlog_compras] [main] o.s.d.jpa.repository.query.NamedQuery    : Did not find named query ItemOrcamento.findByProduto_Id
2025-06-03T00:12:36.796-03:00 DEBUG 2640 --- [zlog_compras] [main] tor$SharedEntityManagerInvocationHandler : Creating new EntityManager for shared EntityManager invocation
2025-06-03T00:12:36.820-03:00 DEBUG 2640 --- [zlog_compras] [main] tor$SharedEntityManagerInvocationHandler : Creating new EntityManager for shared EntityManager invocation
2025-06-03T00:12:36.830-03:00 DEBUG 2640 --- [zlog_compras] [main] tor$SharedEntityManagerInvocationHandler : Creating new EntityManager for shared EntityManager invocation
2025-06-03T00:12:36.834-03:00 DEBUG 2640 --- [zlog_compras] [main] o.s.d.jpa.repository.query.NamedQuery    : Looking up named query NotaFiscal.findByPedidoCompraId
2025-06-03T00:12:36.834-03:00 DEBUG 2640 --- [zlog_compras] [main] o.s.d.jpa.repository.query.NamedQuery    : Did not find named query NotaFiscal.findByPedidoCompraId
2025-06-03T00:12:36.836-03:00 DEBUG 2640 --- [zlog_compras] [main] tor$SharedEntityManagerInvocationHandler : Creating new EntityManager for shared EntityManager invocation
2025-06-03T00:12:36.860-03:00 DEBUG 2640 --- [zlog_compras] [main] tor$SharedEntityManagerInvocationHandler : Creating new EntityManager for shared EntityManager invocation
2025-06-03T00:12:36.870-03:00 DEBUG 2640 --- [zlog_compras] [main] tor$SharedEntityManagerInvocationHandler : Creating new EntityManager for shared EntityManager invocation
2025-06-03T00:12:36.876-03:00 DEBUG 2640 --- [zlog_compras] [main] o.s.d.jpa.repository.query.NamedQuery    : Looking up named query MovimentacaoEstoque.findByCodigoMaterialOrderByDataMovimentacaoDesc
2025-06-03T00:12:36.878-03:00 DEBUG 2640 --- [zlog_compras] [main] o.s.d.jpa.repository.query.NamedQuery    : Did not find named query MovimentacaoEstoque.findByCodigoMaterialOrderByDataMovimentacaoDesc
2025-06-03T00:12:36.880-03:00 DEBUG 2640 --- [zlog_compras] [main] tor$SharedEntityManagerInvocationHandler : Creating new EntityManager for shared EntityManager invocation
2025-06-03T00:12:37.149-03:00  INFO 2640 --- [zlog_compras] [main] o.s.b.w.embedded.tomcat.TomcatWebServer  : Tomcat started on port 8080 (http) with context path ''
2025-06-03T00:12:37.189-03:00  INFO 2640 --- [zlog_compras] [main] com.zlogcompras.ZlogComprasApplication   : Started ZlogComprasApplication in 7.619 seconds (process running for 8.232)
