[INFO] Scanning for projects...
[INFO] 
[INFO] --------------------< com.zlogcompras:zlogcompras >---------------------
[INFO] Building zlogcompras 0.0.1-SNAPSHOT
[INFO]   from pom.xml
[INFO] --------------------------------[ jar ]---------------------------------
[INFO] 
[INFO] --- clean:3.3.2:clean (default-clean) @ zlogcompras ---
[INFO] Deleting C:\Users\DELL\ZLOG_COMPRAS\ZLOG_COMPRAS\target
[INFO] 
[INFO] --- resources:3.3.1:resources (default-resources) @ zlogcompras ---
[INFO] Copying 2 resources from src\main\resources to target\classes
[INFO] Copying 2 resources from src\main\resources to target\classes
[INFO] 
[INFO] --- compiler:3.13.0:compile (default-compile) @ zlogcompras ---
[INFO] Recompiling the module because of changed source code.
[INFO] Compiling 109 source files with javac [debug parameters release 21] to target\classes
[INFO] MapStruct: Using accessor naming strategy: org.mapstruct.ap.spi.DefaultAccessorNamingStrategy
[INFO] MapStruct: Using builder provider: org.mapstruct.ap.spi.DefaultBuilderProvider
[INFO] MapStruct: Using enum naming strategy: org.mapstruct.ap.spi.DefaultEnumMappingStrategy
[INFO]  MapStruct: processing: com.zlogcompras.mapper.SolicitacaoMapper.
[INFO] - MapStruct: creating bean mapping method implementation for com.zlogcompras.model.dto.SolicitacaoCompraResponseDTO toResponseDto(com.zlogcompras.model.SolicitacaoCompra solicitacao).
[INFO] -- MapStruct: mapping property: solicitacao.getId() to: setId(java.lang.Long).
[INFO] -- MapStruct: selecting property mapping: solicitacao.getId().
[INFO] -- MapStruct: mapping property: solicitacao.getId() to: setSolicitacaoCompraId(java.lang.Long).
[INFO] -- MapStruct: selecting property mapping: solicitacao.getId().
[INFO] -- MapStruct: mapping property: solicitacao.getDataSolicitacao() to: setDataSolicitacao(java.time.LocalDate).
[INFO] -- MapStruct: selecting property mapping: solicitacao.getDataSolicitacao().
[INFO] -- MapStruct: mapping property: solicitacao.getSolicitante() to: setSolicitante(java.lang.String).
[INFO] -- MapStruct: selecting property mapping: solicitacao.getSolicitante().
[INFO] -- MapStruct: mapping property: solicitacao.getDescricao() to: setDescricaoSolicitacaoCompra(java.lang.String).
[INFO] -- MapStruct: selecting property mapping: solicitacao.getDescricao().
[INFO] -- MapStruct: mapping property: solicitacao.getVersion() to: setVersion(java.lang.Long).
[INFO] -- MapStruct: selecting property mapping: solicitacao.getVersion().
[INFO] -- MapStruct: mapping property: solicitacao.getDataCriacao() to: setDataCriacao(java.time.LocalDateTime).
[INFO] -- MapStruct: selecting property mapping: solicitacao.getDataCriacao().
[INFO] -- MapStruct: mapping property: solicitacao.getDataAtualizacao() to: setDataAtualizacao(java.time.LocalDateTime).
[INFO] -- MapStruct: selecting property mapping: solicitacao.getDataAtualizacao().
[INFO] -- MapStruct: mapping property: solicitacao.getItens() to: setItens(java.util.List<com.zlogcompras.model.dto.ItemSolicitacaoCompraResponseDTO>).
[INFO] -- MapStruct: selecting property mapping: java.util.List<com.zlogcompras.model.dto.ItemSolicitacaoCompraResponseDTO> #mapItemSolicitacaoSet(solicitacao.getItens()).
[INFO] - MapStruct: creating bean mapping method implementation for com.zlogcompras.model.dto.ItemSolicitacaoCompraResponseDTO toItemSolicitacaoCompraResponseDTO(com.zlogcompras.model.ItemSolicitacaoCompra item).
[INFO] -- MapStruct: mapping property: itemProdutoId( item ) to: setProdutoId(java.lang.Long).
[INFO] -- MapStruct: selecting property mapping: itemProdutoId( item ).
[INFO] -- MapStruct: mapping property: itemProdutoNome( item ) to: setNomeProduto(java.lang.String).
[INFO] -- MapStruct: selecting property mapping: itemProdutoNome( item ).
[INFO] -- MapStruct: mapping property: itemProdutoCodigo( item ) to: setCodigoProduto(java.lang.String).
[INFO] -- MapStruct: selecting property mapping: itemProdutoCodigo( item ).
[INFO] -- MapStruct: mapping property: itemProdutoUnidadeMedida( item ) to: setUnidadeMedidaProduto(java.lang.String).
[INFO] -- MapStruct: selecting property mapping: itemProdutoUnidadeMedida( item ).
[INFO] -- MapStruct: mapping property: item.getId() to: setId(java.lang.Long).
[INFO] -- MapStruct: selecting property mapping: item.getId().
[INFO] -- MapStruct: mapping property: item.getQuantidade() to: setQuantidade(java.math.BigDecimal).
[INFO] -- MapStruct: selecting property mapping: item.getQuantidade().
[INFO] -- MapStruct: mapping property: item.getDescricaoAdicional() to: setDescricaoAdicional(java.lang.String).
[INFO] -- MapStruct: selecting property mapping: item.getDescricaoAdicional().
[INFO]  MapStruct: processing: com.zlogcompras.mapper.FornecedorMapper.
[INFO] - MapStruct: creating bean mapping method implementation for com.zlogcompras.model.Fornecedor toEntity(com.zlogcompras.model.dto.FornecedorRequestDTO dto).
[INFO] -- MapStruct: mapping property: dto.getCnpj() to: setCnpj(java.lang.String).
[INFO] -- MapStruct: selecting property mapping: dto.getCnpj().
[INFO] -- MapStruct: mapping property: dto.getRazaoSocial() to: setRazaoSocial(java.lang.String).
[INFO] -- MapStruct: selecting property mapping: dto.getRazaoSocial().
[INFO] -- MapStruct: mapping property: dto.getContato() to: setContato(java.lang.String).
[INFO] -- MapStruct: selecting property mapping: dto.getContato().
[INFO] -- MapStruct: mapping property: dto.getEmail() to: setEmail(java.lang.String).
[INFO] -- MapStruct: selecting property mapping: dto.getEmail().
[INFO] -- MapStruct: mapping property: dto.getEndereco() to: setEndereco(java.lang.String).
[INFO] -- MapStruct: selecting property mapping: dto.getEndereco().
[INFO] -- MapStruct: mapping property: dto.getTelefone() to: setTelefone(java.lang.String).
[INFO] -- MapStruct: selecting property mapping: dto.getTelefone().
[INFO] - MapStruct: creating bean mapping method implementation for com.zlogcompras.model.dto.FornecedorResponseDTO toResponseDto(com.zlogcompras.model.Fornecedor entity).
[INFO] -- MapStruct: mapping property: entity.getId() to: setId(java.lang.Long).
[INFO] -- MapStruct: selecting property mapping: entity.getId().
[INFO] -- MapStruct: mapping property: entity.getRazaoSocial() to: setRazaoSocial(java.lang.String).
[INFO] -- MapStruct: selecting property mapping: entity.getRazaoSocial().
[INFO] -- MapStruct: mapping property: entity.getCnpj() to: setCnpj(java.lang.String).
[INFO] -- MapStruct: selecting property mapping: entity.getCnpj().
[INFO] -- MapStruct: mapping property: entity.getEndereco() to: setEndereco(java.lang.String).
[INFO] -- MapStruct: selecting property mapping: entity.getEndereco().
[INFO] -- MapStruct: mapping property: entity.getTelefone() to: setTelefone(java.lang.String).
[INFO] -- MapStruct: selecting property mapping: entity.getTelefone().
[INFO] -- MapStruct: mapping property: entity.getEmail() to: setEmail(java.lang.String).
[INFO] -- MapStruct: selecting property mapping: entity.getEmail().
[INFO] -- MapStruct: mapping property: entity.getContato() to: setContato(java.lang.String).
[INFO] -- MapStruct: selecting property mapping: entity.getContato().
[INFO] -- MapStruct: mapping property: entity.getVersion() to: setVersion(java.lang.Long).
[INFO] -- MapStruct: selecting property mapping: entity.getVersion().
[INFO] - MapStruct: creating bean mapping method implementation for void updateEntityFromDto(com.zlogcompras.model.dto.FornecedorRequestDTO dto, @MappingTarget com.zlogcompras.model.Fornecedor entity).
[INFO] -- MapStruct: mapping property: dto.getCnpj() to: setCnpj(java.lang.String).
[INFO] -- MapStruct: selecting property mapping: dto.getCnpj().
[INFO] -- MapStruct: mapping property: dto.getRazaoSocial() to: setRazaoSocial(java.lang.String).
[INFO] -- MapStruct: selecting property mapping: dto.getRazaoSocial().
[INFO] -- MapStruct: mapping property: dto.getContato() to: setContato(java.lang.String).
[INFO] -- MapStruct: selecting property mapping: dto.getContato().
[INFO] -- MapStruct: mapping property: dto.getEmail() to: setEmail(java.lang.String).
[INFO] -- MapStruct: selecting property mapping: dto.getEmail().
[INFO] -- MapStruct: mapping property: dto.getEndereco() to: setEndereco(java.lang.String).
[INFO] -- MapStruct: selecting property mapping: dto.getEndereco().
[INFO] -- MapStruct: mapping property: dto.getTelefone() to: setTelefone(java.lang.String).
[INFO] -- MapStruct: selecting property mapping: dto.getTelefone().
[INFO] - MapStruct: creating iterable mapping method implementation for java.util.List<com.zlogcompras.model.dto.FornecedorResponseDTO> toListaDtoList(java.util.List<com.zlogcompras.model.Fornecedor> entities).
[INFO] -- MapStruct: selecting element mapping: com.zlogcompras.model.dto.FornecedorResponseDTO #toResponseDto(fornecedor).
[INFO]  MapStruct: processing: com.zlogcompras.mapper.OrcamentoMapper.
[INFO] - MapStruct: creating bean mapping method implementation for com.zlogcompras.model.Orcamento toEntity(com.zlogcompras.model.dto.OrcamentoRequestDTO orcamentoRequestDTO).
[INFO] -- MapStruct: mapping property: orcamentoRequestDTO to: setSolicitacaoCompra(com.zlogcompras.model.SolicitacaoCompra).
[INFO] -- MapStruct: mapping property: orcamentoRequestDTO.getSolicitacaoCompraId() to: setId(java.lang.Long).
[INFO] -- MapStruct: selecting property mapping: orcamentoRequestDTO.getSolicitacaoCompraId().
[INFO] -- MapStruct: creating property mapping: com.zlogcompras.model.SolicitacaoCompra #orcamentoRequestDTOToSolicitacaoCompra(orcamentoRequestDTO).
[INFO] -- MapStruct: selecting property mapping: com.zlogcompras.model.SolicitacaoCompra #orcamentoRequestDTOToSolicitacaoCompra(orcamentoRequestDTO).
[INFO] -- MapStruct: mapping property: orcamentoRequestDTO to: setFornecedor(com.zlogcompras.model.Fornecedor).
[INFO] -- MapStruct: mapping property: orcamentoRequestDTO.getFornecedorId() to: setId(java.lang.Long).
[INFO] -- MapStruct: selecting property mapping: orcamentoRequestDTO.getFornecedorId().
[INFO] -- MapStruct: creating property mapping: com.zlogcompras.model.Fornecedor #orcamentoRequestDTOToFornecedor(orcamentoRequestDTO).
[INFO] -- MapStruct: selecting property mapping: com.zlogcompras.model.Fornecedor #orcamentoRequestDTOToFornecedor(orcamentoRequestDTO).
[INFO] -- MapStruct: mapping property: orcamentoRequestDTO.getStatus() to: setStatus(com.zlogcompras.model.StatusOrcamento).
[INFO] -- MapStruct: selecting property mapping: com.zlogcompras.model.StatusOrcamento #mapStringToStatusOrcamento(orcamentoRequestDTO.getStatus()).
[INFO] -- MapStruct: mapping property: orcamentoRequestDTO.getObservacoes() to: setObservacoes(java.lang.String).
[INFO] -- MapStruct: selecting property mapping: orcamentoRequestDTO.getObservacoes().
[INFO] -- MapStruct: mapping property: orcamentoRequestDTO.getCondicoesPagamento() to: setCondicoesPagamento(java.lang.String).
[INFO] -- MapStruct: selecting property mapping: orcamentoRequestDTO.getCondicoesPagamento().
[INFO] -- MapStruct: mapping property: orcamentoRequestDTO.getPrazoEntrega() to: setPrazoEntrega(java.lang.String).
[INFO] -- MapStruct: selecting property mapping: orcamentoRequestDTO.getPrazoEntrega().
[INFO] -- MapStruct: mapping property: orcamentoRequestDTO.getDataCotacao() to: setDataCotacao(java.time.LocalDate).
[INFO] -- MapStruct: selecting property mapping: orcamentoRequestDTO.getDataCotacao().
[INFO] -- MapStruct: mapping property: orcamentoRequestDTO.getNumeroOrcamento() to: setNumeroOrcamento(java.lang.String).
[INFO] -- MapStruct: selecting property mapping: orcamentoRequestDTO.getNumeroOrcamento().
[INFO] - MapStruct: creating bean mapping method implementation for void updateEntityFromDto(com.zlogcompras.model.dto.OrcamentoRequestDTO orcamentoRequestDTO, @MappingTarget com.zlogcompras.model.Orcamento orcamento).
[INFO] -- MapStruct: mapping property: orcamentoRequestDTO to: setSolicitacaoCompra(com.zlogcompras.model.SolicitacaoCompra).
[INFO] -- MapStruct: mapping property: orcamentoRequestDTO.getSolicitacaoCompraId() to: setId(java.lang.Long).
[INFO] -- MapStruct: selecting property mapping: orcamentoRequestDTO.getSolicitacaoCompraId().
[INFO] -- MapStruct: creating property mapping: void #orcamentoRequestDTOToSolicitacaoCompra1(orcamentoRequestDTO).
[INFO] -- MapStruct: selecting property mapping: void #orcamentoRequestDTOToSolicitacaoCompra1(orcamentoRequestDTO).
[INFO] -- MapStruct: mapping property: orcamentoRequestDTO to: setFornecedor(com.zlogcompras.model.Fornecedor).
[INFO] -- MapStruct: mapping property: orcamentoRequestDTO.getFornecedorId() to: setId(java.lang.Long).
[INFO] -- MapStruct: selecting property mapping: orcamentoRequestDTO.getFornecedorId().
[INFO] -- MapStruct: creating property mapping: void #orcamentoRequestDTOToFornecedor1(orcamentoRequestDTO).
[INFO] -- MapStruct: selecting property mapping: void #orcamentoRequestDTOToFornecedor1(orcamentoRequestDTO).
[INFO] -- MapStruct: mapping property: orcamentoRequestDTO.getStatus() to: setStatus(com.zlogcompras.model.StatusOrcamento).
[INFO] -- MapStruct: selecting property mapping: com.zlogcompras.model.StatusOrcamento #mapStringToStatusOrcamento(orcamentoRequestDTO.getStatus()).
[INFO] -- MapStruct: mapping property: orcamentoRequestDTO.getObservacoes() to: setObservacoes(java.lang.String).
[INFO] -- MapStruct: selecting property mapping: orcamentoRequestDTO.getObservacoes().
[INFO] -- MapStruct: mapping property: orcamentoRequestDTO.getCondicoesPagamento() to: setCondicoesPagamento(java.lang.String).
[INFO] -- MapStruct: selecting property mapping: orcamentoRequestDTO.getCondicoesPagamento().
[INFO] -- MapStruct: mapping property: orcamentoRequestDTO.getPrazoEntrega() to: setPrazoEntrega(java.lang.String).
[INFO] -- MapStruct: selecting property mapping: orcamentoRequestDTO.getPrazoEntrega().
[INFO] -- MapStruct: mapping property: orcamentoRequestDTO.getDataCotacao() to: setDataCotacao(java.time.LocalDate).
[INFO] -- MapStruct: selecting property mapping: orcamentoRequestDTO.getDataCotacao().
[INFO] -- MapStruct: mapping property: orcamentoRequestDTO.getNumeroOrcamento() to: setNumeroOrcamento(java.lang.String).
[INFO] -- MapStruct: selecting property mapping: orcamentoRequestDTO.getNumeroOrcamento().
[INFO] - MapStruct: creating bean mapping method implementation for com.zlogcompras.model.dto.OrcamentoResponseDTO toResponseDto(com.zlogcompras.model.Orcamento orcamento).
[INFO] -- MapStruct: mapping property: orcamentoSolicitacaoCompraId( orcamento ) to: setSolicitacaoCompraId(java.lang.Long).
[INFO] -- MapStruct: selecting property mapping: orcamentoSolicitacaoCompraId( orcamento ).
[INFO] -- MapStruct: mapping property: orcamentoFornecedorId( orcamento ) to: setFornecedorId(java.lang.Long).
[INFO] -- MapStruct: selecting property mapping: orcamentoFornecedorId( orcamento ).
[INFO] -- MapStruct: mapping property: orcamentoFornecedorRazaoSocial( orcamento ) to: setNomeFornecedor(java.lang.String).
[INFO] -- MapStruct: selecting property mapping: orcamentoFornecedorRazaoSocial( orcamento ).
[INFO] -- MapStruct: mapping property: orcamentoFornecedorCnpj( orcamento ) to: setCnpjFornecedor(java.lang.String).
[INFO] -- MapStruct: selecting property mapping: orcamentoFornecedorCnpj( orcamento ).
[INFO] -- MapStruct: mapping property: orcamentoSolicitacaoCompraDescricao( orcamento ) to: setDescricaoSolicitacaoCompra(java.lang.String).
[INFO] -- MapStruct: selecting property mapping: orcamentoSolicitacaoCompraDescricao( orcamento ).
[INFO] -- MapStruct: mapping property: orcamento.getStatus() to: setStatus(java.lang.String).
[INFO] -- MapStruct: selecting property mapping: java.lang.String #mapStatusOrcamentoToString(orcamento.getStatus()).
[INFO] -- MapStruct: mapping property: orcamento.getItensOrcamento() to: setItensOrcamento(java.util.List<com.zlogcompras.model.dto.ItemOrcamentoResponseDTO>).
[INFO] -- MapStruct: selecting property mapping: java.util.List<com.zlogcompras.model.dto.ItemOrcamentoResponseDTO> #toItemOrcamentoResponseDtoList(orcamento.getItensOrcamento()).
[INFO] -- MapStruct: mapping property: orcamento.getId() to: setId(java.lang.Long).
[INFO] -- MapStruct: selecting property mapping: orcamento.getId().
[INFO] -- MapStruct: mapping property: orcamento.getDataCotacao() to: setDataCotacao(java.time.LocalDate).
[INFO] -- MapStruct: selecting property mapping: orcamento.getDataCotacao().
[INFO] -- MapStruct: mapping property: orcamento.getNumeroOrcamento() to: setNumeroOrcamento(java.lang.String).
[INFO] -- MapStruct: selecting property mapping: orcamento.getNumeroOrcamento().
[INFO] -- MapStruct: mapping property: orcamento.getValorTotal() to: setValorTotal(java.math.BigDecimal).
[INFO] -- MapStruct: selecting property mapping: orcamento.getValorTotal().
[INFO] -- MapStruct: mapping property: orcamento.getObservacoes() to: setObservacoes(java.lang.String).
[INFO] -- MapStruct: selecting property mapping: orcamento.getObservacoes().
[INFO] -- MapStruct: mapping property: orcamento.getCondicoesPagamento() to: setCondicoesPagamento(java.lang.String).
[INFO] -- MapStruct: selecting property mapping: orcamento.getCondicoesPagamento().
[INFO] -- MapStruct: mapping property: orcamento.getPrazoEntrega() to: setPrazoEntrega(java.lang.String).
[INFO] -- MapStruct: selecting property mapping: orcamento.getPrazoEntrega().
[INFO] -- MapStruct: mapping property: orcamento.getVersion() to: setVersion(java.lang.Long).
[INFO] -- MapStruct: selecting property mapping: orcamento.getVersion().
[INFO] - MapStruct: creating bean mapping method implementation for com.zlogcompras.model.dto.OrcamentoListaDTO toListaDto(com.zlogcompras.model.Orcamento orcamento).
[INFO] -- MapStruct: mapping property: orcamentoSolicitacaoCompraId( orcamento ) to: setSolicitacaoCompraId(java.lang.Long).
[INFO] -- MapStruct: selecting property mapping: orcamentoSolicitacaoCompraId( orcamento ).
[INFO] -- MapStruct: mapping property: orcamentoFornecedorRazaoSocial( orcamento ) to: setNomeFornecedor(java.lang.String).
[INFO] -- MapStruct: selecting property mapping: orcamentoFornecedorRazaoSocial( orcamento ).
[INFO] -- MapStruct: mapping property: orcamento.getId() to: setId(java.lang.Long).
[INFO] -- MapStruct: selecting property mapping: orcamento.getId().
[INFO] -- MapStruct: mapping property: orcamento.getNumeroOrcamento() to: setNumeroOrcamento(java.lang.String).
[INFO] -- MapStruct: selecting property mapping: orcamento.getNumeroOrcamento().
[INFO] -- MapStruct: mapping property: orcamento.getDataCotacao() to: setDataCotacao(java.time.LocalDate).
[INFO] -- MapStruct: selecting property mapping: orcamento.getDataCotacao().
[INFO] -- MapStruct: mapping property: orcamento.getValorTotal() to: setValorTotal(java.math.BigDecimal).
[INFO] -- MapStruct: selecting property mapping: orcamento.getValorTotal().
[INFO] -- MapStruct: mapping property: orcamento.getStatus() to: setStatus(java.lang.String).
[INFO] -- MapStruct: selecting property mapping: orcamento.getStatus().name().
[INFO] - MapStruct: creating iterable mapping method implementation for java.util.List<com.zlogcompras.model.dto.OrcamentoListaDTO> toListaDtoList(java.util.List<com.zlogcompras.model.Orcamento> orcamentos).
[INFO] -- MapStruct: selecting element mapping: com.zlogcompras.model.dto.OrcamentoListaDTO #toListaDto(orcamento).
[INFO] - MapStruct: creating bean mapping method implementation for com.zlogcompras.model.ItemOrcamento toItemOrcamentoEntity(com.zlogcompras.model.dto.ItemOrcamentoRequestDTO itemOrcamentoRequestDTO).
[INFO] -- MapStruct: mapping property: itemOrcamentoRequestDTO.getPrecoUnitarioCotado() to: setPrecoUnitarioCotado(java.math.BigDecimal).
[INFO] -- MapStruct: selecting property mapping: itemOrcamentoRequestDTO.getPrecoUnitarioCotado().
[INFO] -- MapStruct: mapping property: itemOrcamentoRequestDTO.getProdutoId() to: setProduto(com.zlogcompras.model.Produto).
[INFO] -- MapStruct: selecting property mapping: com.zlogcompras.model.Produto #mapProdutoIdToProduto(itemOrcamentoRequestDTO.getProdutoId()).
[INFO] -- MapStruct: mapping property: itemOrcamentoRequestDTO.getQuantidade() to: setQuantidade(java.math.BigDecimal).
[INFO] -- MapStruct: selecting property mapping: itemOrcamentoRequestDTO.getQuantidade().
[INFO] -- MapStruct: mapping property: itemOrcamentoRequestDTO.getObservacoes() to: setObservacoes(java.lang.String).
[INFO] -- MapStruct: selecting property mapping: itemOrcamentoRequestDTO.getObservacoes().
[INFO] - MapStruct: creating bean mapping method implementation for com.zlogcompras.model.dto.ItemOrcamentoResponseDTO toItemOrcamentoResponseDto(com.zlogcompras.model.ItemOrcamento itemOrcamento).
[INFO] -- MapStruct: mapping property: itemOrcamentoProdutoId( itemOrcamento ) to: setProdutoId(java.lang.Long).
[INFO] -- MapStruct: selecting property mapping: itemOrcamentoProdutoId( itemOrcamento ).
[INFO] -- MapStruct: mapping property: itemOrcamentoProdutoNome( itemOrcamento ) to: setNomeProduto(java.lang.String).
[INFO] -- MapStruct: selecting property mapping: itemOrcamentoProdutoNome( itemOrcamento ).
[INFO] -- MapStruct: mapping property: itemOrcamentoProdutoCodigo( itemOrcamento ) to: setCodigoProduto(java.lang.String).
[INFO] -- MapStruct: selecting property mapping: itemOrcamentoProdutoCodigo( itemOrcamento ).
[INFO] -- MapStruct: mapping property: itemOrcamentoProdutoUnidadeMedida( itemOrcamento ) to: setUnidadeMedidaProduto(java.lang.String).
[INFO] -- MapStruct: selecting property mapping: itemOrcamentoProdutoUnidadeMedida( itemOrcamento ).
[INFO] -- MapStruct: mapping property: itemOrcamento.getPrecoUnitarioCotado() to: setPrecoUnitarioCotado(java.math.BigDecimal).
[INFO] -- MapStruct: selecting property mapping: itemOrcamento.getPrecoUnitarioCotado().
[INFO] -- MapStruct: mapping property: itemOrcamento.getObservacoes() to: setObservacoes(java.lang.String).
[INFO] -- MapStruct: selecting property mapping: itemOrcamento.getObservacoes().
[INFO] -- MapStruct: mapping property: itemOrcamento.getVersion() to: setVersion(java.lang.Long).
[INFO] -- MapStruct: selecting property mapping: itemOrcamento.getVersion().
[INFO] -- MapStruct: mapping property: itemOrcamento.getId() to: setId(java.lang.Long).
[INFO] -- MapStruct: selecting property mapping: itemOrcamento.getId().
[INFO] -- MapStruct: mapping property: itemOrcamento.getQuantidade() to: setQuantidade(java.math.BigDecimal).
[INFO] -- MapStruct: selecting property mapping: itemOrcamento.getQuantidade().
[INFO] - MapStruct: creating iterable mapping method implementation for java.util.List<com.zlogcompras.model.dto.ItemOrcamentoResponseDTO> toItemOrcamentoResponseDtoList(java.util.List<com.zlogcompras.model.ItemOrcamento> itensOrcamento).
[INFO] -- MapStruct: selecting element mapping: com.zlogcompras.model.dto.ItemOrcamentoResponseDTO #toItemOrcamentoResponseDto(itemOrcamento).
[INFO]  MapStruct: processing: com.zlogcompras.mapper.SolicitacaoCompraMapper.
[INFO] - MapStruct: creating bean mapping method implementation for com.zlogcompras.model.SolicitacaoCompra toEntity(com.zlogcompras.model.dto.SolicitacaoCompraRequestDTO dto).
[INFO] -- MapStruct: mapping property: dto.getStatus() to: setStatus(com.zlogcompras.model.StatusSolicitacaoCompra).
[INFO] -- MapStruct: selecting property mapping: com.zlogcompras.model.StatusSolicitacaoCompra #mapStringToStatusSolicitacaoCompra(dto.getStatus()).
[INFO] -- MapStruct: mapping property: dto.getSolicitante() to: setSolicitante(java.lang.String).
[INFO] -- MapStruct: selecting property mapping: dto.getSolicitante().
[INFO] -- MapStruct: mapping property: dto.getDescricao() to: setDescricao(java.lang.String).
[INFO] -- MapStruct: selecting property mapping: dto.getDescricao().
[INFO] - MapStruct: creating bean mapping method implementation for com.zlogcompras.model.dto.SolicitacaoCompraResponseDTO toResponseDto(com.zlogcompras.model.SolicitacaoCompra entity).
[INFO] -- MapStruct: mapping property: entity.getId() to: setSolicitacaoCompraId(java.lang.Long).
[INFO] -- MapStruct: selecting property mapping: entity.getId().
[INFO] -- MapStruct: mapping property: entity.getDescricao() to: setDescricaoSolicitacaoCompra(java.lang.String).
[INFO] -- MapStruct: selecting property mapping: entity.getDescricao().
[INFO] -- MapStruct: mapping property: entity.getItens() to: setItens(java.util.List<com.zlogcompras.model.dto.ItemSolicitacaoCompraResponseDTO>).
[INFO] -- MapStruct: selecting property mapping: java.util.List<com.zlogcompras.model.dto.ItemSolicitacaoCompraResponseDTO> #mapItemSolicitacaoCompraSetToResponseDtoList(entity.getItens()).
[INFO] -- MapStruct: mapping property: entity.getStatus() to: setStatus(java.lang.String).
[INFO] -- MapStruct: selecting property mapping: java.lang.String #mapStatusSolicitacaoCompraToString(entity.getStatus()).
[INFO] -- MapStruct: mapping property: entity.getId() to: setId(java.lang.Long).
[INFO] -- MapStruct: selecting property mapping: entity.getId().
[INFO] -- MapStruct: mapping property: entity.getDataSolicitacao() to: setDataSolicitacao(java.time.LocalDate).
[INFO] -- MapStruct: selecting property mapping: entity.getDataSolicitacao().
[INFO] -- MapStruct: mapping property: entity.getSolicitante() to: setSolicitante(java.lang.String).
[INFO] -- MapStruct: selecting property mapping: entity.getSolicitante().
[INFO] -- MapStruct: mapping property: entity.getVersion() to: setVersion(java.lang.Long).
[INFO] -- MapStruct: selecting property mapping: entity.getVersion().
[INFO] -- MapStruct: mapping property: entity.getDataCriacao() to: setDataCriacao(java.time.LocalDateTime).
[INFO] -- MapStruct: selecting property mapping: entity.getDataCriacao().
[INFO] -- MapStruct: mapping property: entity.getDataAtualizacao() to: setDataAtualizacao(java.time.LocalDateTime).
[INFO] -- MapStruct: selecting property mapping: entity.getDataAtualizacao().
[INFO] - MapStruct: creating bean mapping method implementation for com.zlogcompras.model.ItemSolicitacaoCompra toItemEntity(com.zlogcompras.model.dto.ItemSolicitacaoCompraRequestDTO dto).
[INFO] -- MapStruct: mapping property: dto.getStatus() to: setStatus(com.zlogcompras.model.StatusItemSolicitacao).
[INFO] -- MapStruct: selecting property mapping: com.zlogcompras.model.StatusItemSolicitacao #mapStringToStatusItemSolicitacao(dto.getStatus()).
[INFO] -- MapStruct: mapping property: dto.getQuantidade() to: setQuantidade(java.math.BigDecimal).
[INFO] -- MapStruct: selecting property mapping: dto.getQuantidade().
[INFO] -- MapStruct: mapping property: dto.getDescricaoAdicional() to: setDescricaoAdicional(java.lang.String).
[INFO] -- MapStruct: selecting property mapping: dto.getDescricaoAdicional().
[INFO] - MapStruct: creating bean mapping method implementation for com.zlogcompras.model.dto.ItemSolicitacaoCompraResponseDTO toItemResponseDto(com.zlogcompras.model.ItemSolicitacaoCompra entity).
[INFO] -- MapStruct: mapping property: entityProdutoId( entity ) to: setProdutoId(java.lang.Long).
[INFO] -- MapStruct: selecting property mapping: entityProdutoId( entity ).
[INFO] -- MapStruct: mapping property: entityProdutoNome( entity ) to: setNomeProduto(java.lang.String).
[INFO] -- MapStruct: selecting property mapping: entityProdutoNome( entity ).
[INFO] -- MapStruct: mapping property: entityProdutoCodigo( entity ) to: setCodigoProduto(java.lang.String).
[INFO] -- MapStruct: selecting property mapping: entityProdutoCodigo( entity ).
[INFO] -- MapStruct: mapping property: entityProdutoUnidadeMedida( entity ) to: setUnidadeMedidaProduto(java.lang.String).
[INFO] -- MapStruct: selecting property mapping: entityProdutoUnidadeMedida( entity ).
[INFO] -- MapStruct: mapping property: entity.getStatus() to: setStatus(java.lang.String).
[INFO] -- MapStruct: selecting property mapping: java.lang.String #mapStatusItemSolicitacaoToString(entity.getStatus()).
[INFO] -- MapStruct: mapping property: entity.getId() to: setId(java.lang.Long).
[INFO] -- MapStruct: selecting property mapping: entity.getId().
[INFO] -- MapStruct: mapping property: entity.getQuantidade() to: setQuantidade(java.math.BigDecimal).
[INFO] -- MapStruct: selecting property mapping: entity.getQuantidade().
[INFO] -- MapStruct: mapping property: entity.getDescricaoAdicional() to: setDescricaoAdicional(java.lang.String).
[INFO] -- MapStruct: selecting property mapping: entity.getDescricaoAdicional().
[INFO] - MapStruct: creating bean mapping method implementation for void updateEntityFromDto(com.zlogcompras.model.dto.SolicitacaoCompraRequestDTO dto, @MappingTarget com.zlogcompras.model.SolicitacaoCompra entity).
[INFO] -- MapStruct: mapping property: dto.getStatus() to: setStatus(com.zlogcompras.model.StatusSolicitacaoCompra).
[INFO] -- MapStruct: selecting property mapping: com.zlogcompras.model.StatusSolicitacaoCompra #mapStringToStatusSolicitacaoCompra(dto.getStatus()).
[INFO] -- MapStruct: mapping property: dto.getSolicitante() to: setSolicitante(java.lang.String).
[INFO] -- MapStruct: selecting property mapping: dto.getSolicitante().
[INFO] -- MapStruct: mapping property: dto.getDescricao() to: setDescricao(java.lang.String).
[INFO] -- MapStruct: selecting property mapping: dto.getDescricao().
[INFO] - MapStruct: creating iterable mapping method implementation for java.util.List<com.zlogcompras.model.dto.ItemSolicitacaoCompraResponseDTO> mapItemSolicitacaoCompraSetToResponseDtoList(java.util.Set<com.zlogcompras.model.ItemSolicitacaoCompra> itens).
[INFO] -- MapStruct: selecting element mapping: com.zlogcompras.model.dto.ItemSolicitacaoCompraResponseDTO #toItemResponseDto(itemSolicitacaoCompra).
[INFO] - MapStruct: creating iterable mapping method implementation for java.util.Set<com.zlogcompras.model.ItemSolicitacaoCompra> mapItemSolicitacaoCompraRequestDtoListToEntitySet(java.util.List<com.zlogcompras.model.dto.ItemSolicitacaoCompraRequestDTO> itemDtos).
[INFO] -- MapStruct: selecting element mapping: com.zlogcompras.model.ItemSolicitacaoCompra #toItemEntity(itemSolicitacaoCompraRequestDTO).
[INFO]  MapStruct: processing: com.zlogcompras.mapper.PedidoCompraMapper.
[INFO] - MapStruct: creating bean mapping method implementation for com.zlogcompras.model.dto.PedidoCompraResponseDTO toResponseDto(com.zlogcompras.model.PedidoCompra pedidoCompra).
[INFO] -- MapStruct: mapping property: pedidoCompraOrcamentoId( pedidoCompra ) to: setOrcamentoAprovadoId(java.lang.Long).
[INFO] -- MapStruct: selecting property mapping: pedidoCompraOrcamentoId( pedidoCompra ).
[INFO] -- MapStruct: mapping property: pedidoCompraFornecedorId( pedidoCompra ) to: setFornecedorId(java.lang.Long).
[INFO] -- MapStruct: selecting property mapping: pedidoCompraFornecedorId( pedidoCompra ).
[INFO] -- MapStruct: mapping property: pedidoCompraFornecedorRazaoSocial( pedidoCompra ) to: setNomeFornecedor(java.lang.String).
[INFO] -- MapStruct: selecting property mapping: pedidoCompraFornecedorRazaoSocial( pedidoCompra ).
[INFO] -- MapStruct: mapping property: pedidoCompra.getStatus() to: setStatus(com.zlogcompras.model.StatusPedidoCompra).
[INFO] -- MapStruct: selecting property mapping: pedidoCompra.getStatus().
[INFO] -- MapStruct: mapping property: pedidoCompra.getId() to: setId(java.lang.Long).
[INFO] -- MapStruct: selecting property mapping: pedidoCompra.getId().
[INFO] -- MapStruct: mapping property: pedidoCompra.getDataPedido() to: setDataPedido(java.time.LocalDate).
[INFO] -- MapStruct: selecting property mapping: pedidoCompra.getDataPedido().
[INFO] -- MapStruct: mapping property: pedidoCompra.getValorTotal() to: setValorTotal(java.math.BigDecimal).
[INFO] -- MapStruct: selecting property mapping: pedidoCompra.getValorTotal().
[INFO] -- MapStruct: mapping property: pedidoCompra.getObservacoes() to: setObservacoes(java.lang.String).
[INFO] -- MapStruct: selecting property mapping: pedidoCompra.getObservacoes().
[INFO] - MapStruct: creating iterable mapping method implementation for java.util.List<com.zlogcompras.model.dto.PedidoCompraResponseDTO> toResponseDtoList(java.util.List<com.zlogcompras.model.PedidoCompra> pedidosCompra).
[INFO] -- MapStruct: selecting element mapping: com.zlogcompras.model.dto.PedidoCompraResponseDTO #toResponseDto(pedidoCompra).
[INFO] - MapStruct: creating bean mapping method implementation for com.zlogcompras.model.dto.ItemPedidoCompraResponseDTO toItemPedidoCompraResponseDto(com.zlogcompras.model.ItemPedidoCompra itemPedidoCompra).
[INFO] -- MapStruct: mapping property: itemPedidoCompraProdutoId( itemPedidoCompra ) to: setProdutoId(java.lang.Long).
[INFO] -- MapStruct: selecting property mapping: itemPedidoCompraProdutoId( itemPedidoCompra ).
[INFO] -- MapStruct: mapping property: itemPedidoCompraProdutoNome( itemPedidoCompra ) to: setNomeProduto(java.lang.String).
[INFO] -- MapStruct: selecting property mapping: itemPedidoCompraProdutoNome( itemPedidoCompra ).
[INFO] -- MapStruct: mapping property: itemPedidoCompraProdutoCodigo( itemPedidoCompra ) to: setCodigoProduto(java.lang.String).
[INFO] -- MapStruct: selecting property mapping: itemPedidoCompraProdutoCodigo( itemPedidoCompra ).
[INFO] -- MapStruct: mapping property: itemPedidoCompraProdutoUnidadeMedida( itemPedidoCompra ) to: setUnidadeMedida(java.lang.String).
[INFO] -- MapStruct: selecting property mapping: itemPedidoCompraProdutoUnidadeMedida( itemPedidoCompra ).
[INFO] -- MapStruct: mapping property: itemPedidoCompra.getId() to: setId(java.lang.Long).
[INFO] -- MapStruct: selecting property mapping: itemPedidoCompra.getId().
[INFO] -- MapStruct: mapping property: itemPedidoCompra.getQuantidade() to: setQuantidade(java.math.BigDecimal).
[INFO] -- MapStruct: selecting property mapping: itemPedidoCompra.getQuantidade().
[INFO] -- MapStruct: mapping property: itemPedidoCompra.getPrecoUnitario() to: setPrecoUnitario(java.math.BigDecimal).
[INFO] -- MapStruct: selecting property mapping: itemPedidoCompra.getPrecoUnitario().
[INFO] -- MapStruct: mapping property: itemPedidoCompra.getSubtotal() to: setSubtotal(java.math.BigDecimal).
[INFO] -- MapStruct: selecting property mapping: itemPedidoCompra.getSubtotal().
[INFO] -- MapStruct: mapping property: itemPedidoCompra.getObservacoes() to: setObservacoes(java.lang.String).
[INFO] -- MapStruct: selecting property mapping: itemPedidoCompra.getObservacoes().
[INFO] -- MapStruct: mapping property: itemPedidoCompra.getVersion() to: setVersion(java.lang.Long).
[INFO] -- MapStruct: selecting property mapping: itemPedidoCompra.getVersion().
[INFO] - MapStruct: creating iterable mapping method implementation for java.util.List<com.zlogcompras.model.dto.ItemPedidoCompraResponseDTO> toItemPedidoCompraResponseDtoList(java.util.List<com.zlogcompras.model.ItemPedidoCompra> itensPedidoCompra).
[INFO] -- MapStruct: selecting element mapping: com.zlogcompras.model.dto.ItemPedidoCompraResponseDTO #toItemPedidoCompraResponseDto(itemPedidoCompra).
[INFO]  MapStruct: processing: com.zlogcompras.mapper.ProdutoMapper.
[INFO] - MapStruct: creating bean mapping method implementation for com.zlogcompras.model.Produto toEntity(com.zlogcompras.model.dto.ProdutoRequestDTO dto).
[INFO] -- MapStruct: mapping property: dto.getCodigo() to: setCodigo(java.lang.String).
[INFO] -- MapStruct: selecting property mapping: dto.getCodigo().
[INFO] -- MapStruct: mapping property: dto.getNome() to: setNome(java.lang.String).
[INFO] -- MapStruct: selecting property mapping: dto.getNome().
[INFO] -- MapStruct: mapping property: dto.getDescricao() to: setDescricao(java.lang.String).
[INFO] -- MapStruct: selecting property mapping: dto.getDescricao().
[INFO] -- MapStruct: mapping property: dto.getUnidadeMedida() to: setUnidadeMedida(java.lang.String).
[INFO] -- MapStruct: selecting property mapping: dto.getUnidadeMedida().
[INFO] -- MapStruct: mapping property: dto.getPrecoUnitario() to: setPrecoUnitario(java.math.BigDecimal).
[INFO] -- MapStruct: selecting property mapping: dto.getPrecoUnitario().
[INFO] -- MapStruct: mapping property: dto.getCategoria() to: setCategoria(java.lang.String).
[INFO] -- MapStruct: selecting property mapping: dto.getCategoria().
[INFO] - MapStruct: creating bean mapping method implementation for com.zlogcompras.model.dto.ProdutoResponseDTO toResponseDto(com.zlogcompras.model.Produto entity).
[INFO] -- MapStruct: mapping property: entity.getId() to: setId(java.lang.Long).
[INFO] -- MapStruct: selecting property mapping: entity.getId().
[INFO] -- MapStruct: mapping property: entity.getCodigo() to: setCodigo(java.lang.String).
[INFO] -- MapStruct: selecting property mapping: entity.getCodigo().
[INFO] -- MapStruct: mapping property: entity.getNome() to: setNome(java.lang.String).
[INFO] -- MapStruct: selecting property mapping: entity.getNome().
[INFO] -- MapStruct: mapping property: entity.getDescricao() to: setDescricao(java.lang.String).
[INFO] -- MapStruct: selecting property mapping: entity.getDescricao().
[INFO] -- MapStruct: mapping property: entity.getUnidadeMedida() to: setUnidadeMedida(java.lang.String).
[INFO] -- MapStruct: selecting property mapping: entity.getUnidadeMedida().
[INFO] -- MapStruct: mapping property: entity.getPrecoUnitario() to: setPrecoUnitario(java.math.BigDecimal).
[INFO] -- MapStruct: selecting property mapping: entity.getPrecoUnitario().
[INFO] -- MapStruct: mapping property: entity.getDataCriacao() to: setDataCriacao(java.time.LocalDateTime).
[INFO] -- MapStruct: selecting property mapping: entity.getDataCriacao().
[INFO] -- MapStruct: mapping property: entity.getDataAtualizacao() to: setDataAtualizacao(java.time.LocalDateTime).
[INFO] -- MapStruct: selecting property mapping: entity.getDataAtualizacao().
[INFO] -- MapStruct: mapping property: entity.getVersion() to: setVersion(java.lang.Long).
[INFO] -- MapStruct: selecting property mapping: entity.getVersion().
[INFO] - MapStruct: creating bean mapping method implementation for void updateEntityFromDto(com.zlogcompras.model.dto.ProdutoRequestDTO dto, @MappingTarget com.zlogcompras.model.Produto entity).
[INFO] -- MapStruct: mapping property: dto.getCodigo() to: setCodigo(java.lang.String).
[INFO] -- MapStruct: selecting property mapping: dto.getCodigo().
[INFO] -- MapStruct: mapping property: dto.getNome() to: setNome(java.lang.String).
[INFO] -- MapStruct: selecting property mapping: dto.getNome().
[INFO] -- MapStruct: mapping property: dto.getDescricao() to: setDescricao(java.lang.String).
[INFO] -- MapStruct: selecting property mapping: dto.getDescricao().
[INFO] -- MapStruct: mapping property: dto.getUnidadeMedida() to: setUnidadeMedida(java.lang.String).
[INFO] -- MapStruct: selecting property mapping: dto.getUnidadeMedida().
[INFO] -- MapStruct: mapping property: dto.getPrecoUnitario() to: setPrecoUnitario(java.math.BigDecimal).
[INFO] -- MapStruct: selecting property mapping: dto.getPrecoUnitario().
[INFO] -- MapStruct: mapping property: dto.getCategoria() to: setCategoria(java.lang.String).
[INFO] -- MapStruct: selecting property mapping: dto.getCategoria().
[INFO] /C:/Users/DELL/ZLOG_COMPRAS/ZLOG_COMPRAS/src/main/java/com/zlogcompras/service/JwtService.java: Some input files use or override a deprecated API.
[INFO] /C:/Users/DELL/ZLOG_COMPRAS/ZLOG_COMPRAS/src/main/java/com/zlogcompras/service/JwtService.java: Recompile with -Xlint:deprecation for details.
[INFO] Some messages have been simplified; recompile with -Xdiags:verbose to get full output
[INFO] -------------------------------------------------------------
[WARNING] COMPILATION WARNING : 
[INFO] -------------------------------------------------------------
[WARNING] /C:/Users/DELL/ZLOG_COMPRAS/ZLOG_COMPRAS/src/main/java/com/zlogcompras/mapper/ProdutoMapper.java:[21,13] Unmapped target property: "deletedAt".
[WARNING] /C:/Users/DELL/ZLOG_COMPRAS/ZLOG_COMPRAS/src/main/java/com/zlogcompras/mapper/ProdutoMapper.java:[32,10] Unmapped target property: "deletedAt".
[INFO] 2 warnings 
[INFO] -------------------------------------------------------------
[INFO] -------------------------------------------------------------
[ERROR] COMPILATION ERROR : 
[INFO] -------------------------------------------------------------
[ERROR] /C:/Users/DELL/ZLOG_COMPRAS/ZLOG_COMPRAS/src/main/java/com/zlogcompras/service/OrcamentoService.java:[112,26] cannot find symbol
  symbol:   method setNomeProduto(java.lang.String)
  location: variable itemOrcamento of type com.zlogcompras.model.ItemOrcamento
[ERROR] /C:/Users/DELL/ZLOG_COMPRAS/ZLOG_COMPRAS/src/main/java/com/zlogcompras/service/OrcamentoService.java:[113,26] cannot find symbol
  symbol:   method setCodigoProduto(java.lang.String)
  location: variable itemOrcamento of type com.zlogcompras.model.ItemOrcamento
[ERROR] /C:/Users/DELL/ZLOG_COMPRAS/ZLOG_COMPRAS/src/main/java/com/zlogcompras/service/OrcamentoService.java:[114,26] cannot find symbol
  symbol:   method setUnidadeMedidaProduto(java.lang.String)
  location: variable itemOrcamento of type com.zlogcompras.model.ItemOrcamento
[ERROR] /C:/Users/DELL/ZLOG_COMPRAS/ZLOG_COMPRAS/src/main/java/com/zlogcompras/service/OrcamentoService.java:[192,27] cannot find symbol
  symbol:   method setNomeProduto(java.lang.String)
  location: variable itemAtualizado of type com.zlogcompras.model.ItemOrcamento
[ERROR] /C:/Users/DELL/ZLOG_COMPRAS/ZLOG_COMPRAS/src/main/java/com/zlogcompras/service/OrcamentoService.java:[193,27] cannot find symbol
  symbol:   method setCodigoProduto(java.lang.String)
  location: variable itemAtualizado of type com.zlogcompras.model.ItemOrcamento
[ERROR] /C:/Users/DELL/ZLOG_COMPRAS/ZLOG_COMPRAS/src/main/java/com/zlogcompras/service/OrcamentoService.java:[194,27] cannot find symbol
  symbol:   method setUnidadeMedidaProduto(java.lang.String)
  location: variable itemAtualizado of type com.zlogcompras.model.ItemOrcamento
[ERROR] /C:/Users/DELL/ZLOG_COMPRAS/ZLOG_COMPRAS/src/main/java/com/zlogcompras/service/PedidoCompraService.java:[77,59] incompatible types: java.lang.Integer cannot be converted to java.math.BigDecimal
[ERROR] /C:/Users/DELL/ZLOG_COMPRAS/ZLOG_COMPRAS/src/main/java/com/zlogcompras/service/PedidoCompraService.java:[81,23] cannot find symbol
  symbol:   method setNomeProduto(java.lang.String)
  location: variable itemPedido of type com.zlogcompras.model.ItemPedidoCompra
[ERROR] /C:/Users/DELL/ZLOG_COMPRAS/ZLOG_COMPRAS/src/main/java/com/zlogcompras/service/PedidoCompraService.java:[82,23] cannot find symbol
  symbol:   method setCodigoProduto(java.lang.String)
  location: variable itemPedido of type com.zlogcompras.model.ItemPedidoCompra
[ERROR] /C:/Users/DELL/ZLOG_COMPRAS/ZLOG_COMPRAS/src/main/java/com/zlogcompras/service/PedidoCompraService.java:[83,23] cannot find symbol
  symbol:   method setUnidadeMedida(java.lang.String)
  location: variable itemPedido of type com.zlogcompras.model.ItemPedidoCompra
[ERROR] /C:/Users/DELL/ZLOG_COMPRAS/ZLOG_COMPRAS/src/main/java/com/zlogcompras/service/PedidoCompraService.java:[125,76] incompatible types: int cannot be converted to java.math.BigDecimal
[ERROR] /C:/Users/DELL/ZLOG_COMPRAS/ZLOG_COMPRAS/src/main/java/com/zlogcompras/service/PedidoCompraService.java:[129,52] cannot find symbol
  symbol:   method getNomeProduto()
  location: variable itemOrcamento of type com.zlogcompras.model.ItemOrcamento
[ERROR] /C:/Users/DELL/ZLOG_COMPRAS/ZLOG_COMPRAS/src/main/java/com/zlogcompras/service/PedidoCompraService.java:[130,54] cannot find symbol
  symbol:   method getCodigoProduto()
  location: variable itemOrcamento of type com.zlogcompras.model.ItemOrcamento
[ERROR] /C:/Users/DELL/ZLOG_COMPRAS/ZLOG_COMPRAS/src/main/java/com/zlogcompras/service/PedidoCompraService.java:[131,54] cannot find symbol
  symbol:   method getUnidadeMedidaProduto()
  location: variable itemOrcamento of type com.zlogcompras.model.ItemOrcamento
[ERROR] /C:/Users/DELL/ZLOG_COMPRAS/ZLOG_COMPRAS/src/main/java/com/zlogcompras/service/PedidoCompraService.java:[219,53] incompatible types: java.lang.Integer cannot be converted to java.math.BigDecimal
[ERROR] /C:/Users/DELL/ZLOG_COMPRAS/ZLOG_COMPRAS/src/main/java/com/zlogcompras/service/PedidoCompraService.java:[230,71] no suitable constructor found for BigDecimal(java.math.BigDecimal)
    constructor java.math.BigDecimal.BigDecimal(char[]) is not applicable
      (argument mismatch; java.math.BigDecimal cannot be converted to char[])
    constructor java.math.BigDecimal.BigDecimal(java.lang.String) is not applicable
      (argument mismatch; java.math.BigDecimal cannot be converted to java.lang.String)
    constructor java.math.BigDecimal.BigDecimal(double) is not applicable
      (argument mismatch; java.math.BigDecimal cannot be converted to double)
    constructor java.math.BigDecimal.BigDecimal(java.math.BigInteger) is not applicable
      (argument mismatch; java.math.BigDecimal cannot be converted to java.math.BigInteger)
    constructor java.math.BigDecimal.BigDecimal(int) is not applicable
      (argument mismatch; java.math.BigDecimal cannot be converted to int)
    constructor java.math.BigDecimal.BigDecimal(long) is not applicable
      (argument mismatch; java.math.BigDecimal cannot be converted to long)
[ERROR] /C:/Users/DELL/ZLOG_COMPRAS/ZLOG_COMPRAS/src/main/java/com/zlogcompras/service/PedidoCompraService.java:[239,65] incompatible types: java.lang.Integer cannot be converted to java.math.BigDecimal
[ERROR] /C:/Users/DELL/ZLOG_COMPRAS/ZLOG_COMPRAS/src/main/java/com/zlogcompras/service/PedidoCompraService.java:[243,29] cannot find symbol
  symbol:   method setNomeProduto(java.lang.String)
  location: variable novoItem of type com.zlogcompras.model.ItemPedidoCompra
[ERROR] /C:/Users/DELL/ZLOG_COMPRAS/ZLOG_COMPRAS/src/main/java/com/zlogcompras/service/PedidoCompraService.java:[244,29] cannot find symbol
  symbol:   method setCodigoProduto(java.lang.String)
  location: variable novoItem of type com.zlogcompras.model.ItemPedidoCompra
[ERROR] /C:/Users/DELL/ZLOG_COMPRAS/ZLOG_COMPRAS/src/main/java/com/zlogcompras/service/PedidoCompraService.java:[245,29] cannot find symbol
  symbol:   method setUnidadeMedida(java.lang.String)
  location: variable novoItem of type com.zlogcompras.model.ItemPedidoCompra
[ERROR] /C:/Users/DELL/ZLOG_COMPRAS/ZLOG_COMPRAS/src/main/java/com/zlogcompras/service/PedidoCompraService.java:[301,57] incompatible types: java.lang.Integer cannot be converted to java.math.BigDecimal
[ERROR] /C:/Users/DELL/ZLOG_COMPRAS/ZLOG_COMPRAS/src/main/java/com/zlogcompras/service/PedidoCompraService.java:[305,21] cannot find symbol
  symbol:   method setNomeProduto(java.lang.String)
  location: variable novoItem of type com.zlogcompras.model.ItemPedidoCompra
[ERROR] /C:/Users/DELL/ZLOG_COMPRAS/ZLOG_COMPRAS/src/main/java/com/zlogcompras/service/PedidoCompraService.java:[306,21] cannot find symbol
  symbol:   method setCodigoProduto(java.lang.String)
  location: variable novoItem of type com.zlogcompras.model.ItemPedidoCompra
[ERROR] /C:/Users/DELL/ZLOG_COMPRAS/ZLOG_COMPRAS/src/main/java/com/zlogcompras/service/PedidoCompraService.java:[307,21] cannot find symbol
  symbol:   method setUnidadeMedida(java.lang.String)
  location: variable novoItem of type com.zlogcompras.model.ItemPedidoCompra
[ERROR] /C:/Users/DELL/ZLOG_COMPRAS/ZLOG_COMPRAS/src/main/java/com/zlogcompras/service/ProcessoCompraService.java:[196,66] incompatible types: int cannot be converted to java.math.BigDecimal
[ERROR] /C:/Users/DELL/ZLOG_COMPRAS/ZLOG_COMPRAS/src/main/java/com/zlogcompras/service/ProcessoCompraService.java:[201,27] cannot find symbol
  symbol:   method setNomeProduto(java.lang.String)
  location: variable itemPedido of type com.zlogcompras.model.ItemPedidoCompra
[ERROR] /C:/Users/DELL/ZLOG_COMPRAS/ZLOG_COMPRAS/src/main/java/com/zlogcompras/service/ProcessoCompraService.java:[202,27] cannot find symbol
  symbol:   method setCodigoProduto(java.lang.String)
  location: variable itemPedido of type com.zlogcompras.model.ItemPedidoCompra
[ERROR] /C:/Users/DELL/ZLOG_COMPRAS/ZLOG_COMPRAS/src/main/java/com/zlogcompras/service/ProcessoCompraService.java:[204,31] cannot find symbol
  symbol:   method setUnidadeMedida(java.lang.String)
  location: variable itemPedido of type com.zlogcompras.model.ItemPedidoCompra
[ERROR] /C:/Users/DELL/ZLOG_COMPRAS/ZLOG_COMPRAS/src/main/java/com/zlogcompras/service/ProcessoCompraService.java:[206,31] cannot find symbol
  symbol:   method setUnidadeMedida(java.lang.String)
  location: variable itemPedido of type com.zlogcompras.model.ItemPedidoCompra
[ERROR] /C:/Users/DELL/ZLOG_COMPRAS/ZLOG_COMPRAS/src/main/java/com/zlogcompras/service/ProcessoCompraService.java:[209,72] no suitable constructor found for BigDecimal(java.math.BigDecimal)
    constructor java.math.BigDecimal.BigDecimal(char[]) is not applicable
      (argument mismatch; java.math.BigDecimal cannot be converted to char[])
    constructor java.math.BigDecimal.BigDecimal(java.lang.String) is not applicable
      (argument mismatch; java.math.BigDecimal cannot be converted to java.lang.String)
    constructor java.math.BigDecimal.BigDecimal(double) is not applicable
      (argument mismatch; java.math.BigDecimal cannot be converted to double)
    constructor java.math.BigDecimal.BigDecimal(java.math.BigInteger) is not applicable
      (argument mismatch; java.math.BigDecimal cannot be converted to java.math.BigInteger)
    constructor java.math.BigDecimal.BigDecimal(int) is not applicable
      (argument mismatch; java.math.BigDecimal cannot be converted to int)
    constructor java.math.BigDecimal.BigDecimal(long) is not applicable
      (argument mismatch; java.math.BigDecimal cannot be converted to long)
[INFO] 30 errors 
[INFO] -------------------------------------------------------------
[INFO] ------------------------------------------------------------------------
[INFO] BUILD FAILURE
[INFO] ------------------------------------------------------------------------
[INFO] Total time:  6.435 s
[INFO] Finished at: 2026-05-17T12:07:06-03:00
[INFO] ------------------------------------------------------------------------
[ERROR] Failed to execute goal org.apache.maven.plugins:maven-compiler-plugin:3.13.0:compile (default-compile) on project zlogcompras: Compilation failure: Compilation failure: 
[ERROR] /C:/Users/DELL/ZLOG_COMPRAS/ZLOG_COMPRAS/src/main/java/com/zlogcompras/service/OrcamentoService.java:[112,26] cannot find symbol
[ERROR]   symbol:   method setNomeProduto(java.lang.String)
[ERROR]   location: variable itemOrcamento of type com.zlogcompras.model.ItemOrcamento
[ERROR] /C:/Users/DELL/ZLOG_COMPRAS/ZLOG_COMPRAS/src/main/java/com/zlogcompras/service/OrcamentoService.java:[113,26] cannot find symbol
[ERROR]   symbol:   method setCodigoProduto(java.lang.String)
[ERROR]   location: variable itemOrcamento of type com.zlogcompras.model.ItemOrcamento
[ERROR] /C:/Users/DELL/ZLOG_COMPRAS/ZLOG_COMPRAS/src/main/java/com/zlogcompras/service/OrcamentoService.java:[114,26] cannot find symbol
[ERROR]   symbol:   method setUnidadeMedidaProduto(java.lang.String)
[ERROR]   location: variable itemOrcamento of type com.zlogcompras.model.ItemOrcamento
[ERROR] /C:/Users/DELL/ZLOG_COMPRAS/ZLOG_COMPRAS/src/main/java/com/zlogcompras/service/OrcamentoService.java:[192,27] cannot find symbol
[ERROR]   symbol:   method setNomeProduto(java.lang.String)
[ERROR]   location: variable itemAtualizado of type com.zlogcompras.model.ItemOrcamento
[ERROR] /C:/Users/DELL/ZLOG_COMPRAS/ZLOG_COMPRAS/src/main/java/com/zlogcompras/service/OrcamentoService.java:[193,27] cannot find symbol
[ERROR]   symbol:   method setCodigoProduto(java.lang.String)
[ERROR]   location: variable itemAtualizado of type com.zlogcompras.model.ItemOrcamento
[ERROR] /C:/Users/DELL/ZLOG_COMPRAS/ZLOG_COMPRAS/src/main/java/com/zlogcompras/service/OrcamentoService.java:[194,27] cannot find symbol
[ERROR]   symbol:   method setUnidadeMedidaProduto(java.lang.String)
[ERROR]   location: variable itemAtualizado of type com.zlogcompras.model.ItemOrcamento
[ERROR] /C:/Users/DELL/ZLOG_COMPRAS/ZLOG_COMPRAS/src/main/java/com/zlogcompras/service/PedidoCompraService.java:[77,59] incompatible types: java.lang.Integer cannot be converted to java.math.BigDecimal
[ERROR] /C:/Users/DELL/ZLOG_COMPRAS/ZLOG_COMPRAS/src/main/java/com/zlogcompras/service/PedidoCompraService.java:[81,23] cannot find symbol
[ERROR]   symbol:   method setNomeProduto(java.lang.String)
[ERROR]   location: variable itemPedido of type com.zlogcompras.model.ItemPedidoCompra
[ERROR] /C:/Users/DELL/ZLOG_COMPRAS/ZLOG_COMPRAS/src/main/java/com/zlogcompras/service/PedidoCompraService.java:[82,23] cannot find symbol
[ERROR]   symbol:   method setCodigoProduto(java.lang.String)
[ERROR]   location: variable itemPedido of type com.zlogcompras.model.ItemPedidoCompra
[ERROR] /C:/Users/DELL/ZLOG_COMPRAS/ZLOG_COMPRAS/src/main/java/com/zlogcompras/service/PedidoCompraService.java:[83,23] cannot find symbol
[ERROR]   symbol:   method setUnidadeMedida(java.lang.String)
[ERROR]   location: variable itemPedido of type com.zlogcompras.model.ItemPedidoCompra
[ERROR] /C:/Users/DELL/ZLOG_COMPRAS/ZLOG_COMPRAS/src/main/java/com/zlogcompras/service/PedidoCompraService.java:[125,76] incompatible types: int cannot be converted to java.math.BigDecimal
[ERROR] /C:/Users/DELL/ZLOG_COMPRAS/ZLOG_COMPRAS/src/main/java/com/zlogcompras/service/PedidoCompraService.java:[129,52] cannot find symbol
[ERROR]   symbol:   method getNomeProduto()
[ERROR]   location: variable itemOrcamento of type com.zlogcompras.model.ItemOrcamento
[ERROR] /C:/Users/DELL/ZLOG_COMPRAS/ZLOG_COMPRAS/src/main/java/com/zlogcompras/service/PedidoCompraService.java:[130,54] cannot find symbol
[ERROR]   symbol:   method getCodigoProduto()
[ERROR]   location: variable itemOrcamento of type com.zlogcompras.model.ItemOrcamento
[ERROR] /C:/Users/DELL/ZLOG_COMPRAS/ZLOG_COMPRAS/src/main/java/com/zlogcompras/service/PedidoCompraService.java:[131,54] cannot find symbol
[ERROR]   symbol:   method getUnidadeMedidaProduto()
[ERROR]   location: variable itemOrcamento of type com.zlogcompras.model.ItemOrcamento
[ERROR] /C:/Users/DELL/ZLOG_COMPRAS/ZLOG_COMPRAS/src/main/java/com/zlogcompras/service/PedidoCompraService.java:[219,53] incompatible types: java.lang.Integer cannot be converted to java.math.BigDecimal
[ERROR] /C:/Users/DELL/ZLOG_COMPRAS/ZLOG_COMPRAS/src/main/java/com/zlogcompras/service/PedidoCompraService.java:[230,71] no suitable constructor found for BigDecimal(java.math.BigDecimal)
[ERROR]     constructor java.math.BigDecimal.BigDecimal(char[]) is not applicable
[ERROR]       (argument mismatch; java.math.BigDecimal cannot be converted to char[])
[ERROR]     constructor java.math.BigDecimal.BigDecimal(java.lang.String) is not applicable
[ERROR]       (argument mismatch; java.math.BigDecimal cannot be converted to java.lang.String)
[ERROR]     constructor java.math.BigDecimal.BigDecimal(double) is not applicable
[ERROR]       (argument mismatch; java.math.BigDecimal cannot be converted to double)
[ERROR]     constructor java.math.BigDecimal.BigDecimal(java.math.BigInteger) is not applicable
[ERROR]       (argument mismatch; java.math.BigDecimal cannot be converted to java.math.BigInteger)
[ERROR]     constructor java.math.BigDecimal.BigDecimal(int) is not applicable
[ERROR]       (argument mismatch; java.math.BigDecimal cannot be converted to int)
[ERROR]     constructor java.math.BigDecimal.BigDecimal(long) is not applicable
[ERROR]       (argument mismatch; java.math.BigDecimal cannot be converted to long)
[ERROR] /C:/Users/DELL/ZLOG_COMPRAS/ZLOG_COMPRAS/src/main/java/com/zlogcompras/service/PedidoCompraService.java:[239,65] incompatible types: java.lang.Integer cannot be converted to java.math.BigDecimal
[ERROR] /C:/Users/DELL/ZLOG_COMPRAS/ZLOG_COMPRAS/src/main/java/com/zlogcompras/service/PedidoCompraService.java:[243,29] cannot find symbol
[ERROR]   symbol:   method setNomeProduto(java.lang.String)
[ERROR]   location: variable novoItem of type com.zlogcompras.model.ItemPedidoCompra
[ERROR] /C:/Users/DELL/ZLOG_COMPRAS/ZLOG_COMPRAS/src/main/java/com/zlogcompras/service/PedidoCompraService.java:[244,29] cannot find symbol
[ERROR]   symbol:   method setCodigoProduto(java.lang.String)
[ERROR]   location: variable novoItem of type com.zlogcompras.model.ItemPedidoCompra
[ERROR] /C:/Users/DELL/ZLOG_COMPRAS/ZLOG_COMPRAS/src/main/java/com/zlogcompras/service/PedidoCompraService.java:[245,29] cannot find symbol
[ERROR]   symbol:   method setUnidadeMedida(java.lang.String)
[ERROR]   location: variable novoItem of type com.zlogcompras.model.ItemPedidoCompra
[ERROR] /C:/Users/DELL/ZLOG_COMPRAS/ZLOG_COMPRAS/src/main/java/com/zlogcompras/service/PedidoCompraService.java:[301,57] incompatible types: java.lang.Integer cannot be converted to java.math.BigDecimal
[ERROR] /C:/Users/DELL/ZLOG_COMPRAS/ZLOG_COMPRAS/src/main/java/com/zlogcompras/service/PedidoCompraService.java:[305,21] cannot find symbol
[ERROR]   symbol:   method setNomeProduto(java.lang.String)
[ERROR]   location: variable novoItem of type com.zlogcompras.model.ItemPedidoCompra
[ERROR] /C:/Users/DELL/ZLOG_COMPRAS/ZLOG_COMPRAS/src/main/java/com/zlogcompras/service/PedidoCompraService.java:[306,21] cannot find symbol
[ERROR]   symbol:   method setCodigoProduto(java.lang.String)
[ERROR]   location: variable novoItem of type com.zlogcompras.model.ItemPedidoCompra
[ERROR] /C:/Users/DELL/ZLOG_COMPRAS/ZLOG_COMPRAS/src/main/java/com/zlogcompras/service/PedidoCompraService.java:[307,21] cannot find symbol
[ERROR]   symbol:   method setUnidadeMedida(java.lang.String)
[ERROR]   location: variable novoItem of type com.zlogcompras.model.ItemPedidoCompra
[ERROR] /C:/Users/DELL/ZLOG_COMPRAS/ZLOG_COMPRAS/src/main/java/com/zlogcompras/service/ProcessoCompraService.java:[196,66] incompatible types: int cannot be converted to java.math.BigDecimal
[ERROR] /C:/Users/DELL/ZLOG_COMPRAS/ZLOG_COMPRAS/src/main/java/com/zlogcompras/service/ProcessoCompraService.java:[201,27] cannot find symbol
[ERROR]   symbol:   method setNomeProduto(java.lang.String)
[ERROR]   location: variable itemPedido of type com.zlogcompras.model.ItemPedidoCompra
[ERROR] /C:/Users/DELL/ZLOG_COMPRAS/ZLOG_COMPRAS/src/main/java/com/zlogcompras/service/ProcessoCompraService.java:[202,27] cannot find symbol
[ERROR]   symbol:   method setCodigoProduto(java.lang.String)
[ERROR]   location: variable itemPedido of type com.zlogcompras.model.ItemPedidoCompra
[ERROR] /C:/Users/DELL/ZLOG_COMPRAS/ZLOG_COMPRAS/src/main/java/com/zlogcompras/service/ProcessoCompraService.java:[204,31] cannot find symbol
[ERROR]   symbol:   method setUnidadeMedida(java.lang.String)
[ERROR]   location: variable itemPedido of type com.zlogcompras.model.ItemPedidoCompra
[ERROR] /C:/Users/DELL/ZLOG_COMPRAS/ZLOG_COMPRAS/src/main/java/com/zlogcompras/service/ProcessoCompraService.java:[206,31] cannot find symbol
[ERROR]   symbol:   method setUnidadeMedida(java.lang.String)
[ERROR]   location: variable itemPedido of type com.zlogcompras.model.ItemPedidoCompra
[ERROR] /C:/Users/DELL/ZLOG_COMPRAS/ZLOG_COMPRAS/src/main/java/com/zlogcompras/service/ProcessoCompraService.java:[209,72] no suitable constructor found for BigDecimal(java.math.BigDecimal)
[ERROR]     constructor java.math.BigDecimal.BigDecimal(char[]) is not applicable
[ERROR]       (argument mismatch; java.math.BigDecimal cannot be converted to char[])
[ERROR]     constructor java.math.BigDecimal.BigDecimal(java.lang.String) is not applicable
[ERROR]       (argument mismatch; java.math.BigDecimal cannot be converted to java.lang.String)
[ERROR]     constructor java.math.BigDecimal.BigDecimal(double) is not applicable
[ERROR]       (argument mismatch; java.math.BigDecimal cannot be converted to double)
[ERROR]     constructor java.math.BigDecimal.BigDecimal(java.math.BigInteger) is not applicable
[ERROR]       (argument mismatch; java.math.BigDecimal cannot be converted to java.math.BigInteger)
[ERROR]     constructor java.math.BigDecimal.BigDecimal(int) is not applicable
[ERROR]       (argument mismatch; java.math.BigDecimal cannot be converted to int)
[ERROR]     constructor java.math.BigDecimal.BigDecimal(long) is not applicable
[ERROR]       (argument mismatch; java.math.BigDecimal cannot be converted to long)
[ERROR] -> [Help 1]
[ERROR] 
[ERROR] To see the full stack trace of the errors, re-run Maven with the -e switch.
[ERROR] Re-run Maven using the -X switch to enable full debug logging.
[ERROR] 
[ERROR] For more information about the errors and possible solutions, please read the following articles:
[ERROR] [Help 1] http://cwiki.apache.org/confluence/display/MAVEN/MojoFailureException
