2025-12-14T11:35:22.385-03:00  INFO 15552 --- [zlog_compras] [restartedMain] com.zlogcompras.ZlogComprasApplication   : Starting ZlogComprasApplication using Java 21.0.9 with PID 15552 (C:\Users\DELL\ZLOG_COMPRAS\ZLOG_COMPRAS\target\classes started by DELL in C:\Users\DELL\ZLOG_COMPRAS)
2025-12-14T11:35:22.414-03:00 DEBUG 15552 --- [zlog_compras] [restartedMain] com.zlogcompras.ZlogComprasApplication   : Running with Spring Boot v3.3.0, Spring v6.1.8
2025-12-14T11:35:22.418-03:00  INFO 15552 --- [zlog_compras] [restartedMain] com.zlogcompras.ZlogComprasApplication   : No active profile set, falling back to 1 default profile: "default"
2025-12-14T11:35:22.549-03:00  INFO 15552 --- [zlog_compras] [restartedMain] .e.DevToolsPropertyDefaultsPostProcessor : Devtools property defaults active! Set 'spring.devtools.add-properties' to 'false' to disable
2025-12-14T11:35:22.551-03:00  INFO 15552 --- [zlog_compras] [restartedMain] .e.DevToolsPropertyDefaultsPostProcessor : For additional web related logging consider setting the 'logging.level.web' property to 'DEBUG'
2025-12-14T11:35:24.837-03:00  INFO 15552 --- [zlog_compras] [restartedMain] .s.d.r.c.RepositoryConfigurationDelegate : Bootstrapping Spring Data JPA repositories in DEFAULT mode.
2025-12-14T11:35:25.023-03:00  INFO 15552 --- [zlog_compras] [restartedMain] .s.d.r.c.RepositoryConfigurationDelegate : Finished Spring Data repository scanning in 174 ms. Found 13 JPA repository interfaces.
2025-12-14T11:35:26.936-03:00  INFO 15552 --- [zlog_compras] [restartedMain] o.s.b.w.embedded.tomcat.TomcatWebServer  : Tomcat initialized with port 8080 (http)
2025-12-14T11:35:26.974-03:00  INFO 15552 --- [zlog_compras] [restartedMain] o.apache.catalina.core.StandardService   : Starting service [Tomcat]
2025-12-14T11:35:26.975-03:00  INFO 15552 --- [zlog_compras] [restartedMain] o.apache.catalina.core.StandardEngine    : Starting Servlet engine: [Apache Tomcat/10.1.24]
2025-12-14T11:35:27.112-03:00  INFO 15552 --- [zlog_compras] [restartedMain] o.a.c.c.C.[Tomcat].[localhost].[/]       : Initializing Spring embedded WebApplicationContext
2025-12-14T11:35:27.113-03:00  INFO 15552 --- [zlog_compras] [restartedMain] w.s.c.ServletWebServerApplicationContext : Root WebApplicationContext: initialization completed in 4560 ms
2025-12-14T11:35:27.407-03:00 DEBUG 15552 --- [zlog_compras] [restartedMain] j.LocalContainerEntityManagerFactoryBean : Building JPA container EntityManagerFactory for persistence unit 'default'
2025-12-14T11:35:27.465-03:00  INFO 15552 --- [zlog_compras] [restartedMain] o.hibernate.jpa.internal.util.LogHelper  : HHH000204: Processing PersistenceUnitInfo [name: default]
2025-12-14T11:35:27.619-03:00  INFO 15552 --- [zlog_compras] [restartedMain] org.hibernate.Version                    : HHH000412: Hibernate ORM core version 6.5.2.Final
2025-12-14T11:35:27.703-03:00  INFO 15552 --- [zlog_compras] [restartedMain] o.h.c.internal.RegionFactoryInitiator    : HHH000026: Second-level cache disabled
2025-12-14T11:35:28.199-03:00  INFO 15552 --- [zlog_compras] [restartedMain] o.s.o.j.p.SpringPersistenceUnitInfo      : No LoadTimeWeaver setup: ignoring JPA class transformer
2025-12-14T11:35:28.244-03:00  INFO 15552 --- [zlog_compras] [restartedMain] com.zaxxer.hikari.HikariDataSource       : HikariPool-1 - Starting...
2025-12-14T11:35:28.584-03:00  INFO 15552 --- [zlog_compras] [restartedMain] com.zaxxer.hikari.pool.HikariPool        : HikariPool-1 - Added connection com.mysql.cj.jdbc.ConnectionImpl@190e53ee
2025-12-14T11:35:28.589-03:00  INFO 15552 --- [zlog_compras] [restartedMain] com.zaxxer.hikari.HikariDataSource       : HikariPool-1 - Start completed.
2025-12-14T11:35:28.718-03:00  WARN 15552 --- [zlog_compras] [restartedMain] org.hibernate.orm.deprecation            : HHH90000025: MySQLDialect does not need to be specified explicitly using 'hibernate.dialect' (remove the property setting and it will be selected by default)
2025-12-14T11:35:30.783-03:00  INFO 15552 --- [zlog_compras] [restartedMain] o.h.e.t.j.p.i.JtaPlatformInitiator       : HHH000489: No JTA platform available (set 'hibernate.transaction.jta.platform' to enable JTA platform integration)
2025-12-14T11:35:30.787-03:00  INFO 15552 --- [zlog_compras] [restartedMain] j.LocalContainerEntityManagerFactoryBean : Initialized JPA EntityManagerFactory for persistence unit 'default'
2025-12-14T11:35:30.864-03:00 DEBUG 15552 --- [zlog_compras] [restartedMain] .c.JpaMetamodelMappingContextFactoryBean : Initializing JpaMetamodelMappingContext…
2025-12-14T11:35:30.889-03:00 DEBUG 15552 --- [zlog_compras] [restartedMain] .c.JpaMetamodelMappingContextFactoryBean : Finished initializing JpaMetamodelMappingContext
2025-12-14T11:35:30.953-03:00 DEBUG 15552 --- [zlog_compras] [restartedMain] tor$SharedEntityManagerInvocationHandler : Creating new EntityManager for shared EntityManager invocation
2025-12-14T11:35:31.031-03:00 DEBUG 15552 --- [zlog_compras] [restartedMain] tor$SharedEntityManagerInvocationHandler : Creating new EntityManager for shared EntityManager invocation
2025-12-14T11:35:31.186-03:00 DEBUG 15552 --- [zlog_compras] [restartedMain] tor$SharedEntityManagerInvocationHandler : Creating new EntityManager for shared EntityManager invocation
2025-12-14T11:35:31.290-03:00 DEBUG 15552 --- [zlog_compras] [restartedMain] o.s.d.jpa.repository.query.NamedQuery    : Looking up named query User.findByUsername
2025-12-14T11:35:31.297-03:00 DEBUG 15552 --- [zlog_compras] [restartedMain] o.s.d.jpa.repository.query.NamedQuery    : Did not find named query User.findByUsername
2025-12-14T11:35:31.305-03:00 DEBUG 15552 --- [zlog_compras] [restartedMain] tor$SharedEntityManagerInvocationHandler : Creating new EntityManager for shared EntityManager invocation
2025-12-14T11:35:31.535-03:00 DEBUG 15552 --- [zlog_compras] [restartedMain] c.z.config.JwtAuthenticationFilter       : Filter 'jwtAuthenticationFilter' configured for use
2025-12-14T11:35:31.637-03:00 TRACE 15552 --- [zlog_compras] [restartedMain] eGlobalAuthenticationAutowiredConfigurer : Eagerly initializing {securityConfig=com.zlogcompras.config.SecurityConfig$$SpringCGLIB$$0@332efb2d}
2025-12-14T11:35:31.703-03:00  INFO 15552 --- [zlog_compras] [restartedMain] eAuthenticationProviderManagerConfigurer : Global AuthenticationManager configured with AuthenticationProvider bean with name authenticationProvider
2025-12-14T11:35:31.705-03:00  WARN 15552 --- [zlog_compras] [restartedMain] r$InitializeUserDetailsManagerConfigurer : Global AuthenticationManager configured with an AuthenticationProvider bean. UserDetailsService beans will not be used for username/password login. Consider removing the AuthenticationProvider bean. Alternatively, consider using the UserDetailsService in a manually instantiated DaoAuthenticationProvider.
2025-12-14T11:35:31.724-03:00 DEBUG 15552 --- [zlog_compras] [restartedMain] tor$SharedEntityManagerInvocationHandler : Creating new EntityManager for shared EntityManager invocation
2025-12-14T11:35:31.735-03:00 DEBUG 15552 --- [zlog_compras] [restartedMain] tor$SharedEntityManagerInvocationHandler : Creating new EntityManager for shared EntityManager invocation
2025-12-14T11:35:31.742-03:00 DEBUG 15552 --- [zlog_compras] [restartedMain] o.s.d.jpa.repository.query.NamedQuery    : Looking up named query Role.findByName
2025-12-14T11:35:31.744-03:00 DEBUG 15552 --- [zlog_compras] [restartedMain] o.s.d.jpa.repository.query.NamedQuery    : Did not find named query Role.findByName
2025-12-14T11:35:31.745-03:00 DEBUG 15552 --- [zlog_compras] [restartedMain] tor$SharedEntityManagerInvocationHandler : Creating new EntityManager for shared EntityManager invocation
2025-12-14T11:35:31.783-03:00 DEBUG 15552 --- [zlog_compras] [restartedMain] tor$SharedEntityManagerInvocationHandler : Creating new EntityManager for shared EntityManager invocation
2025-12-14T11:35:31.804-03:00 DEBUG 15552 --- [zlog_compras] [restartedMain] tor$SharedEntityManagerInvocationHandler : Creating new EntityManager for shared EntityManager invocation
2025-12-14T11:35:31.809-03:00 DEBUG 15552 --- [zlog_compras] [restartedMain] o.s.d.jpa.repository.query.NamedQuery    : Looking up named query Estoque.findByProduto_CodigoProduto
2025-12-14T11:35:31.810-03:00 DEBUG 15552 --- [zlog_compras] [restartedMain] o.s.d.jpa.repository.query.NamedQuery    : Did not find named query Estoque.findByProduto_CodigoProduto
2025-12-14T11:35:31.812-03:00 DEBUG 15552 --- [zlog_compras] [restartedMain] tor$SharedEntityManagerInvocationHandler : Creating new EntityManager for shared EntityManager invocation
2025-12-14T11:35:31.825-03:00 DEBUG 15552 --- [zlog_compras] [restartedMain] o.s.d.jpa.repository.query.NamedQuery    : Looking up named query Estoque.findByProduto
2025-12-14T11:35:31.826-03:00 DEBUG 15552 --- [zlog_compras] [restartedMain] o.s.d.jpa.repository.query.NamedQuery    : Did not find named query Estoque.findByProduto
2025-12-14T11:35:31.827-03:00 DEBUG 15552 --- [zlog_compras] [restartedMain] tor$SharedEntityManagerInvocationHandler : Creating new EntityManager for shared EntityManager invocation
2025-12-14T11:35:31.846-03:00 DEBUG 15552 --- [zlog_compras] [restartedMain] tor$SharedEntityManagerInvocationHandler : Creating new EntityManager for shared EntityManager invocation
2025-12-14T11:35:31.848-03:00 DEBUG 15552 --- [zlog_compras] [restartedMain] tor$SharedEntityManagerInvocationHandler : Creating new EntityManager for shared EntityManager invocation
2025-12-14T11:35:31.850-03:00 DEBUG 15552 --- [zlog_compras] [restartedMain] o.s.d.jpa.repository.query.NamedQuery    : Looking up named query Produto.findByCodigoProduto
2025-12-14T11:35:31.853-03:00 DEBUG 15552 --- [zlog_compras] [restartedMain] o.s.d.jpa.repository.query.NamedQuery    : Did not find named query Produto.findByCodigoProduto
2025-12-14T11:35:31.853-03:00 DEBUG 15552 --- [zlog_compras] [restartedMain] tor$SharedEntityManagerInvocationHandler : Creating new EntityManager for shared EntityManager invocation
2025-12-14T11:35:32.664-03:00 DEBUG 15552 --- [zlog_compras] [restartedMain] tor$SharedEntityManagerInvocationHandler : Creating new EntityManager for shared EntityManager invocation
2025-12-14T11:35:32.673-03:00 DEBUG 15552 --- [zlog_compras] [restartedMain] tor$SharedEntityManagerInvocationHandler : Creating new EntityManager for shared EntityManager invocation
2025-12-14T11:35:32.681-03:00 DEBUG 15552 --- [zlog_compras] [restartedMain] o.s.d.jpa.repository.query.NamedQuery    : Looking up named query Fornecedor.findByCnpj
2025-12-14T11:35:32.683-03:00 DEBUG 15552 --- [zlog_compras] [restartedMain] o.s.d.jpa.repository.query.NamedQuery    : Did not find named query Fornecedor.findByCnpj
2025-12-14T11:35:32.686-03:00 DEBUG 15552 --- [zlog_compras] [restartedMain] tor$SharedEntityManagerInvocationHandler : Creating new EntityManager for shared EntityManager invocation
2025-12-14T11:35:32.718-03:00 DEBUG 15552 --- [zlog_compras] [restartedMain] tor$SharedEntityManagerInvocationHandler : Creating new EntityManager for shared EntityManager invocation
2025-12-14T11:35:32.763-03:00 DEBUG 15552 --- [zlog_compras] [restartedMain] tor$SharedEntityManagerInvocationHandler : Creating new EntityManager for shared EntityManager invocation
2025-12-14T11:35:32.773-03:00 DEBUG 15552 --- [zlog_compras] [restartedMain] o.s.d.jpa.repository.query.NamedQuery    : Looking up named query Orcamento.findBySolicitacaoCompraId
2025-12-14T11:35:32.776-03:00 DEBUG 15552 --- [zlog_compras] [restartedMain] o.s.d.jpa.repository.query.NamedQuery    : Did not find named query Orcamento.findBySolicitacaoCompraId
2025-12-14T11:35:32.776-03:00 DEBUG 15552 --- [zlog_compras] [restartedMain] tor$SharedEntityManagerInvocationHandler : Creating new EntityManager for shared EntityManager invocation
2025-12-14T11:35:32.783-03:00 DEBUG 15552 --- [zlog_compras] [restartedMain] o.s.d.jpa.repository.query.NamedQuery    : Looking up named query Orcamento.findBySolicitacaoCompra_Id
2025-12-14T11:35:32.784-03:00 DEBUG 15552 --- [zlog_compras] [restartedMain] o.s.d.jpa.repository.query.NamedQuery    : Did not find named query Orcamento.findBySolicitacaoCompra_Id
2025-12-14T11:35:32.785-03:00 DEBUG 15552 --- [zlog_compras] [restartedMain] tor$SharedEntityManagerInvocationHandler : Creating new EntityManager for shared EntityManager invocation
2025-12-14T11:35:32.788-03:00 DEBUG 15552 --- [zlog_compras] [restartedMain] o.s.d.jpa.repository.query.NamedQuery    : Looking up named query Orcamento.findByFornecedor_Id
2025-12-14T11:35:32.789-03:00 DEBUG 15552 --- [zlog_compras] [restartedMain] o.s.d.jpa.repository.query.NamedQuery    : Did not find named query Orcamento.findByFornecedor_Id
2025-12-14T11:35:32.790-03:00 DEBUG 15552 --- [zlog_compras] [restartedMain] tor$SharedEntityManagerInvocationHandler : Creating new EntityManager for shared EntityManager invocation
2025-12-14T11:35:32.793-03:00 DEBUG 15552 --- [zlog_compras] [restartedMain] o.s.d.jpa.repository.query.NamedQuery    : Looking up named query Orcamento.findByDataCotacaoBetween
2025-12-14T11:35:32.794-03:00 DEBUG 15552 --- [zlog_compras] [restartedMain] o.s.d.jpa.repository.query.NamedQuery    : Did not find named query Orcamento.findByDataCotacaoBetween
2025-12-14T11:35:32.794-03:00 DEBUG 15552 --- [zlog_compras] [restartedMain] tor$SharedEntityManagerInvocationHandler : Creating new EntityManager for shared EntityManager invocation
2025-12-14T11:35:32.800-03:00 DEBUG 15552 --- [zlog_compras] [restartedMain] o.s.d.jpa.repository.query.NamedQuery    : Looking up named query Orcamento.findBySolicitacaoCompraIdAndIdNot
2025-12-14T11:35:32.802-03:00 DEBUG 15552 --- [zlog_compras] [restartedMain] o.s.d.jpa.repository.query.NamedQuery    : Did not find named query Orcamento.findBySolicitacaoCompraIdAndIdNot
2025-12-14T11:35:32.802-03:00 DEBUG 15552 --- [zlog_compras] [restartedMain] tor$SharedEntityManagerInvocationHandler : Creating new EntityManager for shared EntityManager invocation
2025-12-14T11:35:32.807-03:00 DEBUG 15552 --- [zlog_compras] [restartedMain] o.s.d.jpa.repository.query.NamedQuery    : Looking up named query Orcamento.findByStatus
2025-12-14T11:35:32.808-03:00 DEBUG 15552 --- [zlog_compras] [restartedMain] o.s.d.jpa.repository.query.NamedQuery    : Did not find named query Orcamento.findByStatus
2025-12-14T11:35:32.809-03:00 DEBUG 15552 --- [zlog_compras] [restartedMain] tor$SharedEntityManagerInvocationHandler : Creating new EntityManager for shared EntityManager invocation
2025-12-14T11:35:32.810-03:00 DEBUG 15552 --- [zlog_compras] [restartedMain] o.s.d.jpa.repository.query.NamedQuery    : Looking up named query Orcamento.findBySolicitacaoCompraIdAndIdNotAndStatus
2025-12-14T11:35:32.811-03:00 DEBUG 15552 --- [zlog_compras] [restartedMain] o.s.d.jpa.repository.query.NamedQuery    : Did not find named query Orcamento.findBySolicitacaoCompraIdAndIdNotAndStatus
2025-12-14T11:35:32.811-03:00 DEBUG 15552 --- [zlog_compras] [restartedMain] tor$SharedEntityManagerInvocationHandler : Creating new EntityManager for shared EntityManager invocation
2025-12-14T11:35:32.824-03:00 DEBUG 15552 --- [zlog_compras] [restartedMain] tor$SharedEntityManagerInvocationHandler : Creating new EntityManager for shared EntityManager invocation
2025-12-14T11:35:32.828-03:00 DEBUG 15552 --- [zlog_compras] [restartedMain] tor$SharedEntityManagerInvocationHandler : Creating new EntityManager for shared EntityManager invocation
2025-12-14T11:35:32.851-03:00 DEBUG 15552 --- [zlog_compras] [restartedMain] tor$SharedEntityManagerInvocationHandler : Creating new EntityManager for shared EntityManager invocation
2025-12-14T11:35:32.854-03:00 DEBUG 15552 --- [zlog_compras] [restartedMain] tor$SharedEntityManagerInvocationHandler : Creating new EntityManager for shared EntityManager invocation
2025-12-14T11:35:32.871-03:00 DEBUG 15552 --- [zlog_compras] [restartedMain] o.s.d.jpa.repository.query.NamedQuery    : Looking up named query ItemOrcamento.deleteByProduto_Id
2025-12-14T11:35:32.873-03:00 DEBUG 15552 --- [zlog_compras] [restartedMain] o.s.d.jpa.repository.query.NamedQuery    : Did not find named query ItemOrcamento.deleteByProduto_Id
2025-12-14T11:35:32.873-03:00 DEBUG 15552 --- [zlog_compras] [restartedMain] tor$SharedEntityManagerInvocationHandler : Creating new EntityManager for shared EntityManager invocation
2025-12-14T11:35:32.878-03:00 DEBUG 15552 --- [zlog_compras] [restartedMain] o.s.d.jpa.repository.query.NamedQuery    : Looking up named query ItemOrcamento.findByProduto_Id
2025-12-14T11:35:32.881-03:00 DEBUG 15552 --- [zlog_compras] [restartedMain] o.s.d.jpa.repository.query.NamedQuery    : Did not find named query ItemOrcamento.findByProduto_Id
2025-12-14T11:35:32.883-03:00 DEBUG 15552 --- [zlog_compras] [restartedMain] tor$SharedEntityManagerInvocationHandler : Creating new EntityManager for shared EntityManager invocation
2025-12-14T11:35:32.887-03:00 DEBUG 15552 --- [zlog_compras] [restartedMain] o.s.d.jpa.repository.query.NamedQuery    : Looking up named query ItemOrcamento.findByOrcamento_Id
2025-12-14T11:35:32.889-03:00 DEBUG 15552 --- [zlog_compras] [restartedMain] o.s.d.jpa.repository.query.NamedQuery    : Did not find named query ItemOrcamento.findByOrcamento_Id
2025-12-14T11:35:32.889-03:00 DEBUG 15552 --- [zlog_compras] [restartedMain] tor$SharedEntityManagerInvocationHandler : Creating new EntityManager for shared EntityManager invocation
2025-12-14T11:35:32.927-03:00 DEBUG 15552 --- [zlog_compras] [restartedMain] tor$SharedEntityManagerInvocationHandler : Creating new EntityManager for shared EntityManager invocation
2025-12-14T11:35:32.942-03:00 DEBUG 15552 --- [zlog_compras] [restartedMain] tor$SharedEntityManagerInvocationHandler : Creating new EntityManager for shared EntityManager invocation
2025-12-14T11:35:32.946-03:00 DEBUG 15552 --- [zlog_compras] [restartedMain] o.s.d.jpa.repository.query.NamedQuery    : Looking up named query PedidoCompra.findByStatus
2025-12-14T11:35:32.947-03:00 DEBUG 15552 --- [zlog_compras] [restartedMain] o.s.d.jpa.repository.query.NamedQuery    : Did not find named query PedidoCompra.findByStatus
2025-12-14T11:35:32.947-03:00 DEBUG 15552 --- [zlog_compras] [restartedMain] tor$SharedEntityManagerInvocationHandler : Creating new EntityManager for shared EntityManager invocation
2025-12-14T11:35:32.950-03:00 DEBUG 15552 --- [zlog_compras] [restartedMain] o.s.d.jpa.repository.query.NamedQuery    : Looking up named query PedidoCompra.findByFornecedorId
2025-12-14T11:35:32.952-03:00 DEBUG 15552 --- [zlog_compras] [restartedMain] o.s.d.jpa.repository.query.NamedQuery    : Did not find named query PedidoCompra.findByFornecedorId
2025-12-14T11:35:32.952-03:00 DEBUG 15552 --- [zlog_compras] [restartedMain] tor$SharedEntityManagerInvocationHandler : Creating new EntityManager for shared EntityManager invocation
2025-12-14T11:35:32.954-03:00 DEBUG 15552 --- [zlog_compras] [restartedMain] o.s.d.jpa.repository.query.NamedQuery    : Looking up named query PedidoCompra.existsByOrcamentoId
2025-12-14T11:35:32.955-03:00 DEBUG 15552 --- [zlog_compras] [restartedMain] o.s.d.jpa.repository.query.NamedQuery    : Did not find named query PedidoCompra.existsByOrcamentoId
2025-12-14T11:35:32.955-03:00 DEBUG 15552 --- [zlog_compras] [restartedMain] tor$SharedEntityManagerInvocationHandler : Creating new EntityManager for shared EntityManager invocation
2025-12-14T11:35:32.972-03:00 DEBUG 15552 --- [zlog_compras] [restartedMain] tor$SharedEntityManagerInvocationHandler : Creating new EntityManager for shared EntityManager invocation
2025-12-14T11:35:32.974-03:00 DEBUG 15552 --- [zlog_compras] [restartedMain] tor$SharedEntityManagerInvocationHandler : Creating new EntityManager for shared EntityManager invocation
2025-12-14T11:35:32.977-03:00 DEBUG 15552 --- [zlog_compras] [restartedMain] o.s.d.jpa.repository.query.NamedQuery    : Looking up named query ItemPedidoCompra.findByPedidoCompraId
2025-12-14T11:35:32.978-03:00 DEBUG 15552 --- [zlog_compras] [restartedMain] o.s.d.jpa.repository.query.NamedQuery    : Did not find named query ItemPedidoCompra.findByPedidoCompraId
2025-12-14T11:35:32.979-03:00 DEBUG 15552 --- [zlog_compras] [restartedMain] tor$SharedEntityManagerInvocationHandler : Creating new EntityManager for shared EntityManager invocation
2025-12-14T11:35:33.066-03:00 DEBUG 15552 --- [zlog_compras] [restartedMain] tor$SharedEntityManagerInvocationHandler : Creating new EntityManager for shared EntityManager invocation
2025-12-14T11:35:33.068-03:00 DEBUG 15552 --- [zlog_compras] [restartedMain] tor$SharedEntityManagerInvocationHandler : Creating new EntityManager for shared EntityManager invocation
2025-12-14T11:35:33.072-03:00 DEBUG 15552 --- [zlog_compras] [restartedMain] o.s.d.jpa.repository.query.NamedQuery    : Looking up named query ItemSolicitacaoCompra.findBySolicitacaoCompraId
2025-12-14T11:35:33.072-03:00 DEBUG 15552 --- [zlog_compras] [restartedMain] o.s.d.jpa.repository.query.NamedQuery    : Did not find named query ItemSolicitacaoCompra.findBySolicitacaoCompraId
2025-12-14T11:35:33.073-03:00 DEBUG 15552 --- [zlog_compras] [restartedMain] tor$SharedEntityManagerInvocationHandler : Creating new EntityManager for shared EntityManager invocation
2025-12-14T11:35:33.076-03:00 DEBUG 15552 --- [zlog_compras] [restartedMain] o.s.d.jpa.repository.query.NamedQuery    : Looking up named query ItemSolicitacaoCompra.deleteByProduto_Id
2025-12-14T11:35:33.076-03:00 DEBUG 15552 --- [zlog_compras] [restartedMain] o.s.d.jpa.repository.query.NamedQuery    : Did not find named query ItemSolicitacaoCompra.deleteByProduto_Id
2025-12-14T11:35:33.077-03:00 DEBUG 15552 --- [zlog_compras] [restartedMain] tor$SharedEntityManagerInvocationHandler : Creating new EntityManager for shared EntityManager invocation
2025-12-14T11:35:33.080-03:00 DEBUG 15552 --- [zlog_compras] [restartedMain] o.s.d.jpa.repository.query.NamedQuery    : Looking up named query ItemSolicitacaoCompra.findByProduto_Id
2025-12-14T11:35:33.081-03:00 DEBUG 15552 --- [zlog_compras] [restartedMain] o.s.d.jpa.repository.query.NamedQuery    : Did not find named query ItemSolicitacaoCompra.findByProduto_Id
2025-12-14T11:35:33.081-03:00 DEBUG 15552 --- [zlog_compras] [restartedMain] tor$SharedEntityManagerInvocationHandler : Creating new EntityManager for shared EntityManager invocation
2025-12-14T11:35:33.595-03:00 TRACE 15552 --- [zlog_compras] [restartedMain] s.w.s.m.m.a.RequestMappingHandlerMapping : 
	c.z.c.AuthController:
	{POST [/api/auth/register]}: registerUser(RegisterRequestDTO)
	{POST [/api/auth/login]}: authenticateUser(LoginRequestDTO)
2025-12-14T11:35:33.607-03:00 TRACE 15552 --- [zlog_compras] [restartedMain] s.w.s.m.m.a.RequestMappingHandlerMapping : 
	c.z.c.DashboardController:
	{GET [/api/dashboard/monthly-data]}: getMonthlyData()
	{GET [/api/dashboard/status-data]}: getStatusData()
2025-12-14T11:35:33.620-03:00 TRACE 15552 --- [zlog_compras] [restartedMain] s.w.s.m.m.a.RequestMappingHandlerMapping : 
	c.z.c.EstoqueController:
	{POST [/api/estoques]}: criarEstoque(EstoqueRequestDTO)
	{PUT [/api/estoques/{id}]}: atualizarEstoque(Long,EstoqueRequestDTO)
	{DELETE [/api/estoques/{id}]}: deletarEstoque(Long)
	{GET [/api/estoques/{id}]}: buscarEstoquePorId(Long)
	{GET [/api/estoques/produto/{codigoProduto}]}: buscarEstoquePorCodigoProduto(String)
	{PUT [/api/estoques/{id}/retirar-quantidade]}: retirarQuantidadeEstoque(Long,EstoqueMovimentacaoDTO)
	{PUT [/api/estoques/{id}/adicionar-quantidade]}: adicionarQuantidadeEstoque(Long,EstoqueMovimentacaoDTO)
	{POST [/api/estoques/batch]}: criarMultiplosEstoques(List)
	{GET [/api/estoques]}: listarTodosEstoques()
2025-12-14T11:35:33.638-03:00 TRACE 15552 --- [zlog_compras] [restartedMain] s.w.s.m.m.a.RequestMappingHandlerMapping : 
	c.z.c.FornecedorController:
	{POST [/api/fornecedores]}: criarFornecedor(FornecedorRequestDTO)
	{DELETE [/api/fornecedores/{id}]}: deletarFornecedor(Long)
	{PUT [/api/fornecedores/{id}]}: atualizarFornecedor(Long,FornecedorRequestDTO)
	{GET [/api/fornecedores/{id}]}: buscarFornecedorPorId(Long)
	{GET [/api/fornecedores]}: listarTodosFornecedores()
2025-12-14T11:35:33.646-03:00 TRACE 15552 --- [zlog_compras] [restartedMain] s.w.s.m.m.a.RequestMappingHandlerMapping : 
	c.z.c.OrcamentoController:
	{GET [/api/orcamentos]}: listarOrcamentos()
	{PUT [/api/orcamentos/{id}]}: atualizarOrcamento(Long,OrcamentoRequestDTO)
	{DELETE [/api/orcamentos/{id}]}: deletarOrcamento(Long)
	{PATCH [/api/orcamentos/{id}/recusar]}: recusarOrcamento(Long)
	{PATCH [/api/orcamentos/{id}/concluir]}: concluirOrcamento(Long)
	{PATCH [/api/orcamentos/{id}/aprovar]}: aprovarOrcamento(Long)
	{POST [/api/orcamentos]}: criarOrcamento(OrcamentoRequestDTO)
	{GET [/api/orcamentos/{id}]}: buscarOrcamentoPorId(Long)
	{POST [/api/orcamentos/lote]}: criarOrcamentosEmLote(OrcamentoLoteRequestDTO)
2025-12-14T11:35:33.659-03:00 TRACE 15552 --- [zlog_compras] [restartedMain] s.w.s.m.m.a.RequestMappingHandlerMapping : 
	c.z.c.PedidoCompraController:
	{DELETE [/api/pedidos-compra/{id}]}: deletarPedido(Long)
	{POST [/api/pedidos-compra]}: criarPedidoCompra(PedidoCompraRequestDTO)
	{GET [/api/pedidos-compra]}: listarTodosPedidos()
	{GET [/api/pedidos-compra/{id}]}: buscarPedidoPorId(Long)
	{PUT [/api/pedidos-compra/{id}/cancelar]}: cancelarPedidoCompra(Long)
	{PUT [/api/pedidos-compra/{id}]}: atualizarPedidoCompra(Long,PedidoCompraUpdateDTO)
	{PUT [/api/pedidos-compra/{id}/status]}: atualizarStatusPedido(Long,StatusPedidoCompra)
	{POST [/api/pedidos-compra/{id}/itens]}: adicionarItensAoPedido(Long,List)
2025-12-14T11:35:33.670-03:00 TRACE 15552 --- [zlog_compras] [restartedMain] s.w.s.m.m.a.RequestMappingHandlerMapping : 
	c.z.c.ProcessoCompraController:
	{POST [/api/processo-compra/gerar-pedido/{orcamentoId}]}: gerarPedidoDeCompra(Long)
	{POST [/api/processo-compra/iniciar/{solicitacaoId}]}: iniciarProcessoCompra(Long)
	{PUT [/api/processo-compra/{solicitacaoId}/status/{novoStatus}]}: atualizarStatusSolicitacao(Long,StatusSolicitacaoCompra)
2025-12-14T11:35:33.673-03:00 TRACE 15552 --- [zlog_compras] [restartedMain] s.w.s.m.m.a.RequestMappingHandlerMapping : 
	c.z.c.ProdutoController:
	{POST [/api/produtos]}: criar(Produto)
	{GET [/api/produtos]}: listarTodos()
	{GET [/api/produtos/{id}]}: buscarPorId(Long)
2025-12-14T11:35:33.677-03:00 TRACE 15552 --- [zlog_compras] [restartedMain] s.w.s.m.m.a.RequestMappingHandlerMapping : 
	c.z.c.SolicitacaoCompraController:
	{POST [/api/solicitacoes-compra]}: criarSolicitacao(SolicitacaoCompraRequestDTO)
	{DELETE [/api/solicitacoes-compra/{id}]}: deletarSolicitacao(Long)
	{PUT [/api/solicitacoes-compra/{id}]}: atualizarSolicitacao(Long,SolicitacaoCompraRequestDTO)
	{GET [/api/solicitacoes-compra]}: listarTodasSolicitacoes()
	{GET [/api/solicitacoes-compra/{id}]}: buscarSolicitacaoPorId(Long)
2025-12-14T11:35:33.690-03:00 TRACE 15552 --- [zlog_compras] [restartedMain] s.w.s.m.m.a.RequestMappingHandlerMapping : 
	o.s.b.a.w.s.e.BasicErrorController:
	{ [/error]}: error(HttpServletRequest)
	{ [/error], produces [text/html]}: errorHtml(HttpServletRequest,HttpServletResponse)
2025-12-14T11:35:33.720-03:00 TRACE 15552 --- [zlog_compras] [restartedMain] s.w.s.m.m.a.RequestMappingHandlerMapping : 
	o.s.w.a.OpenApiWebMvcResource:
	{GET [/v3/api-docs], produces [application/json]}: openapiJson(HttpServletRequest,String,Locale)
	{GET [/v3/api-docs.yaml], produces [application/vnd.oai.openapi]}: openapiYaml(HttpServletRequest,String,Locale)
2025-12-14T11:35:33.723-03:00 TRACE 15552 --- [zlog_compras] [restartedMain] s.w.s.m.m.a.RequestMappingHandlerMapping : 
	o.s.w.u.SwaggerWelcomeWebMvc:
	{GET [/swagger-ui.html]}: redirectToUi(HttpServletRequest)
2025-12-14T11:35:33.726-03:00 TRACE 15552 --- [zlog_compras] [restartedMain] s.w.s.m.m.a.RequestMappingHandlerMapping : 
	o.s.w.u.SwaggerConfigResource:
	{GET [/v3/api-docs/swagger-config], produces [application/json]}: openapiJson(HttpServletRequest)
2025-12-14T11:35:33.731-03:00 DEBUG 15552 --- [zlog_compras] [restartedMain] s.w.s.m.m.a.RequestMappingHandlerMapping : 52 mappings in 'requestMappingHandlerMapping'
2025-12-14T11:35:33.896-03:00 DEBUG 15552 --- [zlog_compras] [restartedMain] o.s.w.s.handler.SimpleUrlHandlerMapping  : Patterns [/webjars/**, /**, /swagger-ui*/*swagger-initializer.js, /swagger-ui*/**] in 'resourceHandlerMapping'
2025-12-14T11:35:33.993-03:00  INFO 15552 --- [zlog_compras] [restartedMain] o.s.s.web.DefaultSecurityFilterChain     : Will secure any request with [org.springframework.security.web.session.DisableEncodeUrlFilter@6bb68079, org.springframework.security.web.context.request.async.WebAsyncManagerIntegrationFilter@2ce0ff3f, org.springframework.security.web.context.SecurityContextHolderFilter@50bd1bfd, org.springframework.security.web.header.HeaderWriterFilter@2e782100, org.springframework.web.filter.CorsFilter@2775547a, org.springframework.security.web.authentication.logout.LogoutFilter@50996a62, com.zlogcompras.config.JwtAuthenticationFilter@4b228a31, org.springframework.security.web.savedrequest.RequestCacheAwareFilter@35da135d, org.springframework.security.web.servletapi.SecurityContextHolderAwareRequestFilter@41926617, org.springframework.security.web.authentication.AnonymousAuthenticationFilter@74812b6c, org.springframework.security.web.session.SessionManagementFilter@1cc52233, org.springframework.security.web.access.ExceptionTranslationFilter@30c1daf7, org.springframework.security.web.access.intercept.AuthorizationFilter@38cfebc3]
2025-12-14T11:35:34.165-03:00 DEBUG 15552 --- [zlog_compras] [restartedMain] s.w.s.m.m.a.RequestMappingHandlerAdapter : ControllerAdvice beans: 0 @ModelAttribute, 0 @InitBinder, 1 RequestBodyAdvice, 1 ResponseBodyAdvice
2025-12-14T11:35:34.236-03:00 DEBUG 15552 --- [zlog_compras] [restartedMain] .m.m.a.ExceptionHandlerExceptionResolver : ControllerAdvice beans: 1 @ExceptionHandler, 1 ResponseBodyAdvice
2025-12-14T11:35:34.490-03:00 DEBUG 15552 --- [zlog_compras] [restartedMain] tor$SharedEntityManagerInvocationHandler : Creating new EntityManager for shared EntityManager invocation
2025-12-14T11:35:34.496-03:00 DEBUG 15552 --- [zlog_compras] [restartedMain] tor$SharedEntityManagerInvocationHandler : Creating new EntityManager for shared EntityManager invocation
2025-12-14T11:35:34.500-03:00 DEBUG 15552 --- [zlog_compras] [restartedMain] o.s.d.jpa.repository.query.NamedQuery    : Looking up named query NotaFiscal.findByPedidoCompraId
2025-12-14T11:35:34.501-03:00 DEBUG 15552 --- [zlog_compras] [restartedMain] o.s.d.jpa.repository.query.NamedQuery    : Did not find named query NotaFiscal.findByPedidoCompraId
2025-12-14T11:35:34.502-03:00 DEBUG 15552 --- [zlog_compras] [restartedMain] tor$SharedEntityManagerInvocationHandler : Creating new EntityManager for shared EntityManager invocation
2025-12-14T11:35:34.521-03:00 DEBUG 15552 --- [zlog_compras] [restartedMain] tor$SharedEntityManagerInvocationHandler : Creating new EntityManager for shared EntityManager invocation
2025-12-14T11:35:34.529-03:00 DEBUG 15552 --- [zlog_compras] [restartedMain] tor$SharedEntityManagerInvocationHandler : Creating new EntityManager for shared EntityManager invocation
2025-12-14T11:35:34.536-03:00 DEBUG 15552 --- [zlog_compras] [restartedMain] o.s.d.jpa.repository.query.NamedQuery    : Looking up named query MovimentacaoEstoque.findByCodigoMaterialOrderByDataMovimentacaoDesc
2025-12-14T11:35:34.537-03:00 DEBUG 15552 --- [zlog_compras] [restartedMain] o.s.d.jpa.repository.query.NamedQuery    : Did not find named query MovimentacaoEstoque.findByCodigoMaterialOrderByDataMovimentacaoDesc
2025-12-14T11:35:34.537-03:00 DEBUG 15552 --- [zlog_compras] [restartedMain] tor$SharedEntityManagerInvocationHandler : Creating new EntityManager for shared EntityManager invocation
2025-12-14T11:35:34.731-03:00  WARN 15552 --- [zlog_compras] [restartedMain] o.s.b.d.a.OptionalLiveReloadServer       : Unable to start LiveReload server
2025-12-14T11:35:34.785-03:00  WARN 15552 --- [zlog_compras] [restartedMain] ConfigServletWebServerApplicationContext : Exception encountered during context initialization - cancelling refresh attempt: org.springframework.context.ApplicationContextException: Failed to start bean 'webServerStartStop'
2025-12-14T11:35:34.803-03:00  INFO 15552 --- [zlog_compras] [restartedMain] j.LocalContainerEntityManagerFactoryBean : Closing JPA EntityManagerFactory for persistence unit 'default'
2025-12-14T11:35:34.823-03:00  INFO 15552 --- [zlog_compras] [restartedMain] com.zaxxer.hikari.HikariDataSource       : HikariPool-1 - Shutdown initiated...
2025-12-14T11:35:34.845-03:00  INFO 15552 --- [zlog_compras] [restartedMain] com.zaxxer.hikari.HikariDataSource       : HikariPool-1 - Shutdown completed.
2025-12-14T11:35:34.895-03:00  INFO 15552 --- [zlog_compras] [restartedMain] .s.b.a.l.ConditionEvaluationReportLogger : 

Error starting ApplicationContext. To display the condition evaluation report re-run your application with 'debug' enabled.
2025-12-14T11:35:34.931-03:00 ERROR 15552 --- [zlog_compras] [restartedMain] o.s.b.d.LoggingFailureAnalysisReporter   : 

***************************
APPLICATION FAILED TO START
***************************

Description:

Web server failed to start. Port 8080 was already in use.

Action:

Identify and stop the process that's listening on port 8080 or configure this application to listen on another port.

2025-12-14T11:36:06.301-03:00  INFO 4700 --- [zlog_compras] [restartedMain] com.zlogcompras.ZlogComprasApplication   : Starting ZlogComprasApplication using Java 21.0.9 with PID 4700 (C:\Users\DELL\ZLOG_COMPRAS\ZLOG_COMPRAS\target\classes started by DELL in C:\Users\DELL\ZLOG_COMPRAS)
2025-12-14T11:36:06.307-03:00 DEBUG 4700 --- [zlog_compras] [restartedMain] com.zlogcompras.ZlogComprasApplication   : Running with Spring Boot v3.3.0, Spring v6.1.8
2025-12-14T11:36:06.309-03:00  INFO 4700 --- [zlog_compras] [restartedMain] com.zlogcompras.ZlogComprasApplication   : No active profile set, falling back to 1 default profile: "default"
2025-12-14T11:36:06.446-03:00  INFO 4700 --- [zlog_compras] [restartedMain] .e.DevToolsPropertyDefaultsPostProcessor : Devtools property defaults active! Set 'spring.devtools.add-properties' to 'false' to disable
2025-12-14T11:36:06.448-03:00  INFO 4700 --- [zlog_compras] [restartedMain] .e.DevToolsPropertyDefaultsPostProcessor : For additional web related logging consider setting the 'logging.level.web' property to 'DEBUG'
2025-12-14T11:36:08.505-03:00  INFO 4700 --- [zlog_compras] [restartedMain] .s.d.r.c.RepositoryConfigurationDelegate : Bootstrapping Spring Data JPA repositories in DEFAULT mode.
2025-12-14T11:36:08.724-03:00  INFO 4700 --- [zlog_compras] [restartedMain] .s.d.r.c.RepositoryConfigurationDelegate : Finished Spring Data repository scanning in 200 ms. Found 13 JPA repository interfaces.
2025-12-14T11:36:10.321-03:00  INFO 4700 --- [zlog_compras] [restartedMain] o.s.b.w.embedded.tomcat.TomcatWebServer  : Tomcat initialized with port 8080 (http)
2025-12-14T11:36:10.355-03:00  INFO 4700 --- [zlog_compras] [restartedMain] o.apache.catalina.core.StandardService   : Starting service [Tomcat]
2025-12-14T11:36:10.357-03:00  INFO 4700 --- [zlog_compras] [restartedMain] o.apache.catalina.core.StandardEngine    : Starting Servlet engine: [Apache Tomcat/10.1.24]
2025-12-14T11:36:10.474-03:00  INFO 4700 --- [zlog_compras] [restartedMain] o.a.c.c.C.[Tomcat].[localhost].[/]       : Initializing Spring embedded WebApplicationContext
2025-12-14T11:36:10.475-03:00  INFO 4700 --- [zlog_compras] [restartedMain] w.s.c.ServletWebServerApplicationContext : Root WebApplicationContext: initialization completed in 4015 ms
2025-12-14T11:36:10.776-03:00 DEBUG 4700 --- [zlog_compras] [restartedMain] j.LocalContainerEntityManagerFactoryBean : Building JPA container EntityManagerFactory for persistence unit 'default'
2025-12-14T11:36:10.815-03:00  INFO 4700 --- [zlog_compras] [restartedMain] o.hibernate.jpa.internal.util.LogHelper  : HHH000204: Processing PersistenceUnitInfo [name: default]
2025-12-14T11:36:10.926-03:00  INFO 4700 --- [zlog_compras] [restartedMain] org.hibernate.Version                    : HHH000412: Hibernate ORM core version 6.5.2.Final
2025-12-14T11:36:10.996-03:00  INFO 4700 --- [zlog_compras] [restartedMain] o.h.c.internal.RegionFactoryInitiator    : HHH000026: Second-level cache disabled
2025-12-14T11:36:11.597-03:00  INFO 4700 --- [zlog_compras] [restartedMain] o.s.o.j.p.SpringPersistenceUnitInfo      : No LoadTimeWeaver setup: ignoring JPA class transformer
2025-12-14T11:36:11.668-03:00  INFO 4700 --- [zlog_compras] [restartedMain] com.zaxxer.hikari.HikariDataSource       : HikariPool-1 - Starting...
2025-12-14T11:36:11.902-03:00  INFO 4700 --- [zlog_compras] [restartedMain] com.zaxxer.hikari.pool.HikariPool        : HikariPool-1 - Added connection com.mysql.cj.jdbc.ConnectionImpl@70c120cd
2025-12-14T11:36:11.906-03:00  INFO 4700 --- [zlog_compras] [restartedMain] com.zaxxer.hikari.HikariDataSource       : HikariPool-1 - Start completed.
2025-12-14T11:36:11.983-03:00  WARN 4700 --- [zlog_compras] [restartedMain] org.hibernate.orm.deprecation            : HHH90000025: MySQLDialect does not need to be specified explicitly using 'hibernate.dialect' (remove the property setting and it will be selected by default)
2025-12-14T11:36:13.754-03:00  INFO 4700 --- [zlog_compras] [restartedMain] o.h.e.t.j.p.i.JtaPlatformInitiator       : HHH000489: No JTA platform available (set 'hibernate.transaction.jta.platform' to enable JTA platform integration)
2025-12-14T11:36:13.760-03:00  INFO 4700 --- [zlog_compras] [restartedMain] j.LocalContainerEntityManagerFactoryBean : Initialized JPA EntityManagerFactory for persistence unit 'default'
2025-12-14T11:36:13.825-03:00 DEBUG 4700 --- [zlog_compras] [restartedMain] .c.JpaMetamodelMappingContextFactoryBean : Initializing JpaMetamodelMappingContext…
2025-12-14T11:36:13.852-03:00 DEBUG 4700 --- [zlog_compras] [restartedMain] .c.JpaMetamodelMappingContextFactoryBean : Finished initializing JpaMetamodelMappingContext
2025-12-14T11:36:13.896-03:00 DEBUG 4700 --- [zlog_compras] [restartedMain] tor$SharedEntityManagerInvocationHandler : Creating new EntityManager for shared EntityManager invocation
2025-12-14T11:36:13.961-03:00 DEBUG 4700 --- [zlog_compras] [restartedMain] tor$SharedEntityManagerInvocationHandler : Creating new EntityManager for shared EntityManager invocation
2025-12-14T11:36:14.071-03:00 DEBUG 4700 --- [zlog_compras] [restartedMain] tor$SharedEntityManagerInvocationHandler : Creating new EntityManager for shared EntityManager invocation
2025-12-14T11:36:14.135-03:00 DEBUG 4700 --- [zlog_compras] [restartedMain] o.s.d.jpa.repository.query.NamedQuery    : Looking up named query User.findByUsername
2025-12-14T11:36:14.140-03:00 DEBUG 4700 --- [zlog_compras] [restartedMain] o.s.d.jpa.repository.query.NamedQuery    : Did not find named query User.findByUsername
2025-12-14T11:36:14.145-03:00 DEBUG 4700 --- [zlog_compras] [restartedMain] tor$SharedEntityManagerInvocationHandler : Creating new EntityManager for shared EntityManager invocation
2025-12-14T11:36:14.311-03:00 DEBUG 4700 --- [zlog_compras] [restartedMain] c.z.config.JwtAuthenticationFilter       : Filter 'jwtAuthenticationFilter' configured for use
2025-12-14T11:36:14.399-03:00 TRACE 4700 --- [zlog_compras] [restartedMain] eGlobalAuthenticationAutowiredConfigurer : Eagerly initializing {securityConfig=com.zlogcompras.config.SecurityConfig$$SpringCGLIB$$0@584d7f44}
2025-12-14T11:36:14.470-03:00  INFO 4700 --- [zlog_compras] [restartedMain] eAuthenticationProviderManagerConfigurer : Global AuthenticationManager configured with AuthenticationProvider bean with name authenticationProvider
2025-12-14T11:36:14.471-03:00  WARN 4700 --- [zlog_compras] [restartedMain] r$InitializeUserDetailsManagerConfigurer : Global AuthenticationManager configured with an AuthenticationProvider bean. UserDetailsService beans will not be used for username/password login. Consider removing the AuthenticationProvider bean. Alternatively, consider using the UserDetailsService in a manually instantiated DaoAuthenticationProvider.
2025-12-14T11:36:14.485-03:00 DEBUG 4700 --- [zlog_compras] [restartedMain] tor$SharedEntityManagerInvocationHandler : Creating new EntityManager for shared EntityManager invocation
2025-12-14T11:36:14.492-03:00 DEBUG 4700 --- [zlog_compras] [restartedMain] tor$SharedEntityManagerInvocationHandler : Creating new EntityManager for shared EntityManager invocation
2025-12-14T11:36:14.498-03:00 DEBUG 4700 --- [zlog_compras] [restartedMain] o.s.d.jpa.repository.query.NamedQuery    : Looking up named query Role.findByName
2025-12-14T11:36:14.499-03:00 DEBUG 4700 --- [zlog_compras] [restartedMain] o.s.d.jpa.repository.query.NamedQuery    : Did not find named query Role.findByName
2025-12-14T11:36:14.501-03:00 DEBUG 4700 --- [zlog_compras] [restartedMain] tor$SharedEntityManagerInvocationHandler : Creating new EntityManager for shared EntityManager invocation
2025-12-14T11:36:14.534-03:00 DEBUG 4700 --- [zlog_compras] [restartedMain] tor$SharedEntityManagerInvocationHandler : Creating new EntityManager for shared EntityManager invocation
2025-12-14T11:36:14.569-03:00 DEBUG 4700 --- [zlog_compras] [restartedMain] tor$SharedEntityManagerInvocationHandler : Creating new EntityManager for shared EntityManager invocation
2025-12-14T11:36:14.573-03:00 DEBUG 4700 --- [zlog_compras] [restartedMain] o.s.d.jpa.repository.query.NamedQuery    : Looking up named query Estoque.findByProduto_CodigoProduto
2025-12-14T11:36:14.574-03:00 DEBUG 4700 --- [zlog_compras] [restartedMain] o.s.d.jpa.repository.query.NamedQuery    : Did not find named query Estoque.findByProduto_CodigoProduto
2025-12-14T11:36:14.575-03:00 DEBUG 4700 --- [zlog_compras] [restartedMain] tor$SharedEntityManagerInvocationHandler : Creating new EntityManager for shared EntityManager invocation
2025-12-14T11:36:14.592-03:00 DEBUG 4700 --- [zlog_compras] [restartedMain] o.s.d.jpa.repository.query.NamedQuery    : Looking up named query Estoque.findByProduto
2025-12-14T11:36:14.594-03:00 DEBUG 4700 --- [zlog_compras] [restartedMain] o.s.d.jpa.repository.query.NamedQuery    : Did not find named query Estoque.findByProduto
2025-12-14T11:36:14.595-03:00 DEBUG 4700 --- [zlog_compras] [restartedMain] tor$SharedEntityManagerInvocationHandler : Creating new EntityManager for shared EntityManager invocation
2025-12-14T11:36:14.611-03:00 DEBUG 4700 --- [zlog_compras] [restartedMain] tor$SharedEntityManagerInvocationHandler : Creating new EntityManager for shared EntityManager invocation
2025-12-14T11:36:14.613-03:00 DEBUG 4700 --- [zlog_compras] [restartedMain] tor$SharedEntityManagerInvocationHandler : Creating new EntityManager for shared EntityManager invocation
2025-12-14T11:36:14.617-03:00 DEBUG 4700 --- [zlog_compras] [restartedMain] o.s.d.jpa.repository.query.NamedQuery    : Looking up named query Produto.findByCodigoProduto
2025-12-14T11:36:14.619-03:00 DEBUG 4700 --- [zlog_compras] [restartedMain] o.s.d.jpa.repository.query.NamedQuery    : Did not find named query Produto.findByCodigoProduto
2025-12-14T11:36:14.619-03:00 DEBUG 4700 --- [zlog_compras] [restartedMain] tor$SharedEntityManagerInvocationHandler : Creating new EntityManager for shared EntityManager invocation
2025-12-14T11:36:15.357-03:00 DEBUG 4700 --- [zlog_compras] [restartedMain] tor$SharedEntityManagerInvocationHandler : Creating new EntityManager for shared EntityManager invocation
2025-12-14T11:36:15.363-03:00 DEBUG 4700 --- [zlog_compras] [restartedMain] tor$SharedEntityManagerInvocationHandler : Creating new EntityManager for shared EntityManager invocation
2025-12-14T11:36:15.369-03:00 DEBUG 4700 --- [zlog_compras] [restartedMain] o.s.d.jpa.repository.query.NamedQuery    : Looking up named query Fornecedor.findByCnpj
2025-12-14T11:36:15.370-03:00 DEBUG 4700 --- [zlog_compras] [restartedMain] o.s.d.jpa.repository.query.NamedQuery    : Did not find named query Fornecedor.findByCnpj
2025-12-14T11:36:15.372-03:00 DEBUG 4700 --- [zlog_compras] [restartedMain] tor$SharedEntityManagerInvocationHandler : Creating new EntityManager for shared EntityManager invocation
2025-12-14T11:36:15.404-03:00 DEBUG 4700 --- [zlog_compras] [restartedMain] tor$SharedEntityManagerInvocationHandler : Creating new EntityManager for shared EntityManager invocation
2025-12-14T11:36:15.468-03:00 DEBUG 4700 --- [zlog_compras] [restartedMain] tor$SharedEntityManagerInvocationHandler : Creating new EntityManager for shared EntityManager invocation
2025-12-14T11:36:15.474-03:00 DEBUG 4700 --- [zlog_compras] [restartedMain] o.s.d.jpa.repository.query.NamedQuery    : Looking up named query Orcamento.findBySolicitacaoCompraIdAndIdNot
2025-12-14T11:36:15.475-03:00 DEBUG 4700 --- [zlog_compras] [restartedMain] o.s.d.jpa.repository.query.NamedQuery    : Did not find named query Orcamento.findBySolicitacaoCompraIdAndIdNot
2025-12-14T11:36:15.476-03:00 DEBUG 4700 --- [zlog_compras] [restartedMain] tor$SharedEntityManagerInvocationHandler : Creating new EntityManager for shared EntityManager invocation
2025-12-14T11:36:15.487-03:00 DEBUG 4700 --- [zlog_compras] [restartedMain] o.s.d.jpa.repository.query.NamedQuery    : Looking up named query Orcamento.findByStatus
2025-12-14T11:36:15.489-03:00 DEBUG 4700 --- [zlog_compras] [restartedMain] o.s.d.jpa.repository.query.NamedQuery    : Did not find named query Orcamento.findByStatus
2025-12-14T11:36:15.490-03:00 DEBUG 4700 --- [zlog_compras] [restartedMain] tor$SharedEntityManagerInvocationHandler : Creating new EntityManager for shared EntityManager invocation
2025-12-14T11:36:15.492-03:00 DEBUG 4700 --- [zlog_compras] [restartedMain] o.s.d.jpa.repository.query.NamedQuery    : Looking up named query Orcamento.findBySolicitacaoCompraIdAndIdNotAndStatus
2025-12-14T11:36:15.493-03:00 DEBUG 4700 --- [zlog_compras] [restartedMain] o.s.d.jpa.repository.query.NamedQuery    : Did not find named query Orcamento.findBySolicitacaoCompraIdAndIdNotAndStatus
2025-12-14T11:36:15.496-03:00 DEBUG 4700 --- [zlog_compras] [restartedMain] tor$SharedEntityManagerInvocationHandler : Creating new EntityManager for shared EntityManager invocation
2025-12-14T11:36:15.500-03:00 DEBUG 4700 --- [zlog_compras] [restartedMain] o.s.d.jpa.repository.query.NamedQuery    : Looking up named query Orcamento.findBySolicitacaoCompraId
2025-12-14T11:36:15.501-03:00 DEBUG 4700 --- [zlog_compras] [restartedMain] o.s.d.jpa.repository.query.NamedQuery    : Did not find named query Orcamento.findBySolicitacaoCompraId
2025-12-14T11:36:15.502-03:00 DEBUG 4700 --- [zlog_compras] [restartedMain] tor$SharedEntityManagerInvocationHandler : Creating new EntityManager for shared EntityManager invocation
2025-12-14T11:36:15.505-03:00 DEBUG 4700 --- [zlog_compras] [restartedMain] o.s.d.jpa.repository.query.NamedQuery    : Looking up named query Orcamento.findByFornecedor_Id
2025-12-14T11:36:15.506-03:00 DEBUG 4700 --- [zlog_compras] [restartedMain] o.s.d.jpa.repository.query.NamedQuery    : Did not find named query Orcamento.findByFornecedor_Id
2025-12-14T11:36:15.506-03:00 DEBUG 4700 --- [zlog_compras] [restartedMain] tor$SharedEntityManagerInvocationHandler : Creating new EntityManager for shared EntityManager invocation
2025-12-14T11:36:15.508-03:00 DEBUG 4700 --- [zlog_compras] [restartedMain] o.s.d.jpa.repository.query.NamedQuery    : Looking up named query Orcamento.findByDataCotacaoBetween
2025-12-14T11:36:15.509-03:00 DEBUG 4700 --- [zlog_compras] [restartedMain] o.s.d.jpa.repository.query.NamedQuery    : Did not find named query Orcamento.findByDataCotacaoBetween
2025-12-14T11:36:15.509-03:00 DEBUG 4700 --- [zlog_compras] [restartedMain] tor$SharedEntityManagerInvocationHandler : Creating new EntityManager for shared EntityManager invocation
2025-12-14T11:36:15.513-03:00 DEBUG 4700 --- [zlog_compras] [restartedMain] o.s.d.jpa.repository.query.NamedQuery    : Looking up named query Orcamento.findBySolicitacaoCompra_Id
2025-12-14T11:36:15.515-03:00 DEBUG 4700 --- [zlog_compras] [restartedMain] o.s.d.jpa.repository.query.NamedQuery    : Did not find named query Orcamento.findBySolicitacaoCompra_Id
2025-12-14T11:36:15.515-03:00 DEBUG 4700 --- [zlog_compras] [restartedMain] tor$SharedEntityManagerInvocationHandler : Creating new EntityManager for shared EntityManager invocation
2025-12-14T11:36:15.524-03:00 DEBUG 4700 --- [zlog_compras] [restartedMain] tor$SharedEntityManagerInvocationHandler : Creating new EntityManager for shared EntityManager invocation
2025-12-14T11:36:15.525-03:00 DEBUG 4700 --- [zlog_compras] [restartedMain] tor$SharedEntityManagerInvocationHandler : Creating new EntityManager for shared EntityManager invocation
2025-12-14T11:36:15.543-03:00 DEBUG 4700 --- [zlog_compras] [restartedMain] tor$SharedEntityManagerInvocationHandler : Creating new EntityManager for shared EntityManager invocation
2025-12-14T11:36:15.550-03:00 DEBUG 4700 --- [zlog_compras] [restartedMain] tor$SharedEntityManagerInvocationHandler : Creating new EntityManager for shared EntityManager invocation
2025-12-14T11:36:15.555-03:00 DEBUG 4700 --- [zlog_compras] [restartedMain] o.s.d.jpa.repository.query.NamedQuery    : Looking up named query ItemOrcamento.findByOrcamento_Id
2025-12-14T11:36:15.557-03:00 DEBUG 4700 --- [zlog_compras] [restartedMain] o.s.d.jpa.repository.query.NamedQuery    : Did not find named query ItemOrcamento.findByOrcamento_Id
2025-12-14T11:36:15.558-03:00 DEBUG 4700 --- [zlog_compras] [restartedMain] tor$SharedEntityManagerInvocationHandler : Creating new EntityManager for shared EntityManager invocation
2025-12-14T11:36:15.568-03:00 DEBUG 4700 --- [zlog_compras] [restartedMain] o.s.d.jpa.repository.query.NamedQuery    : Looking up named query ItemOrcamento.findByProduto_Id
2025-12-14T11:36:15.569-03:00 DEBUG 4700 --- [zlog_compras] [restartedMain] o.s.d.jpa.repository.query.NamedQuery    : Did not find named query ItemOrcamento.findByProduto_Id
2025-12-14T11:36:15.570-03:00 DEBUG 4700 --- [zlog_compras] [restartedMain] tor$SharedEntityManagerInvocationHandler : Creating new EntityManager for shared EntityManager invocation
2025-12-14T11:36:15.572-03:00 DEBUG 4700 --- [zlog_compras] [restartedMain] o.s.d.jpa.repository.query.NamedQuery    : Looking up named query ItemOrcamento.deleteByProduto_Id
2025-12-14T11:36:15.572-03:00 DEBUG 4700 --- [zlog_compras] [restartedMain] o.s.d.jpa.repository.query.NamedQuery    : Did not find named query ItemOrcamento.deleteByProduto_Id
2025-12-14T11:36:15.572-03:00 DEBUG 4700 --- [zlog_compras] [restartedMain] tor$SharedEntityManagerInvocationHandler : Creating new EntityManager for shared EntityManager invocation
2025-12-14T11:36:15.593-03:00 DEBUG 4700 --- [zlog_compras] [restartedMain] tor$SharedEntityManagerInvocationHandler : Creating new EntityManager for shared EntityManager invocation
2025-12-14T11:36:15.609-03:00 DEBUG 4700 --- [zlog_compras] [restartedMain] tor$SharedEntityManagerInvocationHandler : Creating new EntityManager for shared EntityManager invocation
2025-12-14T11:36:15.615-03:00 DEBUG 4700 --- [zlog_compras] [restartedMain] o.s.d.jpa.repository.query.NamedQuery    : Looking up named query PedidoCompra.findByFornecedorId
2025-12-14T11:36:15.618-03:00 DEBUG 4700 --- [zlog_compras] [restartedMain] o.s.d.jpa.repository.query.NamedQuery    : Did not find named query PedidoCompra.findByFornecedorId
2025-12-14T11:36:15.619-03:00 DEBUG 4700 --- [zlog_compras] [restartedMain] tor$SharedEntityManagerInvocationHandler : Creating new EntityManager for shared EntityManager invocation
2025-12-14T11:36:15.622-03:00 DEBUG 4700 --- [zlog_compras] [restartedMain] o.s.d.jpa.repository.query.NamedQuery    : Looking up named query PedidoCompra.findByStatus
2025-12-14T11:36:15.624-03:00 DEBUG 4700 --- [zlog_compras] [restartedMain] o.s.d.jpa.repository.query.NamedQuery    : Did not find named query PedidoCompra.findByStatus
2025-12-14T11:36:15.625-03:00 DEBUG 4700 --- [zlog_compras] [restartedMain] tor$SharedEntityManagerInvocationHandler : Creating new EntityManager for shared EntityManager invocation
2025-12-14T11:36:15.629-03:00 DEBUG 4700 --- [zlog_compras] [restartedMain] o.s.d.jpa.repository.query.NamedQuery    : Looking up named query PedidoCompra.existsByOrcamentoId
2025-12-14T11:36:15.630-03:00 DEBUG 4700 --- [zlog_compras] [restartedMain] o.s.d.jpa.repository.query.NamedQuery    : Did not find named query PedidoCompra.existsByOrcamentoId
2025-12-14T11:36:15.631-03:00 DEBUG 4700 --- [zlog_compras] [restartedMain] tor$SharedEntityManagerInvocationHandler : Creating new EntityManager for shared EntityManager invocation
2025-12-14T11:36:15.648-03:00 DEBUG 4700 --- [zlog_compras] [restartedMain] tor$SharedEntityManagerInvocationHandler : Creating new EntityManager for shared EntityManager invocation
2025-12-14T11:36:15.650-03:00 DEBUG 4700 --- [zlog_compras] [restartedMain] tor$SharedEntityManagerInvocationHandler : Creating new EntityManager for shared EntityManager invocation
2025-12-14T11:36:15.653-03:00 DEBUG 4700 --- [zlog_compras] [restartedMain] o.s.d.jpa.repository.query.NamedQuery    : Looking up named query ItemPedidoCompra.findByPedidoCompraId
2025-12-14T11:36:15.654-03:00 DEBUG 4700 --- [zlog_compras] [restartedMain] o.s.d.jpa.repository.query.NamedQuery    : Did not find named query ItemPedidoCompra.findByPedidoCompraId
2025-12-14T11:36:15.655-03:00 DEBUG 4700 --- [zlog_compras] [restartedMain] tor$SharedEntityManagerInvocationHandler : Creating new EntityManager for shared EntityManager invocation
2025-12-14T11:36:15.729-03:00 DEBUG 4700 --- [zlog_compras] [restartedMain] tor$SharedEntityManagerInvocationHandler : Creating new EntityManager for shared EntityManager invocation
2025-12-14T11:36:15.731-03:00 DEBUG 4700 --- [zlog_compras] [restartedMain] tor$SharedEntityManagerInvocationHandler : Creating new EntityManager for shared EntityManager invocation
2025-12-14T11:36:15.733-03:00 DEBUG 4700 --- [zlog_compras] [restartedMain] o.s.d.jpa.repository.query.NamedQuery    : Looking up named query ItemSolicitacaoCompra.findByProduto_Id
2025-12-14T11:36:15.735-03:00 DEBUG 4700 --- [zlog_compras] [restartedMain] o.s.d.jpa.repository.query.NamedQuery    : Did not find named query ItemSolicitacaoCompra.findByProduto_Id
2025-12-14T11:36:15.735-03:00 DEBUG 4700 --- [zlog_compras] [restartedMain] tor$SharedEntityManagerInvocationHandler : Creating new EntityManager for shared EntityManager invocation
2025-12-14T11:36:15.740-03:00 DEBUG 4700 --- [zlog_compras] [restartedMain] o.s.d.jpa.repository.query.NamedQuery    : Looking up named query ItemSolicitacaoCompra.deleteByProduto_Id
2025-12-14T11:36:15.756-03:00 DEBUG 4700 --- [zlog_compras] [restartedMain] o.s.d.jpa.repository.query.NamedQuery    : Did not find named query ItemSolicitacaoCompra.deleteByProduto_Id
2025-12-14T11:36:15.757-03:00 DEBUG 4700 --- [zlog_compras] [restartedMain] tor$SharedEntityManagerInvocationHandler : Creating new EntityManager for shared EntityManager invocation
2025-12-14T11:36:15.759-03:00 DEBUG 4700 --- [zlog_compras] [restartedMain] o.s.d.jpa.repository.query.NamedQuery    : Looking up named query ItemSolicitacaoCompra.findBySolicitacaoCompraId
2025-12-14T11:36:15.759-03:00 DEBUG 4700 --- [zlog_compras] [restartedMain] o.s.d.jpa.repository.query.NamedQuery    : Did not find named query ItemSolicitacaoCompra.findBySolicitacaoCompraId
2025-12-14T11:36:15.760-03:00 DEBUG 4700 --- [zlog_compras] [restartedMain] tor$SharedEntityManagerInvocationHandler : Creating new EntityManager for shared EntityManager invocation
2025-12-14T11:36:16.309-03:00 TRACE 4700 --- [zlog_compras] [restartedMain] s.w.s.m.m.a.RequestMappingHandlerMapping : 
	c.z.c.AuthController:
	{POST [/api/auth/login]}: authenticateUser(LoginRequestDTO)
	{POST [/api/auth/register]}: registerUser(RegisterRequestDTO)
2025-12-14T11:36:16.321-03:00 TRACE 4700 --- [zlog_compras] [restartedMain] s.w.s.m.m.a.RequestMappingHandlerMapping : 
	c.z.c.DashboardController:
	{GET [/api/dashboard/monthly-data]}: getMonthlyData()
	{GET [/api/dashboard/status-data]}: getStatusData()
2025-12-14T11:36:16.334-03:00 TRACE 4700 --- [zlog_compras] [restartedMain] s.w.s.m.m.a.RequestMappingHandlerMapping : 
	c.z.c.EstoqueController:
	{GET [/api/estoques/produto/{codigoProduto}]}: buscarEstoquePorCodigoProduto(String)
	{POST [/api/estoques]}: criarEstoque(EstoqueRequestDTO)
	{PUT [/api/estoques/{id}]}: atualizarEstoque(Long,EstoqueRequestDTO)
	{GET [/api/estoques/{id}]}: buscarEstoquePorId(Long)
	{DELETE [/api/estoques/{id}]}: deletarEstoque(Long)
	{GET [/api/estoques]}: listarTodosEstoques()
	{POST [/api/estoques/batch]}: criarMultiplosEstoques(List)
	{PUT [/api/estoques/{id}/retirar-quantidade]}: retirarQuantidadeEstoque(Long,EstoqueMovimentacaoDTO)
	{PUT [/api/estoques/{id}/adicionar-quantidade]}: adicionarQuantidadeEstoque(Long,EstoqueMovimentacaoDTO)
2025-12-14T11:36:16.352-03:00 TRACE 4700 --- [zlog_compras] [restartedMain] s.w.s.m.m.a.RequestMappingHandlerMapping : 
	c.z.c.FornecedorController:
	{DELETE [/api/fornecedores/{id}]}: deletarFornecedor(Long)
	{POST [/api/fornecedores]}: criarFornecedor(FornecedorRequestDTO)
	{GET [/api/fornecedores]}: listarTodosFornecedores()
	{GET [/api/fornecedores/{id}]}: buscarFornecedorPorId(Long)
	{PUT [/api/fornecedores/{id}]}: atualizarFornecedor(Long,FornecedorRequestDTO)
2025-12-14T11:36:16.360-03:00 TRACE 4700 --- [zlog_compras] [restartedMain] s.w.s.m.m.a.RequestMappingHandlerMapping : 
	c.z.c.OrcamentoController:
	{DELETE [/api/orcamentos/{id}]}: deletarOrcamento(Long)
	{PATCH [/api/orcamentos/{id}/recusar]}: recusarOrcamento(Long)
	{GET [/api/orcamentos]}: listarOrcamentos()
	{PATCH [/api/orcamentos/{id}/aprovar]}: aprovarOrcamento(Long)
	{PATCH [/api/orcamentos/{id}/concluir]}: concluirOrcamento(Long)
	{PUT [/api/orcamentos/{id}]}: atualizarOrcamento(Long,OrcamentoRequestDTO)
	{POST [/api/orcamentos]}: criarOrcamento(OrcamentoRequestDTO)
	{POST [/api/orcamentos/lote]}: criarOrcamentosEmLote(OrcamentoLoteRequestDTO)
	{GET [/api/orcamentos/{id}]}: buscarOrcamentoPorId(Long)
2025-12-14T11:36:16.384-03:00 TRACE 4700 --- [zlog_compras] [restartedMain] s.w.s.m.m.a.RequestMappingHandlerMapping : 
	c.z.c.PedidoCompraController:
	{GET [/api/pedidos-compra/{id}]}: buscarPedidoPorId(Long)
	{GET [/api/pedidos-compra]}: listarTodosPedidos()
	{POST [/api/pedidos-compra]}: criarPedidoCompra(PedidoCompraRequestDTO)
	{DELETE [/api/pedidos-compra/{id}]}: deletarPedido(Long)
	{PUT [/api/pedidos-compra/{id}/status]}: atualizarStatusPedido(Long,StatusPedidoCompra)
	{POST [/api/pedidos-compra/{id}/itens]}: adicionarItensAoPedido(Long,List)
	{PUT [/api/pedidos-compra/{id}/cancelar]}: cancelarPedidoCompra(Long)
	{PUT [/api/pedidos-compra/{id}]}: atualizarPedidoCompra(Long,PedidoCompraUpdateDTO)
2025-12-14T11:36:16.406-03:00 TRACE 4700 --- [zlog_compras] [restartedMain] s.w.s.m.m.a.RequestMappingHandlerMapping : 
	c.z.c.ProcessoCompraController:
	{POST [/api/processo-compra/gerar-pedido/{orcamentoId}]}: gerarPedidoDeCompra(Long)
	{POST [/api/processo-compra/iniciar/{solicitacaoId}]}: iniciarProcessoCompra(Long)
	{PUT [/api/processo-compra/{solicitacaoId}/status/{novoStatus}]}: atualizarStatusSolicitacao(Long,StatusSolicitacaoCompra)
2025-12-14T11:36:16.411-03:00 TRACE 4700 --- [zlog_compras] [restartedMain] s.w.s.m.m.a.RequestMappingHandlerMapping : 
	c.z.c.ProdutoController:
	{GET [/api/produtos]}: listarTodos()
	{GET [/api/produtos/{id}]}: buscarPorId(Long)
	{POST [/api/produtos]}: criar(Produto)
2025-12-14T11:36:16.424-03:00 TRACE 4700 --- [zlog_compras] [restartedMain] s.w.s.m.m.a.RequestMappingHandlerMapping : 
	c.z.c.SolicitacaoCompraController:
	{DELETE [/api/solicitacoes-compra/{id}]}: deletarSolicitacao(Long)
	{POST [/api/solicitacoes-compra]}: criarSolicitacao(SolicitacaoCompraRequestDTO)
	{GET [/api/solicitacoes-compra]}: listarTodasSolicitacoes()
	{GET [/api/solicitacoes-compra/{id}]}: buscarSolicitacaoPorId(Long)
	{PUT [/api/solicitacoes-compra/{id}]}: atualizarSolicitacao(Long,SolicitacaoCompraRequestDTO)
2025-12-14T11:36:16.453-03:00 TRACE 4700 --- [zlog_compras] [restartedMain] s.w.s.m.m.a.RequestMappingHandlerMapping : 
	o.s.b.a.w.s.e.BasicErrorController:
	{ [/error]}: error(HttpServletRequest)
	{ [/error], produces [text/html]}: errorHtml(HttpServletRequest,HttpServletResponse)
2025-12-14T11:36:16.482-03:00 TRACE 4700 --- [zlog_compras] [restartedMain] s.w.s.m.m.a.RequestMappingHandlerMapping : 
	o.s.w.a.OpenApiWebMvcResource:
	{GET [/v3/api-docs], produces [application/json]}: openapiJson(HttpServletRequest,String,Locale)
	{GET [/v3/api-docs.yaml], produces [application/vnd.oai.openapi]}: openapiYaml(HttpServletRequest,String,Locale)
2025-12-14T11:36:16.486-03:00 TRACE 4700 --- [zlog_compras] [restartedMain] s.w.s.m.m.a.RequestMappingHandlerMapping : 
	o.s.w.u.SwaggerWelcomeWebMvc:
	{GET [/swagger-ui.html]}: redirectToUi(HttpServletRequest)
2025-12-14T11:36:16.488-03:00 TRACE 4700 --- [zlog_compras] [restartedMain] s.w.s.m.m.a.RequestMappingHandlerMapping : 
	o.s.w.u.SwaggerConfigResource:
	{GET [/v3/api-docs/swagger-config], produces [application/json]}: openapiJson(HttpServletRequest)
2025-12-14T11:36:16.492-03:00 DEBUG 4700 --- [zlog_compras] [restartedMain] s.w.s.m.m.a.RequestMappingHandlerMapping : 52 mappings in 'requestMappingHandlerMapping'
2025-12-14T11:36:16.655-03:00 DEBUG 4700 --- [zlog_compras] [restartedMain] o.s.w.s.handler.SimpleUrlHandlerMapping  : Patterns [/webjars/**, /**, /swagger-ui*/*swagger-initializer.js, /swagger-ui*/**] in 'resourceHandlerMapping'
2025-12-14T11:36:16.744-03:00  INFO 4700 --- [zlog_compras] [restartedMain] o.s.s.web.DefaultSecurityFilterChain     : Will secure any request with [org.springframework.security.web.session.DisableEncodeUrlFilter@77884e2, org.springframework.security.web.context.request.async.WebAsyncManagerIntegrationFilter@4082ca04, org.springframework.security.web.context.SecurityContextHolderFilter@20ffcf1a, org.springframework.security.web.header.HeaderWriterFilter@42b8ce24, org.springframework.web.filter.CorsFilter@245c762d, org.springframework.security.web.authentication.logout.LogoutFilter@2a300158, com.zlogcompras.config.JwtAuthenticationFilter@7c870e17, org.springframework.security.web.savedrequest.RequestCacheAwareFilter@24e32a9c, org.springframework.security.web.servletapi.SecurityContextHolderAwareRequestFilter@5f7a7004, org.springframework.security.web.authentication.AnonymousAuthenticationFilter@75726a44, org.springframework.security.web.session.SessionManagementFilter@6b7cdd49, org.springframework.security.web.access.ExceptionTranslationFilter@7f274e8a, org.springframework.security.web.access.intercept.AuthorizationFilter@7226a37a]
2025-12-14T11:36:16.900-03:00 DEBUG 4700 --- [zlog_compras] [restartedMain] s.w.s.m.m.a.RequestMappingHandlerAdapter : ControllerAdvice beans: 0 @ModelAttribute, 0 @InitBinder, 1 RequestBodyAdvice, 1 ResponseBodyAdvice
2025-12-14T11:36:16.959-03:00 DEBUG 4700 --- [zlog_compras] [restartedMain] .m.m.a.ExceptionHandlerExceptionResolver : ControllerAdvice beans: 1 @ExceptionHandler, 1 ResponseBodyAdvice
2025-12-14T11:36:17.170-03:00 DEBUG 4700 --- [zlog_compras] [restartedMain] tor$SharedEntityManagerInvocationHandler : Creating new EntityManager for shared EntityManager invocation
2025-12-14T11:36:17.175-03:00 DEBUG 4700 --- [zlog_compras] [restartedMain] tor$SharedEntityManagerInvocationHandler : Creating new EntityManager for shared EntityManager invocation
2025-12-14T11:36:17.180-03:00 DEBUG 4700 --- [zlog_compras] [restartedMain] o.s.d.jpa.repository.query.NamedQuery    : Looking up named query NotaFiscal.findByPedidoCompraId
2025-12-14T11:36:17.181-03:00 DEBUG 4700 --- [zlog_compras] [restartedMain] o.s.d.jpa.repository.query.NamedQuery    : Did not find named query NotaFiscal.findByPedidoCompraId
2025-12-14T11:36:17.182-03:00 DEBUG 4700 --- [zlog_compras] [restartedMain] tor$SharedEntityManagerInvocationHandler : Creating new EntityManager for shared EntityManager invocation
2025-12-14T11:36:17.207-03:00 DEBUG 4700 --- [zlog_compras] [restartedMain] tor$SharedEntityManagerInvocationHandler : Creating new EntityManager for shared EntityManager invocation
2025-12-14T11:36:17.212-03:00 DEBUG 4700 --- [zlog_compras] [restartedMain] tor$SharedEntityManagerInvocationHandler : Creating new EntityManager for shared EntityManager invocation
2025-12-14T11:36:17.216-03:00 DEBUG 4700 --- [zlog_compras] [restartedMain] o.s.d.jpa.repository.query.NamedQuery    : Looking up named query MovimentacaoEstoque.findByCodigoMaterialOrderByDataMovimentacaoDesc
2025-12-14T11:36:17.217-03:00 DEBUG 4700 --- [zlog_compras] [restartedMain] o.s.d.jpa.repository.query.NamedQuery    : Did not find named query MovimentacaoEstoque.findByCodigoMaterialOrderByDataMovimentacaoDesc
2025-12-14T11:36:17.217-03:00 DEBUG 4700 --- [zlog_compras] [restartedMain] tor$SharedEntityManagerInvocationHandler : Creating new EntityManager for shared EntityManager invocation
2025-12-14T11:36:17.350-03:00  INFO 4700 --- [zlog_compras] [restartedMain] o.s.b.d.a.OptionalLiveReloadServer       : LiveReload server is running on port 35729
2025-12-14T11:36:17.423-03:00  INFO 4700 --- [zlog_compras] [restartedMain] o.s.b.w.embedded.tomcat.TomcatWebServer  : Tomcat started on port 8080 (http) with context path '/'
2025-12-14T11:36:17.435-03:00  INFO 4700 --- [zlog_compras] [restartedMain] com.zlogcompras.ZlogComprasApplication   : Started ZlogComprasApplication in 12.045 seconds (process running for 13.274)
2025-12-14T11:36:17.449-03:00 DEBUG 4700 --- [zlog_compras] [restartedMain] tor$SharedEntityManagerInvocationHandler : Creating new EntityManager for shared EntityManager invocation
2025-12-14T11:36:17.618-03:00 DEBUG 4700 --- [zlog_compras] [restartedMain] org.hibernate.SQL                        : 
    select
        r1_0.id,
        r1_0.name 
    from
        roles r1_0 
    where
        r1_0.name=?
2025-12-14T11:36:17.628-03:00 TRACE 4700 --- [zlog_compras] [restartedMain] org.hibernate.orm.jdbc.bind              : binding parameter (1:VARCHAR) <- [ROLE_USER]
2025-12-14T11:36:17.674-03:00 DEBUG 4700 --- [zlog_compras] [restartedMain] tor$SharedEntityManagerInvocationHandler : Creating new EntityManager for shared EntityManager invocation
2025-12-14T11:36:17.676-03:00 DEBUG 4700 --- [zlog_compras] [restartedMain] org.hibernate.SQL                        : 
    select
        r1_0.id,
        r1_0.name 
    from
        roles r1_0 
    where
        r1_0.name=?
2025-12-14T11:36:17.677-03:00 TRACE 4700 --- [zlog_compras] [restartedMain] org.hibernate.orm.jdbc.bind              : binding parameter (1:VARCHAR) <- [ROLE_ADMIN]
